Start testing: Apr 28 15:39 EDT
----------------------------------------------------------
1/553 Testing: ArrayQueueNaturalNumber.InitializerDefTest
1/553 Test: ArrayQueueNaturalNumber.InitializerDefTest
Command: "/mnt/c/Users/rache/OneDrive/Desktop/forked_cleanpplib/cleanpplib/cleanpp-gtest/build/TestArrayQueueNaturalNumber" "--gtest_filter=ArrayQueueNaturalNumber.InitializerDefTest" "--gtest_also_run_disabled_tests"
Directory: /mnt/c/Users/rache/OneDrive/Desktop/forked_cleanpplib/cleanpplib/cleanpp-gtest/build
"ArrayQueueNaturalNumber.InitializerDefTest" start time: Apr 28 15:39 EDT
Output:
----------------------------------------------------------
Running main() from /mnt/c/Users/rache/OneDrive/Desktop/forked_cleanpplib/cleanpplib/cleanpp-gtest/build/_deps/googletest-src/googletest/src/gtest_main.cc
Note: Google Test filter = ArrayQueueNaturalNumber.InitializerDefTest
[==========] Running 1 test from 1 test suite.
[----------] Global test environment set-up.
[----------] 1 test from ArrayQueueNaturalNumber
[ RUN      ] ArrayQueueNaturalNumber.InitializerDefTest
[       OK ] ArrayQueueNaturalNumber.InitializerDefTest (0 ms)
[----------] 1 test from ArrayQueueNaturalNumber (0 ms total)

[----------] Global test environment tear-down
[==========] 1 test from 1 test suite ran. (0 ms total)
[  PASSED  ] 1 test.
<end of output>
Test time =   0.03 sec
----------------------------------------------------------
Test Passed.
"ArrayQueueNaturalNumber.InitializerDefTest" end time: Apr 28 15:39 EDT
"ArrayQueueNaturalNumber.InitializerDefTest" time elapsed: 00:00:00
----------------------------------------------------------

2/553 Testing: ArrayQueueNaturalNumber.ClearEmptyTest
2/553 Test: ArrayQueueNaturalNumber.ClearEmptyTest
Command: "/mnt/c/Users/rache/OneDrive/Desktop/forked_cleanpplib/cleanpplib/cleanpp-gtest/build/TestArrayQueueNaturalNumber" "--gtest_filter=ArrayQueueNaturalNumber.ClearEmptyTest" "--gtest_also_run_disabled_tests"
Directory: /mnt/c/Users/rache/OneDrive/Desktop/forked_cleanpplib/cleanpplib/cleanpp-gtest/build
"ArrayQueueNaturalNumber.ClearEmptyTest" start time: Apr 28 15:39 EDT
Output:
----------------------------------------------------------
Running main() from /mnt/c/Users/rache/OneDrive/Desktop/forked_cleanpplib/cleanpplib/cleanpp-gtest/build/_deps/googletest-src/googletest/src/gtest_main.cc
Note: Google Test filter = ArrayQueueNaturalNumber.ClearEmptyTest
[==========] Running 1 test from 1 test suite.
[----------] Global test environment set-up.
[----------] 1 test from ArrayQueueNaturalNumber
[ RUN      ] ArrayQueueNaturalNumber.ClearEmptyTest
[       OK ] ArrayQueueNaturalNumber.ClearEmptyTest (0 ms)
[----------] 1 test from ArrayQueueNaturalNumber (0 ms total)

[----------] Global test environment tear-down
[==========] 1 test from 1 test suite ran. (1 ms total)
[  PASSED  ] 1 test.
<end of output>
Test time =   0.04 sec
----------------------------------------------------------
Test Passed.
"ArrayQueueNaturalNumber.ClearEmptyTest" end time: Apr 28 15:39 EDT
"ArrayQueueNaturalNumber.ClearEmptyTest" time elapsed: 00:00:00
----------------------------------------------------------

3/553 Testing: ArrayQueueNaturalNumber.ClearSingleElementTest
3/553 Test: ArrayQueueNaturalNumber.ClearSingleElementTest
Command: "/mnt/c/Users/rache/OneDrive/Desktop/forked_cleanpplib/cleanpplib/cleanpp-gtest/build/TestArrayQueueNaturalNumber" "--gtest_filter=ArrayQueueNaturalNumber.ClearSingleElementTest" "--gtest_also_run_disabled_tests"
Directory: /mnt/c/Users/rache/OneDrive/Desktop/forked_cleanpplib/cleanpplib/cleanpp-gtest/build
"ArrayQueueNaturalNumber.ClearSingleElementTest" start time: Apr 28 15:39 EDT
Output:
----------------------------------------------------------
Running main() from /mnt/c/Users/rache/OneDrive/Desktop/forked_cleanpplib/cleanpplib/cleanpp-gtest/build/_deps/googletest-src/googletest/src/gtest_main.cc
Note: Google Test filter = ArrayQueueNaturalNumber.ClearSingleElementTest
[==========] Running 1 test from 1 test suite.
[----------] Global test environment set-up.
[----------] 1 test from ArrayQueueNaturalNumber
[ RUN      ] ArrayQueueNaturalNumber.ClearSingleElementTest
[       OK ] ArrayQueueNaturalNumber.ClearSingleElementTest (0 ms)
[----------] 1 test from ArrayQueueNaturalNumber (0 ms total)

[----------] Global test environment tear-down
[==========] 1 test from 1 test suite ran. (0 ms total)
[  PASSED  ] 1 test.
<end of output>
Test time =   0.05 sec
----------------------------------------------------------
Test Passed.
"ArrayQueueNaturalNumber.ClearSingleElementTest" end time: Apr 28 15:39 EDT
"ArrayQueueNaturalNumber.ClearSingleElementTest" time elapsed: 00:00:00
----------------------------------------------------------

4/553 Testing: ArrayQueueNaturalNumber.ClearManyElementsTest
4/553 Test: ArrayQueueNaturalNumber.ClearManyElementsTest
Command: "/mnt/c/Users/rache/OneDrive/Desktop/forked_cleanpplib/cleanpplib/cleanpp-gtest/build/TestArrayQueueNaturalNumber" "--gtest_filter=ArrayQueueNaturalNumber.ClearManyElementsTest" "--gtest_also_run_disabled_tests"
Directory: /mnt/c/Users/rache/OneDrive/Desktop/forked_cleanpplib/cleanpplib/cleanpp-gtest/build
"ArrayQueueNaturalNumber.ClearManyElementsTest" start time: Apr 28 15:39 EDT
Output:
----------------------------------------------------------
Running main() from /mnt/c/Users/rache/OneDrive/Desktop/forked_cleanpplib/cleanpplib/cleanpp-gtest/build/_deps/googletest-src/googletest/src/gtest_main.cc
Note: Google Test filter = ArrayQueueNaturalNumber.ClearManyElementsTest
[==========] Running 1 test from 1 test suite.
[----------] Global test environment set-up.
[----------] 1 test from ArrayQueueNaturalNumber
[ RUN      ] ArrayQueueNaturalNumber.ClearManyElementsTest
[       OK ] ArrayQueueNaturalNumber.ClearManyElementsTest (0 ms)
[----------] 1 test from ArrayQueueNaturalNumber (0 ms total)

[----------] Global test environment tear-down
[==========] 1 test from 1 test suite ran. (0 ms total)
[  PASSED  ] 1 test.
<end of output>
Test time =   0.04 sec
----------------------------------------------------------
Test Passed.
"ArrayQueueNaturalNumber.ClearManyElementsTest" end time: Apr 28 15:39 EDT
"ArrayQueueNaturalNumber.ClearManyElementsTest" time elapsed: 00:00:00
----------------------------------------------------------

5/553 Testing: ArrayQueueNaturalNumber.IsEmpty_EmptyTest
5/553 Test: ArrayQueueNaturalNumber.IsEmpty_EmptyTest
Command: "/mnt/c/Users/rache/OneDrive/Desktop/forked_cleanpplib/cleanpplib/cleanpp-gtest/build/TestArrayQueueNaturalNumber" "--gtest_filter=ArrayQueueNaturalNumber.IsEmpty_EmptyTest" "--gtest_also_run_disabled_tests"
Directory: /mnt/c/Users/rache/OneDrive/Desktop/forked_cleanpplib/cleanpplib/cleanpp-gtest/build
"ArrayQueueNaturalNumber.IsEmpty_EmptyTest" start time: Apr 28 15:39 EDT
Output:
----------------------------------------------------------
Running main() from /mnt/c/Users/rache/OneDrive/Desktop/forked_cleanpplib/cleanpplib/cleanpp-gtest/build/_deps/googletest-src/googletest/src/gtest_main.cc
Note: Google Test filter = ArrayQueueNaturalNumber.IsEmpty_EmptyTest
[==========] Running 1 test from 1 test suite.
[----------] Global test environment set-up.
[----------] 1 test from ArrayQueueNaturalNumber
[ RUN      ] ArrayQueueNaturalNumber.IsEmpty_EmptyTest
[       OK ] ArrayQueueNaturalNumber.IsEmpty_EmptyTest (0 ms)
[----------] 1 test from ArrayQueueNaturalNumber (0 ms total)

[----------] Global test environment tear-down
[==========] 1 test from 1 test suite ran. (0 ms total)
[  PASSED  ] 1 test.
<end of output>
Test time =   0.04 sec
----------------------------------------------------------
Test Passed.
"ArrayQueueNaturalNumber.IsEmpty_EmptyTest" end time: Apr 28 15:39 EDT
"ArrayQueueNaturalNumber.IsEmpty_EmptyTest" time elapsed: 00:00:00
----------------------------------------------------------

6/553 Testing: ArrayQueueNaturalNumber.IsEmpty_NonEmptyTest
6/553 Test: ArrayQueueNaturalNumber.IsEmpty_NonEmptyTest
Command: "/mnt/c/Users/rache/OneDrive/Desktop/forked_cleanpplib/cleanpplib/cleanpp-gtest/build/TestArrayQueueNaturalNumber" "--gtest_filter=ArrayQueueNaturalNumber.IsEmpty_NonEmptyTest" "--gtest_also_run_disabled_tests"
Directory: /mnt/c/Users/rache/OneDrive/Desktop/forked_cleanpplib/cleanpplib/cleanpp-gtest/build
"ArrayQueueNaturalNumber.IsEmpty_NonEmptyTest" start time: Apr 28 15:39 EDT
Output:
----------------------------------------------------------
Running main() from /mnt/c/Users/rache/OneDrive/Desktop/forked_cleanpplib/cleanpplib/cleanpp-gtest/build/_deps/googletest-src/googletest/src/gtest_main.cc
Note: Google Test filter = ArrayQueueNaturalNumber.IsEmpty_NonEmptyTest
[==========] Running 1 test from 1 test suite.
[----------] Global test environment set-up.
[----------] 1 test from ArrayQueueNaturalNumber
[ RUN      ] ArrayQueueNaturalNumber.IsEmpty_NonEmptyTest
[       OK ] ArrayQueueNaturalNumber.IsEmpty_NonEmptyTest (0 ms)
[----------] 1 test from ArrayQueueNaturalNumber (0 ms total)

[----------] Global test environment tear-down
[==========] 1 test from 1 test suite ran. (0 ms total)
[  PASSED  ] 1 test.
<end of output>
Test time =   0.05 sec
----------------------------------------------------------
Test Passed.
"ArrayQueueNaturalNumber.IsEmpty_NonEmptyTest" end time: Apr 28 15:39 EDT
"ArrayQueueNaturalNumber.IsEmpty_NonEmptyTest" time elapsed: 00:00:00
----------------------------------------------------------

7/553 Testing: ArrayQueueNaturalNumber.IsEmpty_Empty_EnqDeqTest
7/553 Test: ArrayQueueNaturalNumber.IsEmpty_Empty_EnqDeqTest
Command: "/mnt/c/Users/rache/OneDrive/Desktop/forked_cleanpplib/cleanpplib/cleanpp-gtest/build/TestArrayQueueNaturalNumber" "--gtest_filter=ArrayQueueNaturalNumber.IsEmpty_Empty_EnqDeqTest" "--gtest_also_run_disabled_tests"
Directory: /mnt/c/Users/rache/OneDrive/Desktop/forked_cleanpplib/cleanpplib/cleanpp-gtest/build
"ArrayQueueNaturalNumber.IsEmpty_Empty_EnqDeqTest" start time: Apr 28 15:39 EDT
Output:
----------------------------------------------------------
Running main() from /mnt/c/Users/rache/OneDrive/Desktop/forked_cleanpplib/cleanpplib/cleanpp-gtest/build/_deps/googletest-src/googletest/src/gtest_main.cc
Note: Google Test filter = ArrayQueueNaturalNumber.IsEmpty_Empty_EnqDeqTest
[==========] Running 1 test from 1 test suite.
[----------] Global test environment set-up.
[----------] 1 test from ArrayQueueNaturalNumber
[ RUN      ] ArrayQueueNaturalNumber.IsEmpty_Empty_EnqDeqTest
[       OK ] ArrayQueueNaturalNumber.IsEmpty_Empty_EnqDeqTest (0 ms)
[----------] 1 test from ArrayQueueNaturalNumber (0 ms total)

[----------] Global test environment tear-down
[==========] 1 test from 1 test suite ran. (0 ms total)
[  PASSED  ] 1 test.
<end of output>
Test time =   0.04 sec
----------------------------------------------------------
Test Passed.
"ArrayQueueNaturalNumber.IsEmpty_Empty_EnqDeqTest" end time: Apr 28 15:39 EDT
"ArrayQueueNaturalNumber.IsEmpty_Empty_EnqDeqTest" time elapsed: 00:00:00
----------------------------------------------------------

8/553 Testing: ArrayQueueNaturalNumber.EnqueueToEmptyTest
8/553 Test: ArrayQueueNaturalNumber.EnqueueToEmptyTest
Command: "/mnt/c/Users/rache/OneDrive/Desktop/forked_cleanpplib/cleanpplib/cleanpp-gtest/build/TestArrayQueueNaturalNumber" "--gtest_filter=ArrayQueueNaturalNumber.EnqueueToEmptyTest" "--gtest_also_run_disabled_tests"
Directory: /mnt/c/Users/rache/OneDrive/Desktop/forked_cleanpplib/cleanpplib/cleanpp-gtest/build
"ArrayQueueNaturalNumber.EnqueueToEmptyTest" start time: Apr 28 15:39 EDT
Output:
----------------------------------------------------------
Running main() from /mnt/c/Users/rache/OneDrive/Desktop/forked_cleanpplib/cleanpplib/cleanpp-gtest/build/_deps/googletest-src/googletest/src/gtest_main.cc
Note: Google Test filter = ArrayQueueNaturalNumber.EnqueueToEmptyTest
[==========] Running 1 test from 1 test suite.
[----------] Global test environment set-up.
[----------] 1 test from ArrayQueueNaturalNumber
[ RUN      ] ArrayQueueNaturalNumber.EnqueueToEmptyTest
[       OK ] ArrayQueueNaturalNumber.EnqueueToEmptyTest (0 ms)
[----------] 1 test from ArrayQueueNaturalNumber (0 ms total)

[----------] Global test environment tear-down
[==========] 1 test from 1 test suite ran. (0 ms total)
[  PASSED  ] 1 test.
<end of output>
Test time =   0.05 sec
----------------------------------------------------------
Test Passed.
"ArrayQueueNaturalNumber.EnqueueToEmptyTest" end time: Apr 28 15:39 EDT
"ArrayQueueNaturalNumber.EnqueueToEmptyTest" time elapsed: 00:00:00
----------------------------------------------------------

9/553 Testing: ArrayQueueNaturalNumber.EnqueueToNonEmptyTest
9/553 Test: ArrayQueueNaturalNumber.EnqueueToNonEmptyTest
Command: "/mnt/c/Users/rache/OneDrive/Desktop/forked_cleanpplib/cleanpplib/cleanpp-gtest/build/TestArrayQueueNaturalNumber" "--gtest_filter=ArrayQueueNaturalNumber.EnqueueToNonEmptyTest" "--gtest_also_run_disabled_tests"
Directory: /mnt/c/Users/rache/OneDrive/Desktop/forked_cleanpplib/cleanpplib/cleanpp-gtest/build
"ArrayQueueNaturalNumber.EnqueueToNonEmptyTest" start time: Apr 28 15:39 EDT
Output:
----------------------------------------------------------
Running main() from /mnt/c/Users/rache/OneDrive/Desktop/forked_cleanpplib/cleanpplib/cleanpp-gtest/build/_deps/googletest-src/googletest/src/gtest_main.cc
Note: Google Test filter = ArrayQueueNaturalNumber.EnqueueToNonEmptyTest
[==========] Running 1 test from 1 test suite.
[----------] Global test environment set-up.
[----------] 1 test from ArrayQueueNaturalNumber
[ RUN      ] ArrayQueueNaturalNumber.EnqueueToNonEmptyTest
[       OK ] ArrayQueueNaturalNumber.EnqueueToNonEmptyTest (0 ms)
[----------] 1 test from ArrayQueueNaturalNumber (0 ms total)

[----------] Global test environment tear-down
[==========] 1 test from 1 test suite ran. (0 ms total)
[  PASSED  ] 1 test.
<end of output>
Test time =   0.05 sec
----------------------------------------------------------
Test Passed.
"ArrayQueueNaturalNumber.EnqueueToNonEmptyTest" end time: Apr 28 15:39 EDT
"ArrayQueueNaturalNumber.EnqueueToNonEmptyTest" time elapsed: 00:00:00
----------------------------------------------------------

10/553 Testing: ArrayQueueNaturalNumber.DequeueEmptyToEmptyTest
10/553 Test: ArrayQueueNaturalNumber.DequeueEmptyToEmptyTest
Command: "/mnt/c/Users/rache/OneDrive/Desktop/forked_cleanpplib/cleanpplib/cleanpp-gtest/build/TestArrayQueueNaturalNumber" "--gtest_filter=ArrayQueueNaturalNumber.DequeueEmptyToEmptyTest" "--gtest_also_run_disabled_tests"
Directory: /mnt/c/Users/rache/OneDrive/Desktop/forked_cleanpplib/cleanpplib/cleanpp-gtest/build
"ArrayQueueNaturalNumber.DequeueEmptyToEmptyTest" start time: Apr 28 15:39 EDT
Output:
----------------------------------------------------------
Running main() from /mnt/c/Users/rache/OneDrive/Desktop/forked_cleanpplib/cleanpplib/cleanpp-gtest/build/_deps/googletest-src/googletest/src/gtest_main.cc
Note: Google Test filter = ArrayQueueNaturalNumber.DequeueEmptyToEmptyTest
[==========] Running 1 test from 1 test suite.
[----------] Global test environment set-up.
[----------] 1 test from ArrayQueueNaturalNumber
[ RUN      ] ArrayQueueNaturalNumber.DequeueEmptyToEmptyTest
[       OK ] ArrayQueueNaturalNumber.DequeueEmptyToEmptyTest (0 ms)
[----------] 1 test from ArrayQueueNaturalNumber (0 ms total)

[----------] Global test environment tear-down
[==========] 1 test from 1 test suite ran. (0 ms total)
[  PASSED  ] 1 test.
<end of output>
Test time =   0.06 sec
----------------------------------------------------------
Test Passed.
"ArrayQueueNaturalNumber.DequeueEmptyToEmptyTest" end time: Apr 28 15:39 EDT
"ArrayQueueNaturalNumber.DequeueEmptyToEmptyTest" time elapsed: 00:00:00
----------------------------------------------------------

11/553 Testing: ArrayQueueNaturalNumber.DequeueNonEmptyToEmptyTest
11/553 Test: ArrayQueueNaturalNumber.DequeueNonEmptyToEmptyTest
Command: "/mnt/c/Users/rache/OneDrive/Desktop/forked_cleanpplib/cleanpplib/cleanpp-gtest/build/TestArrayQueueNaturalNumber" "--gtest_filter=ArrayQueueNaturalNumber.DequeueNonEmptyToEmptyTest" "--gtest_also_run_disabled_tests"
Directory: /mnt/c/Users/rache/OneDrive/Desktop/forked_cleanpplib/cleanpplib/cleanpp-gtest/build
"ArrayQueueNaturalNumber.DequeueNonEmptyToEmptyTest" start time: Apr 28 15:39 EDT
Output:
----------------------------------------------------------
Running main() from /mnt/c/Users/rache/OneDrive/Desktop/forked_cleanpplib/cleanpplib/cleanpp-gtest/build/_deps/googletest-src/googletest/src/gtest_main.cc
Note: Google Test filter = ArrayQueueNaturalNumber.DequeueNonEmptyToEmptyTest
[==========] Running 1 test from 1 test suite.
[----------] Global test environment set-up.
[----------] 1 test from ArrayQueueNaturalNumber
[ RUN      ] ArrayQueueNaturalNumber.DequeueNonEmptyToEmptyTest
[       OK ] ArrayQueueNaturalNumber.DequeueNonEmptyToEmptyTest (0 ms)
[----------] 1 test from ArrayQueueNaturalNumber (0 ms total)

[----------] Global test environment tear-down
[==========] 1 test from 1 test suite ran. (0 ms total)
[  PASSED  ] 1 test.
<end of output>
Test time =   0.05 sec
----------------------------------------------------------
Test Passed.
"ArrayQueueNaturalNumber.DequeueNonEmptyToEmptyTest" end time: Apr 28 15:39 EDT
"ArrayQueueNaturalNumber.DequeueNonEmptyToEmptyTest" time elapsed: 00:00:00
----------------------------------------------------------

12/553 Testing: ArrayQueueNaturalNumber.DequeueNonEmptyToEmptyAfterNonEmptyTest
12/553 Test: ArrayQueueNaturalNumber.DequeueNonEmptyToEmptyAfterNonEmptyTest
Command: "/mnt/c/Users/rache/OneDrive/Desktop/forked_cleanpplib/cleanpplib/cleanpp-gtest/build/TestArrayQueueNaturalNumber" "--gtest_filter=ArrayQueueNaturalNumber.DequeueNonEmptyToEmptyAfterNonEmptyTest" "--gtest_also_run_disabled_tests"
Directory: /mnt/c/Users/rache/OneDrive/Desktop/forked_cleanpplib/cleanpplib/cleanpp-gtest/build
"ArrayQueueNaturalNumber.DequeueNonEmptyToEmptyAfterNonEmptyTest" start time: Apr 28 15:39 EDT
Output:
----------------------------------------------------------
Running main() from /mnt/c/Users/rache/OneDrive/Desktop/forked_cleanpplib/cleanpplib/cleanpp-gtest/build/_deps/googletest-src/googletest/src/gtest_main.cc
Note: Google Test filter = ArrayQueueNaturalNumber.DequeueNonEmptyToEmptyAfterNonEmptyTest
[==========] Running 1 test from 1 test suite.
[----------] Global test environment set-up.
[----------] 1 test from ArrayQueueNaturalNumber
[ RUN      ] ArrayQueueNaturalNumber.DequeueNonEmptyToEmptyAfterNonEmptyTest
[       OK ] ArrayQueueNaturalNumber.DequeueNonEmptyToEmptyAfterNonEmptyTest (0 ms)
[----------] 1 test from ArrayQueueNaturalNumber (0 ms total)

[----------] Global test environment tear-down
[==========] 1 test from 1 test suite ran. (0 ms total)
[  PASSED  ] 1 test.
<end of output>
Test time =   0.04 sec
----------------------------------------------------------
Test Passed.
"ArrayQueueNaturalNumber.DequeueNonEmptyToEmptyAfterNonEmptyTest" end time: Apr 28 15:39 EDT
"ArrayQueueNaturalNumber.DequeueNonEmptyToEmptyAfterNonEmptyTest" time elapsed: 00:00:00
----------------------------------------------------------

13/553 Testing: ArrayQueueNaturalNumber.DequeueFromLongTest
13/553 Test: ArrayQueueNaturalNumber.DequeueFromLongTest
Command: "/mnt/c/Users/rache/OneDrive/Desktop/forked_cleanpplib/cleanpplib/cleanpp-gtest/build/TestArrayQueueNaturalNumber" "--gtest_filter=ArrayQueueNaturalNumber.DequeueFromLongTest" "--gtest_also_run_disabled_tests"
Directory: /mnt/c/Users/rache/OneDrive/Desktop/forked_cleanpplib/cleanpplib/cleanpp-gtest/build
"ArrayQueueNaturalNumber.DequeueFromLongTest" start time: Apr 28 15:39 EDT
Output:
----------------------------------------------------------
Running main() from /mnt/c/Users/rache/OneDrive/Desktop/forked_cleanpplib/cleanpplib/cleanpp-gtest/build/_deps/googletest-src/googletest/src/gtest_main.cc
Note: Google Test filter = ArrayQueueNaturalNumber.DequeueFromLongTest
[==========] Running 1 test from 1 test suite.
[----------] Global test environment set-up.
[----------] 1 test from ArrayQueueNaturalNumber
[ RUN      ] ArrayQueueNaturalNumber.DequeueFromLongTest
[       OK ] ArrayQueueNaturalNumber.DequeueFromLongTest (0 ms)
[----------] 1 test from ArrayQueueNaturalNumber (0 ms total)

[----------] Global test environment tear-down
[==========] 1 test from 1 test suite ran. (0 ms total)
[  PASSED  ] 1 test.
<end of output>
Test time =   0.05 sec
----------------------------------------------------------
Test Passed.
"ArrayQueueNaturalNumber.DequeueFromLongTest" end time: Apr 28 15:39 EDT
"ArrayQueueNaturalNumber.DequeueFromLongTest" time elapsed: 00:00:00
----------------------------------------------------------

14/553 Testing: ArrayStackNaturalNumber.InitializerDefTest
14/553 Test: ArrayStackNaturalNumber.InitializerDefTest
Command: "/mnt/c/Users/rache/OneDrive/Desktop/forked_cleanpplib/cleanpplib/cleanpp-gtest/build/TestArrayStackNaturalNumber" "--gtest_filter=ArrayStackNaturalNumber.InitializerDefTest" "--gtest_also_run_disabled_tests"
Directory: /mnt/c/Users/rache/OneDrive/Desktop/forked_cleanpplib/cleanpplib/cleanpp-gtest/build
"ArrayStackNaturalNumber.InitializerDefTest" start time: Apr 28 15:39 EDT
Output:
----------------------------------------------------------
Running main() from /mnt/c/Users/rache/OneDrive/Desktop/forked_cleanpplib/cleanpplib/cleanpp-gtest/build/_deps/googletest-src/googletest/src/gtest_main.cc
Note: Google Test filter = ArrayStackNaturalNumber.InitializerDefTest
[==========] Running 1 test from 1 test suite.
[----------] Global test environment set-up.
[----------] 1 test from ArrayStackNaturalNumber
[ RUN      ] ArrayStackNaturalNumber.InitializerDefTest
[       OK ] ArrayStackNaturalNumber.InitializerDefTest (1 ms)
[----------] 1 test from ArrayStackNaturalNumber (1 ms total)

[----------] Global test environment tear-down
[==========] 1 test from 1 test suite ran. (1 ms total)
[  PASSED  ] 1 test.
<end of output>
Test time =   0.05 sec
----------------------------------------------------------
Test Passed.
"ArrayStackNaturalNumber.InitializerDefTest" end time: Apr 28 15:39 EDT
"ArrayStackNaturalNumber.InitializerDefTest" time elapsed: 00:00:00
----------------------------------------------------------

15/553 Testing: ArrayStackNaturalNumber.IsEmpty_EmptyTest
15/553 Test: ArrayStackNaturalNumber.IsEmpty_EmptyTest
Command: "/mnt/c/Users/rache/OneDrive/Desktop/forked_cleanpplib/cleanpplib/cleanpp-gtest/build/TestArrayStackNaturalNumber" "--gtest_filter=ArrayStackNaturalNumber.IsEmpty_EmptyTest" "--gtest_also_run_disabled_tests"
Directory: /mnt/c/Users/rache/OneDrive/Desktop/forked_cleanpplib/cleanpplib/cleanpp-gtest/build
"ArrayStackNaturalNumber.IsEmpty_EmptyTest" start time: Apr 28 15:39 EDT
Output:
----------------------------------------------------------
Running main() from /mnt/c/Users/rache/OneDrive/Desktop/forked_cleanpplib/cleanpplib/cleanpp-gtest/build/_deps/googletest-src/googletest/src/gtest_main.cc
Note: Google Test filter = ArrayStackNaturalNumber.IsEmpty_EmptyTest
[==========] Running 1 test from 1 test suite.
[----------] Global test environment set-up.
[----------] 1 test from ArrayStackNaturalNumber
[ RUN      ] ArrayStackNaturalNumber.IsEmpty_EmptyTest
[       OK ] ArrayStackNaturalNumber.IsEmpty_EmptyTest (0 ms)
[----------] 1 test from ArrayStackNaturalNumber (0 ms total)

[----------] Global test environment tear-down
[==========] 1 test from 1 test suite ran. (0 ms total)
[  PASSED  ] 1 test.
<end of output>
Test time =   0.04 sec
----------------------------------------------------------
Test Passed.
"ArrayStackNaturalNumber.IsEmpty_EmptyTest" end time: Apr 28 15:39 EDT
"ArrayStackNaturalNumber.IsEmpty_EmptyTest" time elapsed: 00:00:00
----------------------------------------------------------

16/553 Testing: ArrayStackNaturalNumber.IsEmpty_NonEmptyTest
16/553 Test: ArrayStackNaturalNumber.IsEmpty_NonEmptyTest
Command: "/mnt/c/Users/rache/OneDrive/Desktop/forked_cleanpplib/cleanpplib/cleanpp-gtest/build/TestArrayStackNaturalNumber" "--gtest_filter=ArrayStackNaturalNumber.IsEmpty_NonEmptyTest" "--gtest_also_run_disabled_tests"
Directory: /mnt/c/Users/rache/OneDrive/Desktop/forked_cleanpplib/cleanpplib/cleanpp-gtest/build
"ArrayStackNaturalNumber.IsEmpty_NonEmptyTest" start time: Apr 28 15:39 EDT
Output:
----------------------------------------------------------
Running main() from /mnt/c/Users/rache/OneDrive/Desktop/forked_cleanpplib/cleanpplib/cleanpp-gtest/build/_deps/googletest-src/googletest/src/gtest_main.cc
Note: Google Test filter = ArrayStackNaturalNumber.IsEmpty_NonEmptyTest
[==========] Running 1 test from 1 test suite.
[----------] Global test environment set-up.
[----------] 1 test from ArrayStackNaturalNumber
[ RUN      ] ArrayStackNaturalNumber.IsEmpty_NonEmptyTest
[       OK ] ArrayStackNaturalNumber.IsEmpty_NonEmptyTest (0 ms)
[----------] 1 test from ArrayStackNaturalNumber (0 ms total)

[----------] Global test environment tear-down
[==========] 1 test from 1 test suite ran. (1 ms total)
[  PASSED  ] 1 test.
<end of output>
Test time =   0.05 sec
----------------------------------------------------------
Test Passed.
"ArrayStackNaturalNumber.IsEmpty_NonEmptyTest" end time: Apr 28 15:39 EDT
"ArrayStackNaturalNumber.IsEmpty_NonEmptyTest" time elapsed: 00:00:00
----------------------------------------------------------

17/553 Testing: ArrayStackNaturalNumber.IsEmpty_Empty_PushPopTest
17/553 Test: ArrayStackNaturalNumber.IsEmpty_Empty_PushPopTest
Command: "/mnt/c/Users/rache/OneDrive/Desktop/forked_cleanpplib/cleanpplib/cleanpp-gtest/build/TestArrayStackNaturalNumber" "--gtest_filter=ArrayStackNaturalNumber.IsEmpty_Empty_PushPopTest" "--gtest_also_run_disabled_tests"
Directory: /mnt/c/Users/rache/OneDrive/Desktop/forked_cleanpplib/cleanpplib/cleanpp-gtest/build
"ArrayStackNaturalNumber.IsEmpty_Empty_PushPopTest" start time: Apr 28 15:39 EDT
Output:
----------------------------------------------------------
Running main() from /mnt/c/Users/rache/OneDrive/Desktop/forked_cleanpplib/cleanpplib/cleanpp-gtest/build/_deps/googletest-src/googletest/src/gtest_main.cc
Note: Google Test filter = ArrayStackNaturalNumber.IsEmpty_Empty_PushPopTest
[==========] Running 1 test from 1 test suite.
[----------] Global test environment set-up.
[----------] 1 test from ArrayStackNaturalNumber
[ RUN      ] ArrayStackNaturalNumber.IsEmpty_Empty_PushPopTest
[       OK ] ArrayStackNaturalNumber.IsEmpty_Empty_PushPopTest (0 ms)
[----------] 1 test from ArrayStackNaturalNumber (0 ms total)

[----------] Global test environment tear-down
[==========] 1 test from 1 test suite ran. (0 ms total)
[  PASSED  ] 1 test.
<end of output>
Test time =   0.05 sec
----------------------------------------------------------
Test Passed.
"ArrayStackNaturalNumber.IsEmpty_Empty_PushPopTest" end time: Apr 28 15:39 EDT
"ArrayStackNaturalNumber.IsEmpty_Empty_PushPopTest" time elapsed: 00:00:00
----------------------------------------------------------

18/553 Testing: ArrayStackNaturalNumber.PushToEmptyTest
18/553 Test: ArrayStackNaturalNumber.PushToEmptyTest
Command: "/mnt/c/Users/rache/OneDrive/Desktop/forked_cleanpplib/cleanpplib/cleanpp-gtest/build/TestArrayStackNaturalNumber" "--gtest_filter=ArrayStackNaturalNumber.PushToEmptyTest" "--gtest_also_run_disabled_tests"
Directory: /mnt/c/Users/rache/OneDrive/Desktop/forked_cleanpplib/cleanpplib/cleanpp-gtest/build
"ArrayStackNaturalNumber.PushToEmptyTest" start time: Apr 28 15:39 EDT
Output:
----------------------------------------------------------
Running main() from /mnt/c/Users/rache/OneDrive/Desktop/forked_cleanpplib/cleanpplib/cleanpp-gtest/build/_deps/googletest-src/googletest/src/gtest_main.cc
Note: Google Test filter = ArrayStackNaturalNumber.PushToEmptyTest
[==========] Running 1 test from 1 test suite.
[----------] Global test environment set-up.
[----------] 1 test from ArrayStackNaturalNumber
[ RUN      ] ArrayStackNaturalNumber.PushToEmptyTest
[       OK ] ArrayStackNaturalNumber.PushToEmptyTest (0 ms)
[----------] 1 test from ArrayStackNaturalNumber (0 ms total)

[----------] Global test environment tear-down
[==========] 1 test from 1 test suite ran. (0 ms total)
[  PASSED  ] 1 test.
<end of output>
Test time =   0.05 sec
----------------------------------------------------------
Test Passed.
"ArrayStackNaturalNumber.PushToEmptyTest" end time: Apr 28 15:39 EDT
"ArrayStackNaturalNumber.PushToEmptyTest" time elapsed: 00:00:00
----------------------------------------------------------

19/553 Testing: ArrayStackNaturalNumber.PushToNonEmptyTest
19/553 Test: ArrayStackNaturalNumber.PushToNonEmptyTest
Command: "/mnt/c/Users/rache/OneDrive/Desktop/forked_cleanpplib/cleanpplib/cleanpp-gtest/build/TestArrayStackNaturalNumber" "--gtest_filter=ArrayStackNaturalNumber.PushToNonEmptyTest" "--gtest_also_run_disabled_tests"
Directory: /mnt/c/Users/rache/OneDrive/Desktop/forked_cleanpplib/cleanpplib/cleanpp-gtest/build
"ArrayStackNaturalNumber.PushToNonEmptyTest" start time: Apr 28 15:39 EDT
Output:
----------------------------------------------------------
Running main() from /mnt/c/Users/rache/OneDrive/Desktop/forked_cleanpplib/cleanpplib/cleanpp-gtest/build/_deps/googletest-src/googletest/src/gtest_main.cc
Note: Google Test filter = ArrayStackNaturalNumber.PushToNonEmptyTest
[==========] Running 1 test from 1 test suite.
[----------] Global test environment set-up.
[----------] 1 test from ArrayStackNaturalNumber
[ RUN      ] ArrayStackNaturalNumber.PushToNonEmptyTest
[       OK ] ArrayStackNaturalNumber.PushToNonEmptyTest (0 ms)
[----------] 1 test from ArrayStackNaturalNumber (0 ms total)

[----------] Global test environment tear-down
[==========] 1 test from 1 test suite ran. (0 ms total)
[  PASSED  ] 1 test.
<end of output>
Test time =   0.05 sec
----------------------------------------------------------
Test Passed.
"ArrayStackNaturalNumber.PushToNonEmptyTest" end time: Apr 28 15:39 EDT
"ArrayStackNaturalNumber.PushToNonEmptyTest" time elapsed: 00:00:00
----------------------------------------------------------

20/553 Testing: ArrayStackNaturalNumber.PopEmptyToEmptyTest
20/553 Test: ArrayStackNaturalNumber.PopEmptyToEmptyTest
Command: "/mnt/c/Users/rache/OneDrive/Desktop/forked_cleanpplib/cleanpplib/cleanpp-gtest/build/TestArrayStackNaturalNumber" "--gtest_filter=ArrayStackNaturalNumber.PopEmptyToEmptyTest" "--gtest_also_run_disabled_tests"
Directory: /mnt/c/Users/rache/OneDrive/Desktop/forked_cleanpplib/cleanpplib/cleanpp-gtest/build
"ArrayStackNaturalNumber.PopEmptyToEmptyTest" start time: Apr 28 15:39 EDT
Output:
----------------------------------------------------------
Running main() from /mnt/c/Users/rache/OneDrive/Desktop/forked_cleanpplib/cleanpplib/cleanpp-gtest/build/_deps/googletest-src/googletest/src/gtest_main.cc
Note: Google Test filter = ArrayStackNaturalNumber.PopEmptyToEmptyTest
[==========] Running 1 test from 1 test suite.
[----------] Global test environment set-up.
[----------] 1 test from ArrayStackNaturalNumber
[ RUN      ] ArrayStackNaturalNumber.PopEmptyToEmptyTest
[       OK ] ArrayStackNaturalNumber.PopEmptyToEmptyTest (0 ms)
[----------] 1 test from ArrayStackNaturalNumber (0 ms total)

[----------] Global test environment tear-down
[==========] 1 test from 1 test suite ran. (0 ms total)
[  PASSED  ] 1 test.
<end of output>
Test time =   0.05 sec
----------------------------------------------------------
Test Passed.
"ArrayStackNaturalNumber.PopEmptyToEmptyTest" end time: Apr 28 15:39 EDT
"ArrayStackNaturalNumber.PopEmptyToEmptyTest" time elapsed: 00:00:00
----------------------------------------------------------

21/553 Testing: ArrayStackNaturalNumber.PopNonEmptyToEmptyTest
21/553 Test: ArrayStackNaturalNumber.PopNonEmptyToEmptyTest
Command: "/mnt/c/Users/rache/OneDrive/Desktop/forked_cleanpplib/cleanpplib/cleanpp-gtest/build/TestArrayStackNaturalNumber" "--gtest_filter=ArrayStackNaturalNumber.PopNonEmptyToEmptyTest" "--gtest_also_run_disabled_tests"
Directory: /mnt/c/Users/rache/OneDrive/Desktop/forked_cleanpplib/cleanpplib/cleanpp-gtest/build
"ArrayStackNaturalNumber.PopNonEmptyToEmptyTest" start time: Apr 28 15:39 EDT
Output:
----------------------------------------------------------
Running main() from /mnt/c/Users/rache/OneDrive/Desktop/forked_cleanpplib/cleanpplib/cleanpp-gtest/build/_deps/googletest-src/googletest/src/gtest_main.cc
Note: Google Test filter = ArrayStackNaturalNumber.PopNonEmptyToEmptyTest
[==========] Running 1 test from 1 test suite.
[----------] Global test environment set-up.
[----------] 1 test from ArrayStackNaturalNumber
[ RUN      ] ArrayStackNaturalNumber.PopNonEmptyToEmptyTest
[       OK ] ArrayStackNaturalNumber.PopNonEmptyToEmptyTest (0 ms)
[----------] 1 test from ArrayStackNaturalNumber (0 ms total)

[----------] Global test environment tear-down
[==========] 1 test from 1 test suite ran. (0 ms total)
[  PASSED  ] 1 test.
<end of output>
Test time =   0.06 sec
----------------------------------------------------------
Test Passed.
"ArrayStackNaturalNumber.PopNonEmptyToEmptyTest" end time: Apr 28 15:39 EDT
"ArrayStackNaturalNumber.PopNonEmptyToEmptyTest" time elapsed: 00:00:00
----------------------------------------------------------

22/553 Testing: ArrayStackNaturalNumber.NonMonotonicResizingTest
22/553 Test: ArrayStackNaturalNumber.NonMonotonicResizingTest
Command: "/mnt/c/Users/rache/OneDrive/Desktop/forked_cleanpplib/cleanpplib/cleanpp-gtest/build/TestArrayStackNaturalNumber" "--gtest_filter=ArrayStackNaturalNumber.NonMonotonicResizingTest" "--gtest_also_run_disabled_tests"
Directory: /mnt/c/Users/rache/OneDrive/Desktop/forked_cleanpplib/cleanpplib/cleanpp-gtest/build
"ArrayStackNaturalNumber.NonMonotonicResizingTest" start time: Apr 28 15:39 EDT
Output:
----------------------------------------------------------
Running main() from /mnt/c/Users/rache/OneDrive/Desktop/forked_cleanpplib/cleanpplib/cleanpp-gtest/build/_deps/googletest-src/googletest/src/gtest_main.cc
Note: Google Test filter = ArrayStackNaturalNumber.NonMonotonicResizingTest
[==========] Running 1 test from 1 test suite.
[----------] Global test environment set-up.
[----------] 1 test from ArrayStackNaturalNumber
[ RUN      ] ArrayStackNaturalNumber.NonMonotonicResizingTest
[       OK ] ArrayStackNaturalNumber.NonMonotonicResizingTest (1 ms)
[----------] 1 test from ArrayStackNaturalNumber (1 ms total)

[----------] Global test environment tear-down
[==========] 1 test from 1 test suite ran. (1 ms total)
[  PASSED  ] 1 test.
<end of output>
Test time =   0.05 sec
----------------------------------------------------------
Test Passed.
"ArrayStackNaturalNumber.NonMonotonicResizingTest" end time: Apr 28 15:39 EDT
"ArrayStackNaturalNumber.NonMonotonicResizingTest" time elapsed: 00:00:00
----------------------------------------------------------

23/553 Testing: BoundedNN.InitializerDefTest
23/553 Test: BoundedNN.InitializerDefTest
Command: "/mnt/c/Users/rache/OneDrive/Desktop/forked_cleanpplib/cleanpplib/cleanpp-gtest/build/TestBoundedNN" "--gtest_filter=BoundedNN.InitializerDefTest" "--gtest_also_run_disabled_tests"
Directory: /mnt/c/Users/rache/OneDrive/Desktop/forked_cleanpplib/cleanpplib/cleanpp-gtest/build
"BoundedNN.InitializerDefTest" start time: Apr 28 15:39 EDT
Output:
----------------------------------------------------------
Running main() from /mnt/c/Users/rache/OneDrive/Desktop/forked_cleanpplib/cleanpplib/cleanpp-gtest/build/_deps/googletest-src/googletest/src/gtest_main.cc
Note: Google Test filter = BoundedNN.InitializerDefTest
[==========] Running 1 test from 1 test suite.
[----------] Global test environment set-up.
[----------] 1 test from BoundedNN
[ RUN      ] BoundedNN.InitializerDefTest
[       OK ] BoundedNN.InitializerDefTest (0 ms)
[----------] 1 test from BoundedNN (0 ms total)

[----------] Global test environment tear-down
[==========] 1 test from 1 test suite ran. (0 ms total)
[  PASSED  ] 1 test.
<end of output>
Test time =   0.05 sec
----------------------------------------------------------
Test Passed.
"BoundedNN.InitializerDefTest" end time: Apr 28 15:39 EDT
"BoundedNN.InitializerDefTest" time elapsed: 00:00:00
----------------------------------------------------------

24/553 Testing: BoundedNN.Initializer_SingleDigTest
24/553 Test: BoundedNN.Initializer_SingleDigTest
Command: "/mnt/c/Users/rache/OneDrive/Desktop/forked_cleanpplib/cleanpplib/cleanpp-gtest/build/TestBoundedNN" "--gtest_filter=BoundedNN.Initializer_SingleDigTest" "--gtest_also_run_disabled_tests"
Directory: /mnt/c/Users/rache/OneDrive/Desktop/forked_cleanpplib/cleanpplib/cleanpp-gtest/build
"BoundedNN.Initializer_SingleDigTest" start time: Apr 28 15:39 EDT
Output:
----------------------------------------------------------
Running main() from /mnt/c/Users/rache/OneDrive/Desktop/forked_cleanpplib/cleanpplib/cleanpp-gtest/build/_deps/googletest-src/googletest/src/gtest_main.cc
Note: Google Test filter = BoundedNN.Initializer_SingleDigTest
[==========] Running 1 test from 1 test suite.
[----------] Global test environment set-up.
[----------] 1 test from BoundedNN
[ RUN      ] BoundedNN.Initializer_SingleDigTest
[       OK ] BoundedNN.Initializer_SingleDigTest (0 ms)
[----------] 1 test from BoundedNN (0 ms total)

[----------] Global test environment tear-down
[==========] 1 test from 1 test suite ran. (0 ms total)
[  PASSED  ] 1 test.
<end of output>
Test time =   0.05 sec
----------------------------------------------------------
Test Passed.
"BoundedNN.Initializer_SingleDigTest" end time: Apr 28 15:39 EDT
"BoundedNN.Initializer_SingleDigTest" time elapsed: 00:00:00
----------------------------------------------------------

25/553 Testing: BoundedNN.Initializer_TwoDigTest
25/553 Test: BoundedNN.Initializer_TwoDigTest
Command: "/mnt/c/Users/rache/OneDrive/Desktop/forked_cleanpplib/cleanpplib/cleanpp-gtest/build/TestBoundedNN" "--gtest_filter=BoundedNN.Initializer_TwoDigTest" "--gtest_also_run_disabled_tests"
Directory: /mnt/c/Users/rache/OneDrive/Desktop/forked_cleanpplib/cleanpplib/cleanpp-gtest/build
"BoundedNN.Initializer_TwoDigTest" start time: Apr 28 15:39 EDT
Output:
----------------------------------------------------------
Running main() from /mnt/c/Users/rache/OneDrive/Desktop/forked_cleanpplib/cleanpplib/cleanpp-gtest/build/_deps/googletest-src/googletest/src/gtest_main.cc
Note: Google Test filter = BoundedNN.Initializer_TwoDigTest
[==========] Running 1 test from 1 test suite.
[----------] Global test environment set-up.
[----------] 1 test from BoundedNN
[ RUN      ] BoundedNN.Initializer_TwoDigTest
[       OK ] BoundedNN.Initializer_TwoDigTest (0 ms)
[----------] 1 test from BoundedNN (0 ms total)

[----------] Global test environment tear-down
[==========] 1 test from 1 test suite ran. (1 ms total)
[  PASSED  ] 1 test.
<end of output>
Test time =   0.05 sec
----------------------------------------------------------
Test Passed.
"BoundedNN.Initializer_TwoDigTest" end time: Apr 28 15:39 EDT
"BoundedNN.Initializer_TwoDigTest" time elapsed: 00:00:00
----------------------------------------------------------

26/553 Testing: BoundedNN.MoveInit_ZeroTest
26/553 Test: BoundedNN.MoveInit_ZeroTest
Command: "/mnt/c/Users/rache/OneDrive/Desktop/forked_cleanpplib/cleanpplib/cleanpp-gtest/build/TestBoundedNN" "--gtest_filter=BoundedNN.MoveInit_ZeroTest" "--gtest_also_run_disabled_tests"
Directory: /mnt/c/Users/rache/OneDrive/Desktop/forked_cleanpplib/cleanpplib/cleanpp-gtest/build
"BoundedNN.MoveInit_ZeroTest" start time: Apr 28 15:39 EDT
Output:
----------------------------------------------------------
Running main() from /mnt/c/Users/rache/OneDrive/Desktop/forked_cleanpplib/cleanpplib/cleanpp-gtest/build/_deps/googletest-src/googletest/src/gtest_main.cc
Note: Google Test filter = BoundedNN.MoveInit_ZeroTest
[==========] Running 1 test from 1 test suite.
[----------] Global test environment set-up.
[----------] 1 test from BoundedNN
[ RUN      ] BoundedNN.MoveInit_ZeroTest
[       OK ] BoundedNN.MoveInit_ZeroTest (0 ms)
[----------] 1 test from BoundedNN (0 ms total)

[----------] Global test environment tear-down
[==========] 1 test from 1 test suite ran. (0 ms total)
[  PASSED  ] 1 test.
<end of output>
Test time =   0.05 sec
----------------------------------------------------------
Test Passed.
"BoundedNN.MoveInit_ZeroTest" end time: Apr 28 15:39 EDT
"BoundedNN.MoveInit_ZeroTest" time elapsed: 00:00:00
----------------------------------------------------------

27/553 Testing: BoundedNN.MoveInit_SingleDigTest
27/553 Test: BoundedNN.MoveInit_SingleDigTest
Command: "/mnt/c/Users/rache/OneDrive/Desktop/forked_cleanpplib/cleanpplib/cleanpp-gtest/build/TestBoundedNN" "--gtest_filter=BoundedNN.MoveInit_SingleDigTest" "--gtest_also_run_disabled_tests"
Directory: /mnt/c/Users/rache/OneDrive/Desktop/forked_cleanpplib/cleanpplib/cleanpp-gtest/build
"BoundedNN.MoveInit_SingleDigTest" start time: Apr 28 15:39 EDT
Output:
----------------------------------------------------------
Running main() from /mnt/c/Users/rache/OneDrive/Desktop/forked_cleanpplib/cleanpplib/cleanpp-gtest/build/_deps/googletest-src/googletest/src/gtest_main.cc
Note: Google Test filter = BoundedNN.MoveInit_SingleDigTest
[==========] Running 1 test from 1 test suite.
[----------] Global test environment set-up.
[----------] 1 test from BoundedNN
[ RUN      ] BoundedNN.MoveInit_SingleDigTest
[       OK ] BoundedNN.MoveInit_SingleDigTest (0 ms)
[----------] 1 test from BoundedNN (0 ms total)

[----------] Global test environment tear-down
[==========] 1 test from 1 test suite ran. (0 ms total)
[  PASSED  ] 1 test.
<end of output>
Test time =   0.05 sec
----------------------------------------------------------
Test Passed.
"BoundedNN.MoveInit_SingleDigTest" end time: Apr 28 15:39 EDT
"BoundedNN.MoveInit_SingleDigTest" time elapsed: 00:00:00
----------------------------------------------------------

28/553 Testing: BoundedNN.MoveInit_MultiDigTest
28/553 Test: BoundedNN.MoveInit_MultiDigTest
Command: "/mnt/c/Users/rache/OneDrive/Desktop/forked_cleanpplib/cleanpplib/cleanpp-gtest/build/TestBoundedNN" "--gtest_filter=BoundedNN.MoveInit_MultiDigTest" "--gtest_also_run_disabled_tests"
Directory: /mnt/c/Users/rache/OneDrive/Desktop/forked_cleanpplib/cleanpplib/cleanpp-gtest/build
"BoundedNN.MoveInit_MultiDigTest" start time: Apr 28 15:39 EDT
Output:
----------------------------------------------------------
Running main() from /mnt/c/Users/rache/OneDrive/Desktop/forked_cleanpplib/cleanpplib/cleanpp-gtest/build/_deps/googletest-src/googletest/src/gtest_main.cc
Note: Google Test filter = BoundedNN.MoveInit_MultiDigTest
[==========] Running 1 test from 1 test suite.
[----------] Global test environment set-up.
[----------] 1 test from BoundedNN
[ RUN      ] BoundedNN.MoveInit_MultiDigTest
[       OK ] BoundedNN.MoveInit_MultiDigTest (0 ms)
[----------] 1 test from BoundedNN (0 ms total)

[----------] Global test environment tear-down
[==========] 1 test from 1 test suite ran. (0 ms total)
[  PASSED  ] 1 test.
<end of output>
Test time =   0.07 sec
----------------------------------------------------------
Test Passed.
"BoundedNN.MoveInit_MultiDigTest" end time: Apr 28 15:39 EDT
"BoundedNN.MoveInit_MultiDigTest" time elapsed: 00:00:00
----------------------------------------------------------

29/553 Testing: BoundedNN.AssignZeroZeroTest
29/553 Test: BoundedNN.AssignZeroZeroTest
Command: "/mnt/c/Users/rache/OneDrive/Desktop/forked_cleanpplib/cleanpplib/cleanpp-gtest/build/TestBoundedNN" "--gtest_filter=BoundedNN.AssignZeroZeroTest" "--gtest_also_run_disabled_tests"
Directory: /mnt/c/Users/rache/OneDrive/Desktop/forked_cleanpplib/cleanpplib/cleanpp-gtest/build
"BoundedNN.AssignZeroZeroTest" start time: Apr 28 15:39 EDT
Output:
----------------------------------------------------------
Running main() from /mnt/c/Users/rache/OneDrive/Desktop/forked_cleanpplib/cleanpplib/cleanpp-gtest/build/_deps/googletest-src/googletest/src/gtest_main.cc
Note: Google Test filter = BoundedNN.AssignZeroZeroTest
[==========] Running 1 test from 1 test suite.
[----------] Global test environment set-up.
[----------] 1 test from BoundedNN
[ RUN      ] BoundedNN.AssignZeroZeroTest
[       OK ] BoundedNN.AssignZeroZeroTest (0 ms)
[----------] 1 test from BoundedNN (0 ms total)

[----------] Global test environment tear-down
[==========] 1 test from 1 test suite ran. (0 ms total)
[  PASSED  ] 1 test.
<end of output>
Test time =   0.07 sec
----------------------------------------------------------
Test Passed.
"BoundedNN.AssignZeroZeroTest" end time: Apr 28 15:39 EDT
"BoundedNN.AssignZeroZeroTest" time elapsed: 00:00:00
----------------------------------------------------------

30/553 Testing: BoundedNN.AssignZeroNonzeroTest
30/553 Test: BoundedNN.AssignZeroNonzeroTest
Command: "/mnt/c/Users/rache/OneDrive/Desktop/forked_cleanpplib/cleanpplib/cleanpp-gtest/build/TestBoundedNN" "--gtest_filter=BoundedNN.AssignZeroNonzeroTest" "--gtest_also_run_disabled_tests"
Directory: /mnt/c/Users/rache/OneDrive/Desktop/forked_cleanpplib/cleanpplib/cleanpp-gtest/build
"BoundedNN.AssignZeroNonzeroTest" start time: Apr 28 15:39 EDT
Output:
----------------------------------------------------------
Running main() from /mnt/c/Users/rache/OneDrive/Desktop/forked_cleanpplib/cleanpplib/cleanpp-gtest/build/_deps/googletest-src/googletest/src/gtest_main.cc
Note: Google Test filter = BoundedNN.AssignZeroNonzeroTest
[==========] Running 1 test from 1 test suite.
[----------] Global test environment set-up.
[----------] 1 test from BoundedNN
[ RUN      ] BoundedNN.AssignZeroNonzeroTest
[       OK ] BoundedNN.AssignZeroNonzeroTest (0 ms)
[----------] 1 test from BoundedNN (0 ms total)

[----------] Global test environment tear-down
[==========] 1 test from 1 test suite ran. (0 ms total)
[  PASSED  ] 1 test.
<end of output>
Test time =   0.05 sec
----------------------------------------------------------
Test Passed.
"BoundedNN.AssignZeroNonzeroTest" end time: Apr 28 15:39 EDT
"BoundedNN.AssignZeroNonzeroTest" time elapsed: 00:00:00
----------------------------------------------------------

31/553 Testing: BoundedNN.AssignNonzeroZeroTest
31/553 Test: BoundedNN.AssignNonzeroZeroTest
Command: "/mnt/c/Users/rache/OneDrive/Desktop/forked_cleanpplib/cleanpplib/cleanpp-gtest/build/TestBoundedNN" "--gtest_filter=BoundedNN.AssignNonzeroZeroTest" "--gtest_also_run_disabled_tests"
Directory: /mnt/c/Users/rache/OneDrive/Desktop/forked_cleanpplib/cleanpplib/cleanpp-gtest/build
"BoundedNN.AssignNonzeroZeroTest" start time: Apr 28 15:39 EDT
Output:
----------------------------------------------------------
Running main() from /mnt/c/Users/rache/OneDrive/Desktop/forked_cleanpplib/cleanpplib/cleanpp-gtest/build/_deps/googletest-src/googletest/src/gtest_main.cc
Note: Google Test filter = BoundedNN.AssignNonzeroZeroTest
[==========] Running 1 test from 1 test suite.
[----------] Global test environment set-up.
[----------] 1 test from BoundedNN
[ RUN      ] BoundedNN.AssignNonzeroZeroTest
[       OK ] BoundedNN.AssignNonzeroZeroTest (0 ms)
[----------] 1 test from BoundedNN (0 ms total)

[----------] Global test environment tear-down
[==========] 1 test from 1 test suite ran. (0 ms total)
[  PASSED  ] 1 test.
<end of output>
Test time =   0.05 sec
----------------------------------------------------------
Test Passed.
"BoundedNN.AssignNonzeroZeroTest" end time: Apr 28 15:39 EDT
"BoundedNN.AssignNonzeroZeroTest" time elapsed: 00:00:00
----------------------------------------------------------

32/553 Testing: BoundedNN.AssignNonzeroNonzeroTest
32/553 Test: BoundedNN.AssignNonzeroNonzeroTest
Command: "/mnt/c/Users/rache/OneDrive/Desktop/forked_cleanpplib/cleanpplib/cleanpp-gtest/build/TestBoundedNN" "--gtest_filter=BoundedNN.AssignNonzeroNonzeroTest" "--gtest_also_run_disabled_tests"
Directory: /mnt/c/Users/rache/OneDrive/Desktop/forked_cleanpplib/cleanpplib/cleanpp-gtest/build
"BoundedNN.AssignNonzeroNonzeroTest" start time: Apr 28 15:39 EDT
Output:
----------------------------------------------------------
Running main() from /mnt/c/Users/rache/OneDrive/Desktop/forked_cleanpplib/cleanpplib/cleanpp-gtest/build/_deps/googletest-src/googletest/src/gtest_main.cc
Note: Google Test filter = BoundedNN.AssignNonzeroNonzeroTest
[==========] Running 1 test from 1 test suite.
[----------] Global test environment set-up.
[----------] 1 test from BoundedNN
[ RUN      ] BoundedNN.AssignNonzeroNonzeroTest
[       OK ] BoundedNN.AssignNonzeroNonzeroTest (0 ms)
[----------] 1 test from BoundedNN (0 ms total)

[----------] Global test environment tear-down
[==========] 1 test from 1 test suite ran. (0 ms total)
[  PASSED  ] 1 test.
<end of output>
Test time =   0.06 sec
----------------------------------------------------------
Test Passed.
"BoundedNN.AssignNonzeroNonzeroTest" end time: Apr 28 15:39 EDT
"BoundedNN.AssignNonzeroNonzeroTest" time elapsed: 00:00:00
----------------------------------------------------------

33/553 Testing: BoundedNN.AssignMultidigMultidigTest
33/553 Test: BoundedNN.AssignMultidigMultidigTest
Command: "/mnt/c/Users/rache/OneDrive/Desktop/forked_cleanpplib/cleanpplib/cleanpp-gtest/build/TestBoundedNN" "--gtest_filter=BoundedNN.AssignMultidigMultidigTest" "--gtest_also_run_disabled_tests"
Directory: /mnt/c/Users/rache/OneDrive/Desktop/forked_cleanpplib/cleanpplib/cleanpp-gtest/build
"BoundedNN.AssignMultidigMultidigTest" start time: Apr 28 15:39 EDT
Output:
----------------------------------------------------------
Running main() from /mnt/c/Users/rache/OneDrive/Desktop/forked_cleanpplib/cleanpplib/cleanpp-gtest/build/_deps/googletest-src/googletest/src/gtest_main.cc
Note: Google Test filter = BoundedNN.AssignMultidigMultidigTest
[==========] Running 1 test from 1 test suite.
[----------] Global test environment set-up.
[----------] 1 test from BoundedNN
[ RUN      ] BoundedNN.AssignMultidigMultidigTest
[       OK ] BoundedNN.AssignMultidigMultidigTest (0 ms)
[----------] 1 test from BoundedNN (0 ms total)

[----------] Global test environment tear-down
[==========] 1 test from 1 test suite ran. (0 ms total)
[  PASSED  ] 1 test.
<end of output>
Test time =   0.05 sec
----------------------------------------------------------
Test Passed.
"BoundedNN.AssignMultidigMultidigTest" end time: Apr 28 15:39 EDT
"BoundedNN.AssignMultidigMultidigTest" time elapsed: 00:00:00
----------------------------------------------------------

34/553 Testing: BoundedNN.NewInstanceTest
34/553 Test: BoundedNN.NewInstanceTest
Command: "/mnt/c/Users/rache/OneDrive/Desktop/forked_cleanpplib/cleanpplib/cleanpp-gtest/build/TestBoundedNN" "--gtest_filter=BoundedNN.NewInstanceTest" "--gtest_also_run_disabled_tests"
Directory: /mnt/c/Users/rache/OneDrive/Desktop/forked_cleanpplib/cleanpplib/cleanpp-gtest/build
"BoundedNN.NewInstanceTest" start time: Apr 28 15:39 EDT
Output:
----------------------------------------------------------
Running main() from /mnt/c/Users/rache/OneDrive/Desktop/forked_cleanpplib/cleanpplib/cleanpp-gtest/build/_deps/googletest-src/googletest/src/gtest_main.cc
Note: Google Test filter = BoundedNN.NewInstanceTest
[==========] Running 1 test from 1 test suite.
[----------] Global test environment set-up.
[----------] 1 test from BoundedNN
[ RUN      ] BoundedNN.NewInstanceTest
[       OK ] BoundedNN.NewInstanceTest (0 ms)
[----------] 1 test from BoundedNN (0 ms total)

[----------] Global test environment tear-down
[==========] 1 test from 1 test suite ran. (0 ms total)
[  PASSED  ] 1 test.
<end of output>
Test time =   0.05 sec
----------------------------------------------------------
Test Passed.
"BoundedNN.NewInstanceTest" end time: Apr 28 15:39 EDT
"BoundedNN.NewInstanceTest" time elapsed: 00:00:00
----------------------------------------------------------

35/553 Testing: BoundedNN.NewInstance_castedTest
35/553 Test: BoundedNN.NewInstance_castedTest
Command: "/mnt/c/Users/rache/OneDrive/Desktop/forked_cleanpplib/cleanpplib/cleanpp-gtest/build/TestBoundedNN" "--gtest_filter=BoundedNN.NewInstance_castedTest" "--gtest_also_run_disabled_tests"
Directory: /mnt/c/Users/rache/OneDrive/Desktop/forked_cleanpplib/cleanpplib/cleanpp-gtest/build
"BoundedNN.NewInstance_castedTest" start time: Apr 28 15:39 EDT
Output:
----------------------------------------------------------
Running main() from /mnt/c/Users/rache/OneDrive/Desktop/forked_cleanpplib/cleanpplib/cleanpp-gtest/build/_deps/googletest-src/googletest/src/gtest_main.cc
Note: Google Test filter = BoundedNN.NewInstance_castedTest
[==========] Running 1 test from 1 test suite.
[----------] Global test environment set-up.
[----------] 1 test from BoundedNN
[ RUN      ] BoundedNN.NewInstance_castedTest
[       OK ] BoundedNN.NewInstance_castedTest (0 ms)
[----------] 1 test from BoundedNN (0 ms total)

[----------] Global test environment tear-down
[==========] 1 test from 1 test suite ran. (0 ms total)
[  PASSED  ] 1 test.
<end of output>
Test time =   0.05 sec
----------------------------------------------------------
Test Passed.
"BoundedNN.NewInstance_castedTest" end time: Apr 28 15:39 EDT
"BoundedNN.NewInstance_castedTest" time elapsed: 00:00:00
----------------------------------------------------------

36/553 Testing: BoundedNN.ClearZeroTest
36/553 Test: BoundedNN.ClearZeroTest
Command: "/mnt/c/Users/rache/OneDrive/Desktop/forked_cleanpplib/cleanpplib/cleanpp-gtest/build/TestBoundedNN" "--gtest_filter=BoundedNN.ClearZeroTest" "--gtest_also_run_disabled_tests"
Directory: /mnt/c/Users/rache/OneDrive/Desktop/forked_cleanpplib/cleanpplib/cleanpp-gtest/build
"BoundedNN.ClearZeroTest" start time: Apr 28 15:39 EDT
Output:
----------------------------------------------------------
Running main() from /mnt/c/Users/rache/OneDrive/Desktop/forked_cleanpplib/cleanpplib/cleanpp-gtest/build/_deps/googletest-src/googletest/src/gtest_main.cc
Note: Google Test filter = BoundedNN.ClearZeroTest
[==========] Running 1 test from 1 test suite.
[----------] Global test environment set-up.
[----------] 1 test from BoundedNN
[ RUN      ] BoundedNN.ClearZeroTest
[       OK ] BoundedNN.ClearZeroTest (0 ms)
[----------] 1 test from BoundedNN (0 ms total)

[----------] Global test environment tear-down
[==========] 1 test from 1 test suite ran. (0 ms total)
[  PASSED  ] 1 test.
<end of output>
Test time =   0.05 sec
----------------------------------------------------------
Test Passed.
"BoundedNN.ClearZeroTest" end time: Apr 28 15:39 EDT
"BoundedNN.ClearZeroTest" time elapsed: 00:00:00
----------------------------------------------------------

37/553 Testing: BoundedNN.ClearNonZeroTest
37/553 Test: BoundedNN.ClearNonZeroTest
Command: "/mnt/c/Users/rache/OneDrive/Desktop/forked_cleanpplib/cleanpplib/cleanpp-gtest/build/TestBoundedNN" "--gtest_filter=BoundedNN.ClearNonZeroTest" "--gtest_also_run_disabled_tests"
Directory: /mnt/c/Users/rache/OneDrive/Desktop/forked_cleanpplib/cleanpplib/cleanpp-gtest/build
"BoundedNN.ClearNonZeroTest" start time: Apr 28 15:39 EDT
Output:
----------------------------------------------------------
Running main() from /mnt/c/Users/rache/OneDrive/Desktop/forked_cleanpplib/cleanpplib/cleanpp-gtest/build/_deps/googletest-src/googletest/src/gtest_main.cc
Note: Google Test filter = BoundedNN.ClearNonZeroTest
[==========] Running 1 test from 1 test suite.
[----------] Global test environment set-up.
[----------] 1 test from BoundedNN
[ RUN      ] BoundedNN.ClearNonZeroTest
[       OK ] BoundedNN.ClearNonZeroTest (0 ms)
[----------] 1 test from BoundedNN (0 ms total)

[----------] Global test environment tear-down
[==========] 1 test from 1 test suite ran. (0 ms total)
[  PASSED  ] 1 test.
<end of output>
Test time =   0.05 sec
----------------------------------------------------------
Test Passed.
"BoundedNN.ClearNonZeroTest" end time: Apr 28 15:39 EDT
"BoundedNN.ClearNonZeroTest" time elapsed: 00:00:00
----------------------------------------------------------

38/553 Testing: BoundedNN.IncrementZeroTest
38/553 Test: BoundedNN.IncrementZeroTest
Command: "/mnt/c/Users/rache/OneDrive/Desktop/forked_cleanpplib/cleanpplib/cleanpp-gtest/build/TestBoundedNN" "--gtest_filter=BoundedNN.IncrementZeroTest" "--gtest_also_run_disabled_tests"
Directory: /mnt/c/Users/rache/OneDrive/Desktop/forked_cleanpplib/cleanpplib/cleanpp-gtest/build
"BoundedNN.IncrementZeroTest" start time: Apr 28 15:39 EDT
Output:
----------------------------------------------------------
Running main() from /mnt/c/Users/rache/OneDrive/Desktop/forked_cleanpplib/cleanpplib/cleanpp-gtest/build/_deps/googletest-src/googletest/src/gtest_main.cc
Note: Google Test filter = BoundedNN.IncrementZeroTest
[==========] Running 1 test from 1 test suite.
[----------] Global test environment set-up.
[----------] 1 test from BoundedNN
[ RUN      ] BoundedNN.IncrementZeroTest
[       OK ] BoundedNN.IncrementZeroTest (0 ms)
[----------] 1 test from BoundedNN (0 ms total)

[----------] Global test environment tear-down
[==========] 1 test from 1 test suite ran. (0 ms total)
[  PASSED  ] 1 test.
<end of output>
Test time =   0.08 sec
----------------------------------------------------------
Test Passed.
"BoundedNN.IncrementZeroTest" end time: Apr 28 15:39 EDT
"BoundedNN.IncrementZeroTest" time elapsed: 00:00:00
----------------------------------------------------------

39/553 Testing: BoundedNN.IncrementNineTest
39/553 Test: BoundedNN.IncrementNineTest
Command: "/mnt/c/Users/rache/OneDrive/Desktop/forked_cleanpplib/cleanpplib/cleanpp-gtest/build/TestBoundedNN" "--gtest_filter=BoundedNN.IncrementNineTest" "--gtest_also_run_disabled_tests"
Directory: /mnt/c/Users/rache/OneDrive/Desktop/forked_cleanpplib/cleanpplib/cleanpp-gtest/build
"BoundedNN.IncrementNineTest" start time: Apr 28 15:39 EDT
Output:
----------------------------------------------------------
Running main() from /mnt/c/Users/rache/OneDrive/Desktop/forked_cleanpplib/cleanpplib/cleanpp-gtest/build/_deps/googletest-src/googletest/src/gtest_main.cc
Note: Google Test filter = BoundedNN.IncrementNineTest
[==========] Running 1 test from 1 test suite.
[----------] Global test environment set-up.
[----------] 1 test from BoundedNN
[ RUN      ] BoundedNN.IncrementNineTest
[       OK ] BoundedNN.IncrementNineTest (0 ms)
[----------] 1 test from BoundedNN (0 ms total)

[----------] Global test environment tear-down
[==========] 1 test from 1 test suite ran. (0 ms total)
[  PASSED  ] 1 test.
<end of output>
Test time =   0.04 sec
----------------------------------------------------------
Test Passed.
"BoundedNN.IncrementNineTest" end time: Apr 28 15:39 EDT
"BoundedNN.IncrementNineTest" time elapsed: 00:00:00
----------------------------------------------------------

40/553 Testing: BoundedNN.IncrementFiveTest
40/553 Test: BoundedNN.IncrementFiveTest
Command: "/mnt/c/Users/rache/OneDrive/Desktop/forked_cleanpplib/cleanpplib/cleanpp-gtest/build/TestBoundedNN" "--gtest_filter=BoundedNN.IncrementFiveTest" "--gtest_also_run_disabled_tests"
Directory: /mnt/c/Users/rache/OneDrive/Desktop/forked_cleanpplib/cleanpplib/cleanpp-gtest/build
"BoundedNN.IncrementFiveTest" start time: Apr 28 15:39 EDT
Output:
----------------------------------------------------------
Running main() from /mnt/c/Users/rache/OneDrive/Desktop/forked_cleanpplib/cleanpplib/cleanpp-gtest/build/_deps/googletest-src/googletest/src/gtest_main.cc
Note: Google Test filter = BoundedNN.IncrementFiveTest
[==========] Running 1 test from 1 test suite.
[----------] Global test environment set-up.
[----------] 1 test from BoundedNN
[ RUN      ] BoundedNN.IncrementFiveTest
[       OK ] BoundedNN.IncrementFiveTest (0 ms)
[----------] 1 test from BoundedNN (0 ms total)

[----------] Global test environment tear-down
[==========] 1 test from 1 test suite ran. (0 ms total)
[  PASSED  ] 1 test.
<end of output>
Test time =   0.04 sec
----------------------------------------------------------
Test Passed.
"BoundedNN.IncrementFiveTest" end time: Apr 28 15:39 EDT
"BoundedNN.IncrementFiveTest" time elapsed: 00:00:00
----------------------------------------------------------

41/553 Testing: BoundedNN.DecrementOneTest
41/553 Test: BoundedNN.DecrementOneTest
Command: "/mnt/c/Users/rache/OneDrive/Desktop/forked_cleanpplib/cleanpplib/cleanpp-gtest/build/TestBoundedNN" "--gtest_filter=BoundedNN.DecrementOneTest" "--gtest_also_run_disabled_tests"
Directory: /mnt/c/Users/rache/OneDrive/Desktop/forked_cleanpplib/cleanpplib/cleanpp-gtest/build
"BoundedNN.DecrementOneTest" start time: Apr 28 15:39 EDT
Output:
----------------------------------------------------------
Running main() from /mnt/c/Users/rache/OneDrive/Desktop/forked_cleanpplib/cleanpplib/cleanpp-gtest/build/_deps/googletest-src/googletest/src/gtest_main.cc
Note: Google Test filter = BoundedNN.DecrementOneTest
[==========] Running 1 test from 1 test suite.
[----------] Global test environment set-up.
[----------] 1 test from BoundedNN
[ RUN      ] BoundedNN.DecrementOneTest
[       OK ] BoundedNN.DecrementOneTest (0 ms)
[----------] 1 test from BoundedNN (0 ms total)

[----------] Global test environment tear-down
[==========] 1 test from 1 test suite ran. (0 ms total)
[  PASSED  ] 1 test.
<end of output>
Test time =   0.05 sec
----------------------------------------------------------
Test Passed.
"BoundedNN.DecrementOneTest" end time: Apr 28 15:39 EDT
"BoundedNN.DecrementOneTest" time elapsed: 00:00:00
----------------------------------------------------------

42/553 Testing: BoundedNN.DecrementTenTest
42/553 Test: BoundedNN.DecrementTenTest
Command: "/mnt/c/Users/rache/OneDrive/Desktop/forked_cleanpplib/cleanpplib/cleanpp-gtest/build/TestBoundedNN" "--gtest_filter=BoundedNN.DecrementTenTest" "--gtest_also_run_disabled_tests"
Directory: /mnt/c/Users/rache/OneDrive/Desktop/forked_cleanpplib/cleanpplib/cleanpp-gtest/build
"BoundedNN.DecrementTenTest" start time: Apr 28 15:39 EDT
Output:
----------------------------------------------------------
Running main() from /mnt/c/Users/rache/OneDrive/Desktop/forked_cleanpplib/cleanpplib/cleanpp-gtest/build/_deps/googletest-src/googletest/src/gtest_main.cc
Note: Google Test filter = BoundedNN.DecrementTenTest
[==========] Running 1 test from 1 test suite.
[----------] Global test environment set-up.
[----------] 1 test from BoundedNN
[ RUN      ] BoundedNN.DecrementTenTest
[       OK ] BoundedNN.DecrementTenTest (0 ms)
[----------] 1 test from BoundedNN (0 ms total)

[----------] Global test environment tear-down
[==========] 1 test from 1 test suite ran. (1 ms total)
[  PASSED  ] 1 test.
<end of output>
Test time =   0.05 sec
----------------------------------------------------------
Test Passed.
"BoundedNN.DecrementTenTest" end time: Apr 28 15:39 EDT
"BoundedNN.DecrementTenTest" time elapsed: 00:00:00
----------------------------------------------------------

43/553 Testing: BoundedNN.DecrementFiveTest
43/553 Test: BoundedNN.DecrementFiveTest
Command: "/mnt/c/Users/rache/OneDrive/Desktop/forked_cleanpplib/cleanpplib/cleanpp-gtest/build/TestBoundedNN" "--gtest_filter=BoundedNN.DecrementFiveTest" "--gtest_also_run_disabled_tests"
Directory: /mnt/c/Users/rache/OneDrive/Desktop/forked_cleanpplib/cleanpplib/cleanpp-gtest/build
"BoundedNN.DecrementFiveTest" start time: Apr 28 15:39 EDT
Output:
----------------------------------------------------------
Running main() from /mnt/c/Users/rache/OneDrive/Desktop/forked_cleanpplib/cleanpplib/cleanpp-gtest/build/_deps/googletest-src/googletest/src/gtest_main.cc
Note: Google Test filter = BoundedNN.DecrementFiveTest
[==========] Running 1 test from 1 test suite.
[----------] Global test environment set-up.
[----------] 1 test from BoundedNN
[ RUN      ] BoundedNN.DecrementFiveTest
[       OK ] BoundedNN.DecrementFiveTest (0 ms)
[----------] 1 test from BoundedNN (0 ms total)

[----------] Global test environment tear-down
[==========] 1 test from 1 test suite ran. (0 ms total)
[  PASSED  ] 1 test.
<end of output>
Test time =   0.05 sec
----------------------------------------------------------
Test Passed.
"BoundedNN.DecrementFiveTest" end time: Apr 28 15:39 EDT
"BoundedNN.DecrementFiveTest" time elapsed: 00:00:00
----------------------------------------------------------

44/553 Testing: BoundedNN.MultRadZero_ZeroTest
44/553 Test: BoundedNN.MultRadZero_ZeroTest
Command: "/mnt/c/Users/rache/OneDrive/Desktop/forked_cleanpplib/cleanpplib/cleanpp-gtest/build/TestBoundedNN" "--gtest_filter=BoundedNN.MultRadZero_ZeroTest" "--gtest_also_run_disabled_tests"
Directory: /mnt/c/Users/rache/OneDrive/Desktop/forked_cleanpplib/cleanpplib/cleanpp-gtest/build
"BoundedNN.MultRadZero_ZeroTest" start time: Apr 28 15:39 EDT
Output:
----------------------------------------------------------
Running main() from /mnt/c/Users/rache/OneDrive/Desktop/forked_cleanpplib/cleanpplib/cleanpp-gtest/build/_deps/googletest-src/googletest/src/gtest_main.cc
Note: Google Test filter = BoundedNN.MultRadZero_ZeroTest
[==========] Running 1 test from 1 test suite.
[----------] Global test environment set-up.
[----------] 1 test from BoundedNN
[ RUN      ] BoundedNN.MultRadZero_ZeroTest
[       OK ] BoundedNN.MultRadZero_ZeroTest (0 ms)
[----------] 1 test from BoundedNN (0 ms total)

[----------] Global test environment tear-down
[==========] 1 test from 1 test suite ran. (0 ms total)
[  PASSED  ] 1 test.
<end of output>
Test time =   0.05 sec
----------------------------------------------------------
Test Passed.
"BoundedNN.MultRadZero_ZeroTest" end time: Apr 28 15:39 EDT
"BoundedNN.MultRadZero_ZeroTest" time elapsed: 00:00:00
----------------------------------------------------------

45/553 Testing: BoundedNN.MultRadZero_FiveTest
45/553 Test: BoundedNN.MultRadZero_FiveTest
Command: "/mnt/c/Users/rache/OneDrive/Desktop/forked_cleanpplib/cleanpplib/cleanpp-gtest/build/TestBoundedNN" "--gtest_filter=BoundedNN.MultRadZero_FiveTest" "--gtest_also_run_disabled_tests"
Directory: /mnt/c/Users/rache/OneDrive/Desktop/forked_cleanpplib/cleanpplib/cleanpp-gtest/build
"BoundedNN.MultRadZero_FiveTest" start time: Apr 28 15:39 EDT
Output:
----------------------------------------------------------
Running main() from /mnt/c/Users/rache/OneDrive/Desktop/forked_cleanpplib/cleanpplib/cleanpp-gtest/build/_deps/googletest-src/googletest/src/gtest_main.cc
Note: Google Test filter = BoundedNN.MultRadZero_FiveTest
[==========] Running 1 test from 1 test suite.
[----------] Global test environment set-up.
[----------] 1 test from BoundedNN
[ RUN      ] BoundedNN.MultRadZero_FiveTest
[       OK ] BoundedNN.MultRadZero_FiveTest (0 ms)
[----------] 1 test from BoundedNN (0 ms total)

[----------] Global test environment tear-down
[==========] 1 test from 1 test suite ran. (0 ms total)
[  PASSED  ] 1 test.
<end of output>
Test time =   0.04 sec
----------------------------------------------------------
Test Passed.
"BoundedNN.MultRadZero_FiveTest" end time: Apr 28 15:39 EDT
"BoundedNN.MultRadZero_FiveTest" time elapsed: 00:00:00
----------------------------------------------------------

46/553 Testing: BoundedNN.MultRadFive_ZeroTest
46/553 Test: BoundedNN.MultRadFive_ZeroTest
Command: "/mnt/c/Users/rache/OneDrive/Desktop/forked_cleanpplib/cleanpplib/cleanpp-gtest/build/TestBoundedNN" "--gtest_filter=BoundedNN.MultRadFive_ZeroTest" "--gtest_also_run_disabled_tests"
Directory: /mnt/c/Users/rache/OneDrive/Desktop/forked_cleanpplib/cleanpplib/cleanpp-gtest/build
"BoundedNN.MultRadFive_ZeroTest" start time: Apr 28 15:39 EDT
Output:
----------------------------------------------------------
Running main() from /mnt/c/Users/rache/OneDrive/Desktop/forked_cleanpplib/cleanpplib/cleanpp-gtest/build/_deps/googletest-src/googletest/src/gtest_main.cc
Note: Google Test filter = BoundedNN.MultRadFive_ZeroTest
[==========] Running 1 test from 1 test suite.
[----------] Global test environment set-up.
[----------] 1 test from BoundedNN
[ RUN      ] BoundedNN.MultRadFive_ZeroTest
[       OK ] BoundedNN.MultRadFive_ZeroTest (0 ms)
[----------] 1 test from BoundedNN (0 ms total)

[----------] Global test environment tear-down
[==========] 1 test from 1 test suite ran. (0 ms total)
[  PASSED  ] 1 test.
<end of output>
Test time =   0.05 sec
----------------------------------------------------------
Test Passed.
"BoundedNN.MultRadFive_ZeroTest" end time: Apr 28 15:39 EDT
"BoundedNN.MultRadFive_ZeroTest" time elapsed: 00:00:00
----------------------------------------------------------

47/553 Testing: BoundedNN.MultRadFive_FiveTest
47/553 Test: BoundedNN.MultRadFive_FiveTest
Command: "/mnt/c/Users/rache/OneDrive/Desktop/forked_cleanpplib/cleanpplib/cleanpp-gtest/build/TestBoundedNN" "--gtest_filter=BoundedNN.MultRadFive_FiveTest" "--gtest_also_run_disabled_tests"
Directory: /mnt/c/Users/rache/OneDrive/Desktop/forked_cleanpplib/cleanpplib/cleanpp-gtest/build
"BoundedNN.MultRadFive_FiveTest" start time: Apr 28 15:39 EDT
Output:
----------------------------------------------------------
Running main() from /mnt/c/Users/rache/OneDrive/Desktop/forked_cleanpplib/cleanpplib/cleanpp-gtest/build/_deps/googletest-src/googletest/src/gtest_main.cc
Note: Google Test filter = BoundedNN.MultRadFive_FiveTest
[==========] Running 1 test from 1 test suite.
[----------] Global test environment set-up.
[----------] 1 test from BoundedNN
[ RUN      ] BoundedNN.MultRadFive_FiveTest
[       OK ] BoundedNN.MultRadFive_FiveTest (0 ms)
[----------] 1 test from BoundedNN (0 ms total)

[----------] Global test environment tear-down
[==========] 1 test from 1 test suite ran. (0 ms total)
[  PASSED  ] 1 test.
<end of output>
Test time =   0.05 sec
----------------------------------------------------------
Test Passed.
"BoundedNN.MultRadFive_FiveTest" end time: Apr 28 15:39 EDT
"BoundedNN.MultRadFive_FiveTest" time elapsed: 00:00:00
----------------------------------------------------------

48/553 Testing: BoundedNN.DivRadZeroTest
48/553 Test: BoundedNN.DivRadZeroTest
Command: "/mnt/c/Users/rache/OneDrive/Desktop/forked_cleanpplib/cleanpplib/cleanpp-gtest/build/TestBoundedNN" "--gtest_filter=BoundedNN.DivRadZeroTest" "--gtest_also_run_disabled_tests"
Directory: /mnt/c/Users/rache/OneDrive/Desktop/forked_cleanpplib/cleanpplib/cleanpp-gtest/build
"BoundedNN.DivRadZeroTest" start time: Apr 28 15:39 EDT
Output:
----------------------------------------------------------
Running main() from /mnt/c/Users/rache/OneDrive/Desktop/forked_cleanpplib/cleanpplib/cleanpp-gtest/build/_deps/googletest-src/googletest/src/gtest_main.cc
Note: Google Test filter = BoundedNN.DivRadZeroTest
[==========] Running 1 test from 1 test suite.
[----------] Global test environment set-up.
[----------] 1 test from BoundedNN
[ RUN      ] BoundedNN.DivRadZeroTest
[       OK ] BoundedNN.DivRadZeroTest (0 ms)
[----------] 1 test from BoundedNN (0 ms total)

[----------] Global test environment tear-down
[==========] 1 test from 1 test suite ran. (0 ms total)
[  PASSED  ] 1 test.
<end of output>
Test time =   0.04 sec
----------------------------------------------------------
Test Passed.
"BoundedNN.DivRadZeroTest" end time: Apr 28 15:39 EDT
"BoundedNN.DivRadZeroTest" time elapsed: 00:00:00
----------------------------------------------------------

49/553 Testing: BoundedNN.DivRadFiveTest
49/553 Test: BoundedNN.DivRadFiveTest
Command: "/mnt/c/Users/rache/OneDrive/Desktop/forked_cleanpplib/cleanpplib/cleanpp-gtest/build/TestBoundedNN" "--gtest_filter=BoundedNN.DivRadFiveTest" "--gtest_also_run_disabled_tests"
Directory: /mnt/c/Users/rache/OneDrive/Desktop/forked_cleanpplib/cleanpplib/cleanpp-gtest/build
"BoundedNN.DivRadFiveTest" start time: Apr 28 15:39 EDT
Output:
----------------------------------------------------------
Running main() from /mnt/c/Users/rache/OneDrive/Desktop/forked_cleanpplib/cleanpplib/cleanpp-gtest/build/_deps/googletest-src/googletest/src/gtest_main.cc
Note: Google Test filter = BoundedNN.DivRadFiveTest
[==========] Running 1 test from 1 test suite.
[----------] Global test environment set-up.
[----------] 1 test from BoundedNN
[ RUN      ] BoundedNN.DivRadFiveTest
[       OK ] BoundedNN.DivRadFiveTest (0 ms)
[----------] 1 test from BoundedNN (0 ms total)

[----------] Global test environment tear-down
[==========] 1 test from 1 test suite ran. (0 ms total)
[  PASSED  ] 1 test.
<end of output>
Test time =   0.04 sec
----------------------------------------------------------
Test Passed.
"BoundedNN.DivRadFiveTest" end time: Apr 28 15:39 EDT
"BoundedNN.DivRadFiveTest" time elapsed: 00:00:00
----------------------------------------------------------

50/553 Testing: BoundedNN.DiveRadFiftyTest
50/553 Test: BoundedNN.DiveRadFiftyTest
Command: "/mnt/c/Users/rache/OneDrive/Desktop/forked_cleanpplib/cleanpplib/cleanpp-gtest/build/TestBoundedNN" "--gtest_filter=BoundedNN.DiveRadFiftyTest" "--gtest_also_run_disabled_tests"
Directory: /mnt/c/Users/rache/OneDrive/Desktop/forked_cleanpplib/cleanpplib/cleanpp-gtest/build
"BoundedNN.DiveRadFiftyTest" start time: Apr 28 15:39 EDT
Output:
----------------------------------------------------------
Running main() from /mnt/c/Users/rache/OneDrive/Desktop/forked_cleanpplib/cleanpplib/cleanpp-gtest/build/_deps/googletest-src/googletest/src/gtest_main.cc
Note: Google Test filter = BoundedNN.DiveRadFiftyTest
[==========] Running 1 test from 1 test suite.
[----------] Global test environment set-up.
[----------] 1 test from BoundedNN
[ RUN      ] BoundedNN.DiveRadFiftyTest
[       OK ] BoundedNN.DiveRadFiftyTest (0 ms)
[----------] 1 test from BoundedNN (0 ms total)

[----------] Global test environment tear-down
[==========] 1 test from 1 test suite ran. (1 ms total)
[  PASSED  ] 1 test.
<end of output>
Test time =   0.05 sec
----------------------------------------------------------
Test Passed.
"BoundedNN.DiveRadFiftyTest" end time: Apr 28 15:39 EDT
"BoundedNN.DiveRadFiftyTest" time elapsed: 00:00:00
----------------------------------------------------------

51/553 Testing: BoundedNN.DivRadFiftyFiveTest
51/553 Test: BoundedNN.DivRadFiftyFiveTest
Command: "/mnt/c/Users/rache/OneDrive/Desktop/forked_cleanpplib/cleanpplib/cleanpp-gtest/build/TestBoundedNN" "--gtest_filter=BoundedNN.DivRadFiftyFiveTest" "--gtest_also_run_disabled_tests"
Directory: /mnt/c/Users/rache/OneDrive/Desktop/forked_cleanpplib/cleanpplib/cleanpp-gtest/build
"BoundedNN.DivRadFiftyFiveTest" start time: Apr 28 15:39 EDT
Output:
----------------------------------------------------------
Running main() from /mnt/c/Users/rache/OneDrive/Desktop/forked_cleanpplib/cleanpplib/cleanpp-gtest/build/_deps/googletest-src/googletest/src/gtest_main.cc
Note: Google Test filter = BoundedNN.DivRadFiftyFiveTest
[==========] Running 1 test from 1 test suite.
[----------] Global test environment set-up.
[----------] 1 test from BoundedNN
[ RUN      ] BoundedNN.DivRadFiftyFiveTest
[       OK ] BoundedNN.DivRadFiftyFiveTest (0 ms)
[----------] 1 test from BoundedNN (0 ms total)

[----------] Global test environment tear-down
[==========] 1 test from 1 test suite ran. (0 ms total)
[  PASSED  ] 1 test.
<end of output>
Test time =   0.04 sec
----------------------------------------------------------
Test Passed.
"BoundedNN.DivRadFiftyFiveTest" end time: Apr 28 15:39 EDT
"BoundedNN.DivRadFiftyFiveTest" time elapsed: 00:00:00
----------------------------------------------------------

52/553 Testing: BoundedNN.AddZeroZeroTest
52/553 Test: BoundedNN.AddZeroZeroTest
Command: "/mnt/c/Users/rache/OneDrive/Desktop/forked_cleanpplib/cleanpplib/cleanpp-gtest/build/TestBoundedNN" "--gtest_filter=BoundedNN.AddZeroZeroTest" "--gtest_also_run_disabled_tests"
Directory: /mnt/c/Users/rache/OneDrive/Desktop/forked_cleanpplib/cleanpplib/cleanpp-gtest/build
"BoundedNN.AddZeroZeroTest" start time: Apr 28 15:39 EDT
Output:
----------------------------------------------------------
Running main() from /mnt/c/Users/rache/OneDrive/Desktop/forked_cleanpplib/cleanpplib/cleanpp-gtest/build/_deps/googletest-src/googletest/src/gtest_main.cc
Note: Google Test filter = BoundedNN.AddZeroZeroTest
[==========] Running 1 test from 1 test suite.
[----------] Global test environment set-up.
[----------] 1 test from BoundedNN
[ RUN      ] BoundedNN.AddZeroZeroTest
[       OK ] BoundedNN.AddZeroZeroTest (0 ms)
[----------] 1 test from BoundedNN (0 ms total)

[----------] Global test environment tear-down
[==========] 1 test from 1 test suite ran. (0 ms total)
[  PASSED  ] 1 test.
<end of output>
Test time =   0.04 sec
----------------------------------------------------------
Test Passed.
"BoundedNN.AddZeroZeroTest" end time: Apr 28 15:39 EDT
"BoundedNN.AddZeroZeroTest" time elapsed: 00:00:00
----------------------------------------------------------

53/553 Testing: BoundedNN.AddZeroFiveTest
53/553 Test: BoundedNN.AddZeroFiveTest
Command: "/mnt/c/Users/rache/OneDrive/Desktop/forked_cleanpplib/cleanpplib/cleanpp-gtest/build/TestBoundedNN" "--gtest_filter=BoundedNN.AddZeroFiveTest" "--gtest_also_run_disabled_tests"
Directory: /mnt/c/Users/rache/OneDrive/Desktop/forked_cleanpplib/cleanpplib/cleanpp-gtest/build
"BoundedNN.AddZeroFiveTest" start time: Apr 28 15:39 EDT
Output:
----------------------------------------------------------
Running main() from /mnt/c/Users/rache/OneDrive/Desktop/forked_cleanpplib/cleanpplib/cleanpp-gtest/build/_deps/googletest-src/googletest/src/gtest_main.cc
Note: Google Test filter = BoundedNN.AddZeroFiveTest
[==========] Running 1 test from 1 test suite.
[----------] Global test environment set-up.
[----------] 1 test from BoundedNN
[ RUN      ] BoundedNN.AddZeroFiveTest
[       OK ] BoundedNN.AddZeroFiveTest (0 ms)
[----------] 1 test from BoundedNN (0 ms total)

[----------] Global test environment tear-down
[==========] 1 test from 1 test suite ran. (0 ms total)
[  PASSED  ] 1 test.
<end of output>
Test time =   0.04 sec
----------------------------------------------------------
Test Passed.
"BoundedNN.AddZeroFiveTest" end time: Apr 28 15:39 EDT
"BoundedNN.AddZeroFiveTest" time elapsed: 00:00:00
----------------------------------------------------------

54/553 Testing: BoundedNN.AddFiveZeroTest
54/553 Test: BoundedNN.AddFiveZeroTest
Command: "/mnt/c/Users/rache/OneDrive/Desktop/forked_cleanpplib/cleanpplib/cleanpp-gtest/build/TestBoundedNN" "--gtest_filter=BoundedNN.AddFiveZeroTest" "--gtest_also_run_disabled_tests"
Directory: /mnt/c/Users/rache/OneDrive/Desktop/forked_cleanpplib/cleanpplib/cleanpp-gtest/build
"BoundedNN.AddFiveZeroTest" start time: Apr 28 15:39 EDT
Output:
----------------------------------------------------------
Running main() from /mnt/c/Users/rache/OneDrive/Desktop/forked_cleanpplib/cleanpplib/cleanpp-gtest/build/_deps/googletest-src/googletest/src/gtest_main.cc
Note: Google Test filter = BoundedNN.AddFiveZeroTest
[==========] Running 1 test from 1 test suite.
[----------] Global test environment set-up.
[----------] 1 test from BoundedNN
[ RUN      ] BoundedNN.AddFiveZeroTest
[       OK ] BoundedNN.AddFiveZeroTest (0 ms)
[----------] 1 test from BoundedNN (0 ms total)

[----------] Global test environment tear-down
[==========] 1 test from 1 test suite ran. (0 ms total)
[  PASSED  ] 1 test.
<end of output>
Test time =   0.04 sec
----------------------------------------------------------
Test Passed.
"BoundedNN.AddFiveZeroTest" end time: Apr 28 15:39 EDT
"BoundedNN.AddFiveZeroTest" time elapsed: 00:00:00
----------------------------------------------------------

55/553 Testing: BoundedNN.AddFourFourTest
55/553 Test: BoundedNN.AddFourFourTest
Command: "/mnt/c/Users/rache/OneDrive/Desktop/forked_cleanpplib/cleanpplib/cleanpp-gtest/build/TestBoundedNN" "--gtest_filter=BoundedNN.AddFourFourTest" "--gtest_also_run_disabled_tests"
Directory: /mnt/c/Users/rache/OneDrive/Desktop/forked_cleanpplib/cleanpplib/cleanpp-gtest/build
"BoundedNN.AddFourFourTest" start time: Apr 28 15:39 EDT
Output:
----------------------------------------------------------
Running main() from /mnt/c/Users/rache/OneDrive/Desktop/forked_cleanpplib/cleanpplib/cleanpp-gtest/build/_deps/googletest-src/googletest/src/gtest_main.cc
Note: Google Test filter = BoundedNN.AddFourFourTest
[==========] Running 1 test from 1 test suite.
[...]
Directory: /mnt/c/Users/rache/OneDrive/Desktop/forked_cleanpplib/cleanpplib/cleanpp-gtest/build
"VectorInteger.SubtractZeroZeroTest" start time: Apr 28 15:39 EDT
Output:
----------------------------------------------------------
Running main() from /mnt/c/Users/rache/OneDrive/Desktop/forked_cleanpplib/cleanpplib/cleanpp-gtest/build/_deps/googletest-src/googletest/src/gtest_main.cc
Note: Google Test filter = VectorInteger.SubtractZeroZeroTest
[==========] Running 1 test from 1 test suite.
[----------] Global test environment set-up.
[----------] 1 test from VectorInteger
[ RUN      ] VectorInteger.SubtractZeroZeroTest
[       OK ] VectorInteger.SubtractZeroZeroTest (0 ms)
[----------] 1 test from VectorInteger (0 ms total)

[----------] Global test environment tear-down
[==========] 1 test from 1 test suite ran. (1 ms total)
[  PASSED  ] 1 test.
<end of output>
Test time =   0.05 sec
----------------------------------------------------------
Test Passed.
"VectorInteger.SubtractZeroZeroTest" end time: Apr 28 15:39 EDT
"VectorInteger.SubtractZeroZeroTest" time elapsed: 00:00:00
----------------------------------------------------------

541/553 Testing: VectorInteger.SubtractFiveZeroTest
541/553 Test: VectorInteger.SubtractFiveZeroTest
Command: "/mnt/c/Users/rache/OneDrive/Desktop/forked_cleanpplib/cleanpplib/cleanpp-gtest/build/TestVectorInteger" "--gtest_filter=VectorInteger.SubtractFiveZeroTest" "--gtest_also_run_disabled_tests"
Directory: /mnt/c/Users/rache/OneDrive/Desktop/forked_cleanpplib/cleanpplib/cleanpp-gtest/build
"VectorInteger.SubtractFiveZeroTest" start time: Apr 28 15:39 EDT
Output:
----------------------------------------------------------
Running main() from /mnt/c/Users/rache/OneDrive/Desktop/forked_cleanpplib/cleanpplib/cleanpp-gtest/build/_deps/googletest-src/googletest/src/gtest_main.cc
Note: Google Test filter = VectorInteger.SubtractFiveZeroTest
[==========] Running 1 test from 1 test suite.
[----------] Global test environment set-up.
[----------] 1 test from VectorInteger
[ RUN      ] VectorInteger.SubtractFiveZeroTest
[       OK ] VectorInteger.SubtractFiveZeroTest (0 ms)
[----------] 1 test from VectorInteger (1 ms total)

[----------] Global test environment tear-down
[==========] 1 test from 1 test suite ran. (1 ms total)
[  PASSED  ] 1 test.
<end of output>
Test time =   0.06 sec
----------------------------------------------------------
Test Passed.
"VectorInteger.SubtractFiveZeroTest" end time: Apr 28 15:39 EDT
"VectorInteger.SubtractFiveZeroTest" time elapsed: 00:00:00
----------------------------------------------------------

542/553 Testing: VectorInteger.SubtractFourFourTest
542/553 Test: VectorInteger.SubtractFourFourTest
Command: "/mnt/c/Users/rache/OneDrive/Desktop/forked_cleanpplib/cleanpplib/cleanpp-gtest/build/TestVectorInteger" "--gtest_filter=VectorInteger.SubtractFourFourTest" "--gtest_also_run_disabled_tests"
Directory: /mnt/c/Users/rache/OneDrive/Desktop/forked_cleanpplib/cleanpplib/cleanpp-gtest/build
"VectorInteger.SubtractFourFourTest" start time: Apr 28 15:39 EDT
Output:
----------------------------------------------------------
Running main() from /mnt/c/Users/rache/OneDrive/Desktop/forked_cleanpplib/cleanpplib/cleanpp-gtest/build/_deps/googletest-src/googletest/src/gtest_main.cc
Note: Google Test filter = VectorInteger.SubtractFourFourTest
[==========] Running 1 test from 1 test suite.
[----------] Global test environment set-up.
[----------] 1 test from VectorInteger
[ RUN      ] VectorInteger.SubtractFourFourTest
[       OK ] VectorInteger.SubtractFourFourTest (0 ms)
[----------] 1 test from VectorInteger (0 ms total)

[----------] Global test environment tear-down
[==========] 1 test from 1 test suite ran. (0 ms total)
[  PASSED  ] 1 test.
<end of output>
Test time =   0.06 sec
----------------------------------------------------------
Test Passed.
"VectorInteger.SubtractFourFourTest" end time: Apr 28 15:39 EDT
"VectorInteger.SubtractFourFourTest" time elapsed: 00:00:00
----------------------------------------------------------

543/553 Testing: VectorInteger.SubtractTenTenTest
543/553 Test: VectorInteger.SubtractTenTenTest
Command: "/mnt/c/Users/rache/OneDrive/Desktop/forked_cleanpplib/cleanpplib/cleanpp-gtest/build/TestVectorInteger" "--gtest_filter=VectorInteger.SubtractTenTenTest" "--gtest_also_run_disabled_tests"
Directory: /mnt/c/Users/rache/OneDrive/Desktop/forked_cleanpplib/cleanpplib/cleanpp-gtest/build
"VectorInteger.SubtractTenTenTest" start time: Apr 28 15:39 EDT
Output:
----------------------------------------------------------
Running main() from /mnt/c/Users/rache/OneDrive/Desktop/forked_cleanpplib/cleanpplib/cleanpp-gtest/build/_deps/googletest-src/googletest/src/gtest_main.cc
Note: Google Test filter = VectorInteger.SubtractTenTenTest
[==========] Running 1 test from 1 test suite.
[----------] Global test environment set-up.
[----------] 1 test from VectorInteger
[ RUN      ] VectorInteger.SubtractTenTenTest
[       OK ] VectorInteger.SubtractTenTenTest (0 ms)
[----------] 1 test from VectorInteger (0 ms total)

[----------] Global test environment tear-down
[==========] 1 test from 1 test suite ran. (0 ms total)
[  PASSED  ] 1 test.
<end of output>
Test time =   0.06 sec
----------------------------------------------------------
Test Passed.
"VectorInteger.SubtractTenTenTest" end time: Apr 28 15:39 EDT
"VectorInteger.SubtractTenTenTest" time elapsed: 00:00:00
----------------------------------------------------------

544/553 Testing: VectorInteger.Subtract77_66Test
544/553 Test: VectorInteger.Subtract77_66Test
Command: "/mnt/c/Users/rache/OneDrive/Desktop/forked_cleanpplib/cleanpplib/cleanpp-gtest/build/TestVectorInteger" "--gtest_filter=VectorInteger.Subtract77_66Test" "--gtest_also_run_disabled_tests"
Directory: /mnt/c/Users/rache/OneDrive/Desktop/forked_cleanpplib/cleanpplib/cleanpp-gtest/build
"VectorInteger.Subtract77_66Test" start time: Apr 28 15:39 EDT
Output:
----------------------------------------------------------
Running main() from /mnt/c/Users/rache/OneDrive/Desktop/forked_cleanpplib/cleanpplib/cleanpp-gtest/build/_deps/googletest-src/googletest/src/gtest_main.cc
Note: Google Test filter = VectorInteger.Subtract77_66Test
[==========] Running 1 test from 1 test suite.
[----------] Global test environment set-up.
[----------] 1 test from VectorInteger
[ RUN      ] VectorInteger.Subtract77_66Test
[       OK ] VectorInteger.Subtract77_66Test (0 ms)
[----------] 1 test from VectorInteger (0 ms total)

[----------] Global test environment tear-down
[==========] 1 test from 1 test suite ran. (0 ms total)
[  PASSED  ] 1 test.
<end of output>
Test time =   0.08 sec
----------------------------------------------------------
Test Passed.
"VectorInteger.Subtract77_66Test" end time: Apr 28 15:39 EDT
"VectorInteger.Subtract77_66Test" time elapsed: 00:00:00
----------------------------------------------------------

545/553 Testing: VectorInteger.Subtract77_6Test
545/553 Test: VectorInteger.Subtract77_6Test
Command: "/mnt/c/Users/rache/OneDrive/Desktop/forked_cleanpplib/cleanpplib/cleanpp-gtest/build/TestVectorInteger" "--gtest_filter=VectorInteger.Subtract77_6Test" "--gtest_also_run_disabled_tests"
Directory: /mnt/c/Users/rache/OneDrive/Desktop/forked_cleanpplib/cleanpplib/cleanpp-gtest/build
"VectorInteger.Subtract77_6Test" start time: Apr 28 15:39 EDT
Output:
----------------------------------------------------------
Running main() from /mnt/c/Users/rache/OneDrive/Desktop/forked_cleanpplib/cleanpplib/cleanpp-gtest/build/_deps/googletest-src/googletest/src/gtest_main.cc
Note: Google Test filter = VectorInteger.Subtract77_6Test
[==========] Running 1 test from 1 test suite.
[----------] Global test environment set-up.
[----------] 1 test from VectorInteger
[ RUN      ] VectorInteger.Subtract77_6Test
[       OK ] VectorInteger.Subtract77_6Test (0 ms)
[----------] 1 test from VectorInteger (0 ms total)

[----------] Global test environment tear-down
[==========] 1 test from 1 test suite ran. (0 ms total)
[  PASSED  ] 1 test.
<end of output>
Test time =   0.06 sec
----------------------------------------------------------
Test Passed.
"VectorInteger.Subtract77_6Test" end time: Apr 28 15:39 EDT
"VectorInteger.Subtract77_6Test" time elapsed: 00:00:00
----------------------------------------------------------

546/553 Testing: VectorInteger.Subtract71_66Test
546/553 Test: VectorInteger.Subtract71_66Test
Command: "/mnt/c/Users/rache/OneDrive/Desktop/forked_cleanpplib/cleanpplib/cleanpp-gtest/build/TestVectorInteger" "--gtest_filter=VectorInteger.Subtract71_66Test" "--gtest_also_run_disabled_tests"
Directory: /mnt/c/Users/rache/OneDrive/Desktop/forked_cleanpplib/cleanpplib/cleanpp-gtest/build
"VectorInteger.Subtract71_66Test" start time: Apr 28 15:39 EDT
Output:
----------------------------------------------------------
Running main() from /mnt/c/Users/rache/OneDrive/Desktop/forked_cleanpplib/cleanpplib/cleanpp-gtest/build/_deps/googletest-src/googletest/src/gtest_main.cc
Note: Google Test filter = VectorInteger.Subtract71_66Test
[==========] Running 1 test from 1 test suite.
[----------] Global test environment set-up.
[----------] 1 test from VectorInteger
[ RUN      ] VectorInteger.Subtract71_66Test
[       OK ] VectorInteger.Subtract71_66Test (0 ms)
[----------] 1 test from VectorInteger (0 ms total)

[----------] Global test environment tear-down
[==========] 1 test from 1 test suite ran. (0 ms total)
[  PASSED  ] 1 test.
<end of output>
Test time =   0.06 sec
----------------------------------------------------------
Test Passed.
"VectorInteger.Subtract71_66Test" end time: Apr 28 15:39 EDT
"VectorInteger.Subtract71_66Test" time elapsed: 00:00:00
----------------------------------------------------------

547/553 Testing: VectorInteger.Subtract3_4Test
547/553 Test: VectorInteger.Subtract3_4Test
Command: "/mnt/c/Users/rache/OneDrive/Desktop/forked_cleanpplib/cleanpplib/cleanpp-gtest/build/TestVectorInteger" "--gtest_filter=VectorInteger.Subtract3_4Test" "--gtest_also_run_disabled_tests"
Directory: /mnt/c/Users/rache/OneDrive/Desktop/forked_cleanpplib/cleanpplib/cleanpp-gtest/build
"VectorInteger.Subtract3_4Test" start time: Apr 28 15:39 EDT
Output:
----------------------------------------------------------
Running main() from /mnt/c/Users/rache/OneDrive/Desktop/forked_cleanpplib/cleanpplib/cleanpp-gtest/build/_deps/googletest-src/googletest/src/gtest_main.cc
Note: Google Test filter = VectorInteger.Subtract3_4Test
[==========] Running 1 test from 1 test suite.
[----------] Global test environment set-up.
[----------] 1 test from VectorInteger
[ RUN      ] VectorInteger.Subtract3_4Test
[       OK ] VectorInteger.Subtract3_4Test (0 ms)
[----------] 1 test from VectorInteger (0 ms total)

[----------] Global test environment tear-down
[==========] 1 test from 1 test suite ran. (0 ms total)
[  PASSED  ] 1 test.
<end of output>
Test time =   0.07 sec
----------------------------------------------------------
Test Passed.
"VectorInteger.Subtract3_4Test" end time: Apr 28 15:39 EDT
"VectorInteger.Subtract3_4Test" time elapsed: 00:00:00
----------------------------------------------------------

548/553 Testing: VectorInteger.SubtractNegFiveZeroTest
548/553 Test: VectorInteger.SubtractNegFiveZeroTest
Command: "/mnt/c/Users/rache/OneDrive/Desktop/forked_cleanpplib/cleanpplib/cleanpp-gtest/build/TestVectorInteger" "--gtest_filter=VectorInteger.SubtractNegFiveZeroTest" "--gtest_also_run_disabled_tests"
Directory: /mnt/c/Users/rache/OneDrive/Desktop/forked_cleanpplib/cleanpplib/cleanpp-gtest/build
"VectorInteger.SubtractNegFiveZeroTest" start time: Apr 28 15:39 EDT
Output:
----------------------------------------------------------
Running main() from /mnt/c/Users/rache/OneDrive/Desktop/forked_cleanpplib/cleanpplib/cleanpp-gtest/build/_deps/googletest-src/googletest/src/gtest_main.cc
Note: Google Test filter = VectorInteger.SubtractNegFiveZeroTest
[==========] Running 1 test from 1 test suite.
[----------] Global test environment set-up.
[----------] 1 test from VectorInteger
[ RUN      ] VectorInteger.SubtractNegFiveZeroTest
[       OK ] VectorInteger.SubtractNegFiveZeroTest (0 ms)
[----------] 1 test from VectorInteger (0 ms total)

[----------] Global test environment tear-down
[==========] 1 test from 1 test suite ran. (0 ms total)
[  PASSED  ] 1 test.
<end of output>
Test time =   0.05 sec
----------------------------------------------------------
Test Passed.
"VectorInteger.SubtractNegFiveZeroTest" end time: Apr 28 15:39 EDT
"VectorInteger.SubtractNegFiveZeroTest" time elapsed: 00:00:00
----------------------------------------------------------

549/553 Testing: VectorInteger.SubtractFourNegFourTest
549/553 Test: VectorInteger.SubtractFourNegFourTest
Command: "/mnt/c/Users/rache/OneDrive/Desktop/forked_cleanpplib/cleanpplib/cleanpp-gtest/build/TestVectorInteger" "--gtest_filter=VectorInteger.SubtractFourNegFourTest" "--gtest_also_run_disabled_tests"
Directory: /mnt/c/Users/rache/OneDrive/Desktop/forked_cleanpplib/cleanpplib/cleanpp-gtest/build
"VectorInteger.SubtractFourNegFourTest" start time: Apr 28 15:39 EDT
Output:
----------------------------------------------------------
Running main() from /mnt/c/Users/rache/OneDrive/Desktop/forked_cleanpplib/cleanpplib/cleanpp-gtest/build/_deps/googletest-src/googletest/src/gtest_main.cc
Note: Google Test filter = VectorInteger.SubtractFourNegFourTest
[==========] Running 1 test from 1 test suite.
[----------] Global test environment set-up.
[----------] 1 test from VectorInteger
[ RUN      ] VectorInteger.SubtractFourNegFourTest
[       OK ] VectorInteger.SubtractFourNegFourTest (0 ms)
[----------] 1 test from VectorInteger (0 ms total)

[----------] Global test environment tear-down
[==========] 1 test from 1 test suite ran. (0 ms total)
[  PASSED  ] 1 test.
<end of output>
Test time =   0.06 sec
----------------------------------------------------------
Test Passed.
"VectorInteger.SubtractFourNegFourTest" end time: Apr 28 15:39 EDT
"VectorInteger.SubtractFourNegFourTest" time elapsed: 00:00:00
----------------------------------------------------------

550/553 Testing: VectorInteger.SubtractNegFourNegFourTest
550/553 Test: VectorInteger.SubtractNegFourNegFourTest
Command: "/mnt/c/Users/rache/OneDrive/Desktop/forked_cleanpplib/cleanpplib/cleanpp-gtest/build/TestVectorInteger" "--gtest_filter=VectorInteger.SubtractNegFourNegFourTest" "--gtest_also_run_disabled_tests"
Directory: /mnt/c/Users/rache/OneDrive/Desktop/forked_cleanpplib/cleanpplib/cleanpp-gtest/build
"VectorInteger.SubtractNegFourNegFourTest" start time: Apr 28 15:39 EDT
Output:
----------------------------------------------------------
Running main() from /mnt/c/Users/rache/OneDrive/Desktop/forked_cleanpplib/cleanpplib/cleanpp-gtest/build/_deps/googletest-src/googletest/src/gtest_main.cc
Note: Google Test filter = VectorInteger.SubtractNegFourNegFourTest
[==========] Running 1 test from 1 test suite.
[----------] Global test environment set-up.
[----------] 1 test from VectorInteger
[ RUN      ] VectorInteger.SubtractNegFourNegFourTest
[       OK ] VectorInteger.SubtractNegFourNegFourTest (0 ms)
[----------] 1 test from VectorInteger (0 ms total)

[----------] Global test environment tear-down
[==========] 1 test from 1 test suite ran. (0 ms total)
[  PASSED  ] 1 test.
<end of output>
Test time =   0.06 sec
----------------------------------------------------------
Test Passed.
"VectorInteger.SubtractNegFourNegFourTest" end time: Apr 28 15:39 EDT
"VectorInteger.SubtractNegFourNegFourTest" time elapsed: 00:00:00
----------------------------------------------------------

551/553 Testing: VectorInteger.Subtract77_Neg66Test
551/553 Test: VectorInteger.Subtract77_Neg66Test
Command: "/mnt/c/Users/rache/OneDrive/Desktop/forked_cleanpplib/cleanpplib/cleanpp-gtest/build/TestVectorInteger" "--gtest_filter=VectorInteger.Subtract77_Neg66Test" "--gtest_also_run_disabled_tests"
Directory: /mnt/c/Users/rache/OneDrive/Desktop/forked_cleanpplib/cleanpplib/cleanpp-gtest/build
"VectorInteger.Subtract77_Neg66Test" start time: Apr 28 15:39 EDT
Output:
----------------------------------------------------------
Running main() from /mnt/c/Users/rache/OneDrive/Desktop/forked_cleanpplib/cleanpplib/cleanpp-gtest/build/_deps/googletest-src/googletest/src/gtest_main.cc
Note: Google Test filter = VectorInteger.Subtract77_Neg66Test
[==========] Running 1 test from 1 test suite.
[----------] Global test environment set-up.
[----------] 1 test from VectorInteger
[ RUN      ] VectorInteger.Subtract77_Neg66Test
[       OK ] VectorInteger.Subtract77_Neg66Test (0 ms)
[----------] 1 test from VectorInteger (0 ms total)

[----------] Global test environment tear-down
[==========] 1 test from 1 test suite ran. (1 ms total)
[  PASSED  ] 1 test.
<end of output>
Test time =   0.06 sec
----------------------------------------------------------
Test Passed.
"VectorInteger.Subtract77_Neg66Test" end time: Apr 28 15:39 EDT
"VectorInteger.Subtract77_Neg66Test" time elapsed: 00:00:00
----------------------------------------------------------

552/553 Testing: VectorInteger.SubtractNeg77_66Test
552/553 Test: VectorInteger.SubtractNeg77_66Test
Command: "/mnt/c/Users/rache/OneDrive/Desktop/forked_cleanpplib/cleanpplib/cleanpp-gtest/build/TestVectorInteger" "--gtest_filter=VectorInteger.SubtractNeg77_66Test" "--gtest_also_run_disabled_tests"
Directory: /mnt/c/Users/rache/OneDrive/Desktop/forked_cleanpplib/cleanpplib/cleanpp-gtest/build
"VectorInteger.SubtractNeg77_66Test" start time: Apr 28 15:39 EDT
Output:
----------------------------------------------------------
Running main() from /mnt/c/Users/rache/OneDrive/Desktop/forked_cleanpplib/cleanpplib/cleanpp-gtest/build/_deps/googletest-src/googletest/src/gtest_main.cc
Note: Google Test filter = VectorInteger.SubtractNeg77_66Test
[==========] Running 1 test from 1 test suite.
[----------] Global test environment set-up.
[----------] 1 test from VectorInteger
[ RUN      ] VectorInteger.SubtractNeg77_66Test
[       OK ] VectorInteger.SubtractNeg77_66Test (0 ms)
[----------] 1 test from VectorInteger (0 ms total)

[----------] Global test environment tear-down
[==========] 1 test from 1 test suite ran. (1 ms total)
[  PASSED  ] 1 test.
<end of output>
Test time =   0.05 sec
----------------------------------------------------------
Test Passed.
"VectorInteger.SubtractNeg77_66Test" end time: Apr 28 15:39 EDT
"VectorInteger.SubtractNeg77_66Test" time elapsed: 00:00:00
----------------------------------------------------------

553/553 Testing: VectorInteger.Subtract1_2Test
553/553 Test: VectorInteger.Subtract1_2Test
Command: "/mnt/c/Users/rache/OneDrive/Desktop/forked_cleanpplib/cleanpplib/cleanpp-gtest/build/TestVectorInteger" "--gtest_filter=VectorInteger.Subtract1_2Test" "--gtest_also_run_disabled_tests"
Directory: /mnt/c/Users/rache/OneDrive/Desktop/forked_cleanpplib/cleanpplib/cleanpp-gtest/build
"VectorInteger.Subtract1_2Test" start time: Apr 28 15:39 EDT
Output:
----------------------------------------------------------
Running main() from /mnt/c/Users/rache/OneDrive/Desktop/forked_cleanpplib/cleanpplib/cleanpp-gtest/build/_deps/googletest-src/googletest/src/gtest_main.cc
Note: Google Test filter = VectorInteger.Subtract1_2Test
[==========] Running 1 test from 1 test suite.
[----------] Global test environment set-up.
[----------] 1 test from VectorInteger
[ RUN      ] VectorInteger.Subtract1_2Test
[       OK ] VectorInteger.Subtract1_2Test (0 ms)
[----------] 1 test from VectorInteger (0 ms total)

[----------] Global test environment tear-down
[==========] 1 test from 1 test suite ran. (0 ms total)
[  PASSED  ] 1 test.
<end of output>
Test time =   0.06 sec
----------------------------------------------------------
Test Passed.
"VectorInteger.Subtract1_2Test" end time: Apr 28 15:39 EDT
"VectorInteger.Subtract1_2Test" time elapsed: 00:00:00
----------------------------------------------------------

End testing: Apr 28 15:39 EDT
