Start testing: May 10 18:02 EDT
----------------------------------------------------------
1/573 Testing: ArrayQueueNaturalNumber.InitializerDefTest
1/573 Test: ArrayQueueNaturalNumber.InitializerDefTest
Command: "/home/wwjanning400m/forked_cleanpplib_linux/cleanpplib/cleanpp-gtest/build/TestArrayQueueNaturalNumber" "--gtest_filter=ArrayQueueNaturalNumber.InitializerDefTest" "--gtest_also_run_disabled_tests"
Directory: /home/wwjanning400m/forked_cleanpplib_linux/cleanpplib/cleanpp-gtest/build
"ArrayQueueNaturalNumber.InitializerDefTest" start time: May 10 18:02 EDT
Output:
----------------------------------------------------------
Running main() from /home/wwjanning400m/forked_cleanpplib_linux/cleanpplib/cleanpp-gtest/build/_deps/googletest-src/googletest/src/gtest_main.cc
Note: Google Test filter = ArrayQueueNaturalNumber.InitializerDefTest
[==========] Running 1 test from 1 test suite.
[----------] Global test environment set-up.
[----------] 1 test from ArrayQueueNaturalNumber
[ RUN      ] ArrayQueueNaturalNumber.InitializerDefTest
[       OK ] ArrayQueueNaturalNumber.InitializerDefTest (0 ms)
[----------] 1 test from ArrayQueueNaturalNumber (0 ms total)

[----------] Global test environment tear-down
[==========] 1 test from 1 test suite ran. (0 ms total)
[  PASSED  ] 1 test.
<end of output>
Test time =   0.00 sec
----------------------------------------------------------
Test Passed.
"ArrayQueueNaturalNumber.InitializerDefTest" end time: May 10 18:02 EDT
"ArrayQueueNaturalNumber.InitializerDefTest" time elapsed: 00:00:00
----------------------------------------------------------

2/573 Testing: ArrayQueueNaturalNumber.ClearEmptyTest
2/573 Test: ArrayQueueNaturalNumber.ClearEmptyTest
Command: "/home/wwjanning400m/forked_cleanpplib_linux/cleanpplib/cleanpp-gtest/build/TestArrayQueueNaturalNumber" "--gtest_filter=ArrayQueueNaturalNumber.ClearEmptyTest" "--gtest_also_run_disabled_tests"
Directory: /home/wwjanning400m/forked_cleanpplib_linux/cleanpplib/cleanpp-gtest/build
"ArrayQueueNaturalNumber.ClearEmptyTest" start time: May 10 18:02 EDT
Output:
----------------------------------------------------------
Running main() from /home/wwjanning400m/forked_cleanpplib_linux/cleanpplib/cleanpp-gtest/build/_deps/googletest-src/googletest/src/gtest_main.cc
Note: Google Test filter = ArrayQueueNaturalNumber.ClearEmptyTest
[==========] Running 1 test from 1 test suite.
[----------] Global test environment set-up.
[----------] 1 test from ArrayQueueNaturalNumber
[ RUN      ] ArrayQueueNaturalNumber.ClearEmptyTest
[       OK ] ArrayQueueNaturalNumber.ClearEmptyTest (0 ms)
[----------] 1 test from ArrayQueueNaturalNumber (0 ms total)

[----------] Global test environment tear-down
[==========] 1 test from 1 test suite ran. (0 ms total)
[  PASSED  ] 1 test.
<end of output>
Test time =   0.00 sec
----------------------------------------------------------
Test Passed.
"ArrayQueueNaturalNumber.ClearEmptyTest" end time: May 10 18:02 EDT
"ArrayQueueNaturalNumber.ClearEmptyTest" time elapsed: 00:00:00
----------------------------------------------------------

3/573 Testing: ArrayQueueNaturalNumber.ClearSingleElementTest
3/573 Test: ArrayQueueNaturalNumber.ClearSingleElementTest
Command: "/home/wwjanning400m/forked_cleanpplib_linux/cleanpplib/cleanpp-gtest/build/TestArrayQueueNaturalNumber" "--gtest_filter=ArrayQueueNaturalNumber.ClearSingleElementTest" "--gtest_also_run_disabled_tests"
Directory: /home/wwjanning400m/forked_cleanpplib_linux/cleanpplib/cleanpp-gtest/build
"ArrayQueueNaturalNumber.ClearSingleElementTest" start time: May 10 18:02 EDT
Output:
----------------------------------------------------------
Running main() from /home/wwjanning400m/forked_cleanpplib_linux/cleanpplib/cleanpp-gtest/build/_deps/googletest-src/googletest/src/gtest_main.cc
Note: Google Test filter = ArrayQueueNaturalNumber.ClearSingleElementTest
[==========] Running 1 test from 1 test suite.
[----------] Global test environment set-up.
[----------] 1 test from ArrayQueueNaturalNumber
[ RUN      ] ArrayQueueNaturalNumber.ClearSingleElementTest
[       OK ] ArrayQueueNaturalNumber.ClearSingleElementTest (0 ms)
[----------] 1 test from ArrayQueueNaturalNumber (0 ms total)

[----------] Global test environment tear-down
[==========] 1 test from 1 test suite ran. (0 ms total)
[  PASSED  ] 1 test.
<end of output>
Test time =   0.00 sec
----------------------------------------------------------
Test Passed.
"ArrayQueueNaturalNumber.ClearSingleElementTest" end time: May 10 18:02 EDT
"ArrayQueueNaturalNumber.ClearSingleElementTest" time elapsed: 00:00:00
----------------------------------------------------------

4/573 Testing: ArrayQueueNaturalNumber.ClearManyElementsTest
4/573 Test: ArrayQueueNaturalNumber.ClearManyElementsTest
Command: "/home/wwjanning400m/forked_cleanpplib_linux/cleanpplib/cleanpp-gtest/build/TestArrayQueueNaturalNumber" "--gtest_filter=ArrayQueueNaturalNumber.ClearManyElementsTest" "--gtest_also_run_disabled_tests"
Directory: /home/wwjanning400m/forked_cleanpplib_linux/cleanpplib/cleanpp-gtest/build
"ArrayQueueNaturalNumber.ClearManyElementsTest" start time: May 10 18:02 EDT
Output:
----------------------------------------------------------
Running main() from /home/wwjanning400m/forked_cleanpplib_linux/cleanpplib/cleanpp-gtest/build/_deps/googletest-src/googletest/src/gtest_main.cc
Note: Google Test filter = ArrayQueueNaturalNumber.ClearManyElementsTest
[==========] Running 1 test from 1 test suite.
[----------] Global test environment set-up.
[----------] 1 test from ArrayQueueNaturalNumber
[ RUN      ] ArrayQueueNaturalNumber.ClearManyElementsTest
[       OK ] ArrayQueueNaturalNumber.ClearManyElementsTest (0 ms)
[----------] 1 test from ArrayQueueNaturalNumber (0 ms total)

[----------] Global test environment tear-down
[==========] 1 test from 1 test suite ran. (0 ms total)
[  PASSED  ] 1 test.
<end of output>
Test time =   0.00 sec
----------------------------------------------------------
Test Passed.
"ArrayQueueNaturalNumber.ClearManyElementsTest" end time: May 10 18:02 EDT
"ArrayQueueNaturalNumber.ClearManyElementsTest" time elapsed: 00:00:00
----------------------------------------------------------

5/573 Testing: ArrayQueueNaturalNumber.IsEmpty_EmptyTest
5/573 Test: ArrayQueueNaturalNumber.IsEmpty_EmptyTest
Command: "/home/wwjanning400m/forked_cleanpplib_linux/cleanpplib/cleanpp-gtest/build/TestArrayQueueNaturalNumber" "--gtest_filter=ArrayQueueNaturalNumber.IsEmpty_EmptyTest" "--gtest_also_run_disabled_tests"
Directory: /home/wwjanning400m/forked_cleanpplib_linux/cleanpplib/cleanpp-gtest/build
"ArrayQueueNaturalNumber.IsEmpty_EmptyTest" start time: May 10 18:02 EDT
Output:
----------------------------------------------------------
Running main() from /home/wwjanning400m/forked_cleanpplib_linux/cleanpplib/cleanpp-gtest/build/_deps/googletest-src/googletest/src/gtest_main.cc
Note: Google Test filter = ArrayQueueNaturalNumber.IsEmpty_EmptyTest
[==========] Running 1 test from 1 test suite.
[----------] Global test environment set-up.
[----------] 1 test from ArrayQueueNaturalNumber
[ RUN      ] ArrayQueueNaturalNumber.IsEmpty_EmptyTest
[       OK ] ArrayQueueNaturalNumber.IsEmpty_EmptyTest (0 ms)
[----------] 1 test from ArrayQueueNaturalNumber (0 ms total)

[----------] Global test environment tear-down
[==========] 1 test from 1 test suite ran. (0 ms total)
[  PASSED  ] 1 test.
<end of output>
Test time =   0.00 sec
----------------------------------------------------------
Test Passed.
"ArrayQueueNaturalNumber.IsEmpty_EmptyTest" end time: May 10 18:02 EDT
"ArrayQueueNaturalNumber.IsEmpty_EmptyTest" time elapsed: 00:00:00
----------------------------------------------------------

6/573 Testing: ArrayQueueNaturalNumber.IsEmpty_NonEmptyTest
6/573 Test: ArrayQueueNaturalNumber.IsEmpty_NonEmptyTest
Command: "/home/wwjanning400m/forked_cleanpplib_linux/cleanpplib/cleanpp-gtest/build/TestArrayQueueNaturalNumber" "--gtest_filter=ArrayQueueNaturalNumber.IsEmpty_NonEmptyTest" "--gtest_also_run_disabled_tests"
Directory: /home/wwjanning400m/forked_cleanpplib_linux/cleanpplib/cleanpp-gtest/build
"ArrayQueueNaturalNumber.IsEmpty_NonEmptyTest" start time: May 10 18:02 EDT
Output:
----------------------------------------------------------
Running main() from /home/wwjanning400m/forked_cleanpplib_linux/cleanpplib/cleanpp-gtest/build/_deps/googletest-src/googletest/src/gtest_main.cc
Note: Google Test filter = ArrayQueueNaturalNumber.IsEmpty_NonEmptyTest
[==========] Running 1 test from 1 test suite.
[----------] Global test environment set-up.
[----------] 1 test from ArrayQueueNaturalNumber
[ RUN      ] ArrayQueueNaturalNumber.IsEmpty_NonEmptyTest
[       OK ] ArrayQueueNaturalNumber.IsEmpty_NonEmptyTest (0 ms)
[----------] 1 test from ArrayQueueNaturalNumber (0 ms total)

[----------] Global test environment tear-down
[==========] 1 test from 1 test suite ran. (0 ms total)
[  PASSED  ] 1 test.
<end of output>
Test time =   0.00 sec
----------------------------------------------------------
Test Passed.
"ArrayQueueNaturalNumber.IsEmpty_NonEmptyTest" end time: May 10 18:02 EDT
"ArrayQueueNaturalNumber.IsEmpty_NonEmptyTest" time elapsed: 00:00:00
----------------------------------------------------------

7/573 Testing: ArrayQueueNaturalNumber.IsEmpty_Empty_EnqDeqTest
7/573 Test: ArrayQueueNaturalNumber.IsEmpty_Empty_EnqDeqTest
Command: "/home/wwjanning400m/forked_cleanpplib_linux/cleanpplib/cleanpp-gtest/build/TestArrayQueueNaturalNumber" "--gtest_filter=ArrayQueueNaturalNumber.IsEmpty_Empty_EnqDeqTest" "--gtest_also_run_disabled_tests"
Directory: /home/wwjanning400m/forked_cleanpplib_linux/cleanpplib/cleanpp-gtest/build
"ArrayQueueNaturalNumber.IsEmpty_Empty_EnqDeqTest" start time: May 10 18:02 EDT
Output:
----------------------------------------------------------
Running main() from /home/wwjanning400m/forked_cleanpplib_linux/cleanpplib/cleanpp-gtest/build/_deps/googletest-src/googletest/src/gtest_main.cc
Note: Google Test filter = ArrayQueueNaturalNumber.IsEmpty_Empty_EnqDeqTest
[==========] Running 1 test from 1 test suite.
[----------] Global test environment set-up.
[----------] 1 test from ArrayQueueNaturalNumber
[ RUN      ] ArrayQueueNaturalNumber.IsEmpty_Empty_EnqDeqTest
[       OK ] ArrayQueueNaturalNumber.IsEmpty_Empty_EnqDeqTest (0 ms)
[----------] 1 test from ArrayQueueNaturalNumber (0 ms total)

[----------] Global test environment tear-down
[==========] 1 test from 1 test suite ran. (0 ms total)
[  PASSED  ] 1 test.
<end of output>
Test time =   0.00 sec
----------------------------------------------------------
Test Passed.
"ArrayQueueNaturalNumber.IsEmpty_Empty_EnqDeqTest" end time: May 10 18:02 EDT
"ArrayQueueNaturalNumber.IsEmpty_Empty_EnqDeqTest" time elapsed: 00:00:00
----------------------------------------------------------

8/573 Testing: ArrayQueueNaturalNumber.EnqueueToEmptyTest
8/573 Test: ArrayQueueNaturalNumber.EnqueueToEmptyTest
Command: "/home/wwjanning400m/forked_cleanpplib_linux/cleanpplib/cleanpp-gtest/build/TestArrayQueueNaturalNumber" "--gtest_filter=ArrayQueueNaturalNumber.EnqueueToEmptyTest" "--gtest_also_run_disabled_tests"
Directory: /home/wwjanning400m/forked_cleanpplib_linux/cleanpplib/cleanpp-gtest/build
"ArrayQueueNaturalNumber.EnqueueToEmptyTest" start time: May 10 18:02 EDT
Output:
----------------------------------------------------------
Running main() from /home/wwjanning400m/forked_cleanpplib_linux/cleanpplib/cleanpp-gtest/build/_deps/googletest-src/googletest/src/gtest_main.cc
Note: Google Test filter = ArrayQueueNaturalNumber.EnqueueToEmptyTest
[==========] Running 1 test from 1 test suite.
[----------] Global test environment set-up.
[----------] 1 test from ArrayQueueNaturalNumber
[ RUN      ] ArrayQueueNaturalNumber.EnqueueToEmptyTest
[       OK ] ArrayQueueNaturalNumber.EnqueueToEmptyTest (0 ms)
[----------] 1 test from ArrayQueueNaturalNumber (0 ms total)

[----------] Global test environment tear-down
[==========] 1 test from 1 test suite ran. (0 ms total)
[  PASSED  ] 1 test.
<end of output>
Test time =   0.00 sec
----------------------------------------------------------
Test Passed.
"ArrayQueueNaturalNumber.EnqueueToEmptyTest" end time: May 10 18:02 EDT
"ArrayQueueNaturalNumber.EnqueueToEmptyTest" time elapsed: 00:00:00
----------------------------------------------------------

9/573 Testing: ArrayQueueNaturalNumber.EnqueueToNonEmptyTest
9/573 Test: ArrayQueueNaturalNumber.EnqueueToNonEmptyTest
Command: "/home/wwjanning400m/forked_cleanpplib_linux/cleanpplib/cleanpp-gtest/build/TestArrayQueueNaturalNumber" "--gtest_filter=ArrayQueueNaturalNumber.EnqueueToNonEmptyTest" "--gtest_also_run_disabled_tests"
Directory: /home/wwjanning400m/forked_cleanpplib_linux/cleanpplib/cleanpp-gtest/build
"ArrayQueueNaturalNumber.EnqueueToNonEmptyTest" start time: May 10 18:02 EDT
Output:
----------------------------------------------------------
Running main() from /home/wwjanning400m/forked_cleanpplib_linux/cleanpplib/cleanpp-gtest/build/_deps/googletest-src/googletest/src/gtest_main.cc
Note: Google Test filter = ArrayQueueNaturalNumber.EnqueueToNonEmptyTest
[==========] Running 1 test from 1 test suite.
[----------] Global test environment set-up.
[----------] 1 test from ArrayQueueNaturalNumber
[ RUN      ] ArrayQueueNaturalNumber.EnqueueToNonEmptyTest
[       OK ] ArrayQueueNaturalNumber.EnqueueToNonEmptyTest (0 ms)
[----------] 1 test from ArrayQueueNaturalNumber (0 ms total)

[----------] Global test environment tear-down
[==========] 1 test from 1 test suite ran. (0 ms total)
[  PASSED  ] 1 test.
<end of output>
Test time =   0.00 sec
----------------------------------------------------------
Test Passed.
"ArrayQueueNaturalNumber.EnqueueToNonEmptyTest" end time: May 10 18:02 EDT
"ArrayQueueNaturalNumber.EnqueueToNonEmptyTest" time elapsed: 00:00:00
----------------------------------------------------------

10/573 Testing: ArrayQueueNaturalNumber.DequeueEmptyToEmptyTest
10/573 Test: ArrayQueueNaturalNumber.DequeueEmptyToEmptyTest
Command: "/home/wwjanning400m/forked_cleanpplib_linux/cleanpplib/cleanpp-gtest/build/TestArrayQueueNaturalNumber" "--gtest_filter=ArrayQueueNaturalNumber.DequeueEmptyToEmptyTest" "--gtest_also_run_disabled_tests"
Directory: /home/wwjanning400m/forked_cleanpplib_linux/cleanpplib/cleanpp-gtest/build
"ArrayQueueNaturalNumber.DequeueEmptyToEmptyTest" start time: May 10 18:02 EDT
Output:
----------------------------------------------------------
Running main() from /home/wwjanning400m/forked_cleanpplib_linux/cleanpplib/cleanpp-gtest/build/_deps/googletest-src/googletest/src/gtest_main.cc
Note: Google Test filter = ArrayQueueNaturalNumber.DequeueEmptyToEmptyTest
[==========] Running 1 test from 1 test suite.
[----------] Global test environment set-up.
[----------] 1 test from ArrayQueueNaturalNumber
[ RUN      ] ArrayQueueNaturalNumber.DequeueEmptyToEmptyTest
[       OK ] ArrayQueueNaturalNumber.DequeueEmptyToEmptyTest (0 ms)
[----------] 1 test from ArrayQueueNaturalNumber (0 ms total)

[----------] Global test environment tear-down
[==========] 1 test from 1 test suite ran. (0 ms total)
[  PASSED  ] 1 test.
<end of output>
Test time =   0.00 sec
----------------------------------------------------------
Test Passed.
"ArrayQueueNaturalNumber.DequeueEmptyToEmptyTest" end time: May 10 18:02 EDT
"ArrayQueueNaturalNumber.DequeueEmptyToEmptyTest" time elapsed: 00:00:00
----------------------------------------------------------

11/573 Testing: ArrayQueueNaturalNumber.DequeueNonEmptyToEmptyTest
11/573 Test: ArrayQueueNaturalNumber.DequeueNonEmptyToEmptyTest
Command: "/home/wwjanning400m/forked_cleanpplib_linux/cleanpplib/cleanpp-gtest/build/TestArrayQueueNaturalNumber" "--gtest_filter=ArrayQueueNaturalNumber.DequeueNonEmptyToEmptyTest" "--gtest_also_run_disabled_tests"
Directory: /home/wwjanning400m/forked_cleanpplib_linux/cleanpplib/cleanpp-gtest/build
"ArrayQueueNaturalNumber.DequeueNonEmptyToEmptyTest" start time: May 10 18:02 EDT
Output:
----------------------------------------------------------
Running main() from /home/wwjanning400m/forked_cleanpplib_linux/cleanpplib/cleanpp-gtest/build/_deps/googletest-src/googletest/src/gtest_main.cc
Note: Google Test filter = ArrayQueueNaturalNumber.DequeueNonEmptyToEmptyTest
[==========] Running 1 test from 1 test suite.
[----------] Global test environment set-up.
[----------] 1 test from ArrayQueueNaturalNumber
[ RUN      ] ArrayQueueNaturalNumber.DequeueNonEmptyToEmptyTest
[       OK ] ArrayQueueNaturalNumber.DequeueNonEmptyToEmptyTest (0 ms)
[----------] 1 test from ArrayQueueNaturalNumber (0 ms total)

[----------] Global test environment tear-down
[==========] 1 test from 1 test suite ran. (1 ms total)
[  PASSED  ] 1 test.
<end of output>
Test time =   0.00 sec
----------------------------------------------------------
Test Passed.
"ArrayQueueNaturalNumber.DequeueNonEmptyToEmptyTest" end time: May 10 18:02 EDT
"ArrayQueueNaturalNumber.DequeueNonEmptyToEmptyTest" time elapsed: 00:00:00
----------------------------------------------------------

12/573 Testing: ArrayQueueNaturalNumber.DequeueNonEmptyToEmptyAfterNonEmptyTest
12/573 Test: ArrayQueueNaturalNumber.DequeueNonEmptyToEmptyAfterNonEmptyTest
Command: "/home/wwjanning400m/forked_cleanpplib_linux/cleanpplib/cleanpp-gtest/build/TestArrayQueueNaturalNumber" "--gtest_filter=ArrayQueueNaturalNumber.DequeueNonEmptyToEmptyAfterNonEmptyTest" "--gtest_also_run_disabled_tests"
Directory: /home/wwjanning400m/forked_cleanpplib_linux/cleanpplib/cleanpp-gtest/build
"ArrayQueueNaturalNumber.DequeueNonEmptyToEmptyAfterNonEmptyTest" start time: May 10 18:02 EDT
Output:
----------------------------------------------------------
Running main() from /home/wwjanning400m/forked_cleanpplib_linux/cleanpplib/cleanpp-gtest/build/_deps/googletest-src/googletest/src/gtest_main.cc
Note: Google Test filter = ArrayQueueNaturalNumber.DequeueNonEmptyToEmptyAfterNonEmptyTest
[==========] Running 1 test from 1 test suite.
[----------] Global test environment set-up.
[----------] 1 test from ArrayQueueNaturalNumber
[ RUN      ] ArrayQueueNaturalNumber.DequeueNonEmptyToEmptyAfterNonEmptyTest
[       OK ] ArrayQueueNaturalNumber.DequeueNonEmptyToEmptyAfterNonEmptyTest (0 ms)
[----------] 1 test from ArrayQueueNaturalNumber (0 ms total)

[----------] Global test environment tear-down
[==========] 1 test from 1 test suite ran. (0 ms total)
[  PASSED  ] 1 test.
<end of output>
Test time =   0.00 sec
----------------------------------------------------------
Test Passed.
"ArrayQueueNaturalNumber.DequeueNonEmptyToEmptyAfterNonEmptyTest" end time: May 10 18:02 EDT
"ArrayQueueNaturalNumber.DequeueNonEmptyToEmptyAfterNonEmptyTest" time elapsed: 00:00:00
----------------------------------------------------------

13/573 Testing: ArrayQueueNaturalNumber.DequeueFromLongTest
13/573 Test: ArrayQueueNaturalNumber.DequeueFromLongTest
Command: "/home/wwjanning400m/forked_cleanpplib_linux/cleanpplib/cleanpp-gtest/build/TestArrayQueueNaturalNumber" "--gtest_filter=ArrayQueueNaturalNumber.DequeueFromLongTest" "--gtest_also_run_disabled_tests"
Directory: /home/wwjanning400m/forked_cleanpplib_linux/cleanpplib/cleanpp-gtest/build
"ArrayQueueNaturalNumber.DequeueFromLongTest" start time: May 10 18:02 EDT
Output:
----------------------------------------------------------
Running main() from /home/wwjanning400m/forked_cleanpplib_linux/cleanpplib/cleanpp-gtest/build/_deps/googletest-src/googletest/src/gtest_main.cc
Note: Google Test filter = ArrayQueueNaturalNumber.DequeueFromLongTest
[==========] Running 1 test from 1 test suite.
[----------] Global test environment set-up.
[----------] 1 test from ArrayQueueNaturalNumber
[ RUN      ] ArrayQueueNaturalNumber.DequeueFromLongTest
[       OK ] ArrayQueueNaturalNumber.DequeueFromLongTest (0 ms)
[----------] 1 test from ArrayQueueNaturalNumber (0 ms total)

[----------] Global test environment tear-down
[==========] 1 test from 1 test suite ran. (0 ms total)
[  PASSED  ] 1 test.
<end of output>
Test time =   0.00 sec
----------------------------------------------------------
Test Passed.
"ArrayQueueNaturalNumber.DequeueFromLongTest" end time: May 10 18:02 EDT
"ArrayQueueNaturalNumber.DequeueFromLongTest" time elapsed: 00:00:00
----------------------------------------------------------

14/573 Testing: ArrayQueueNaturalNumber.DequeueAllFromLongTest
14/573 Test: ArrayQueueNaturalNumber.DequeueAllFromLongTest
Command: "/home/wwjanning400m/forked_cleanpplib_linux/cleanpplib/cleanpp-gtest/build/TestArrayQueueNaturalNumber" "--gtest_filter=ArrayQueueNaturalNumber.DequeueAllFromLongTest" "--gtest_also_run_disabled_tests"
Directory: /home/wwjanning400m/forked_cleanpplib_linux/cleanpplib/cleanpp-gtest/build
"ArrayQueueNaturalNumber.DequeueAllFromLongTest" start time: May 10 18:02 EDT
Output:
----------------------------------------------------------
Running main() from /home/wwjanning400m/forked_cleanpplib_linux/cleanpplib/cleanpp-gtest/build/_deps/googletest-src/googletest/src/gtest_main.cc
Note: Google Test filter = ArrayQueueNaturalNumber.DequeueAllFromLongTest
[==========] Running 1 test from 1 test suite.
[----------] Global test environment set-up.
[----------] 1 test from ArrayQueueNaturalNumber
[ RUN      ] ArrayQueueNaturalNumber.DequeueAllFromLongTest
[       OK ] ArrayQueueNaturalNumber.DequeueAllFromLongTest (0 ms)
[----------] 1 test from ArrayQueueNaturalNumber (1 ms total)

[----------] Global test environment tear-down
[==========] 1 test from 1 test suite ran. (1 ms total)
[  PASSED  ] 1 test.
<end of output>
Test time =   0.00 sec
----------------------------------------------------------
Test Passed.
"ArrayQueueNaturalNumber.DequeueAllFromLongTest" end time: May 10 18:02 EDT
"ArrayQueueNaturalNumber.DequeueAllFromLongTest" time elapsed: 00:00:00
----------------------------------------------------------

15/573 Testing: ArrayStackNaturalNumber.InitializerDefTest
15/573 Test: ArrayStackNaturalNumber.InitializerDefTest
Command: "/home/wwjanning400m/forked_cleanpplib_linux/cleanpplib/cleanpp-gtest/build/TestArrayStackNaturalNumber" "--gtest_filter=ArrayStackNaturalNumber.InitializerDefTest" "--gtest_also_run_disabled_tests"
Directory: /home/wwjanning400m/forked_cleanpplib_linux/cleanpplib/cleanpp-gtest/build
"ArrayStackNaturalNumber.InitializerDefTest" start time: May 10 18:02 EDT
Output:
----------------------------------------------------------
Running main() from /home/wwjanning400m/forked_cleanpplib_linux/cleanpplib/cleanpp-gtest/build/_deps/googletest-src/googletest/src/gtest_main.cc
Note: Google Test filter = ArrayStackNaturalNumber.InitializerDefTest
[==========] Running 1 test from 1 test suite.
[----------] Global test environment set-up.
[----------] 1 test from ArrayStackNaturalNumber
[ RUN      ] ArrayStackNaturalNumber.InitializerDefTest
[       OK ] ArrayStackNaturalNumber.InitializerDefTest (0 ms)
[----------] 1 test from ArrayStackNaturalNumber (0 ms total)

[----------] Global test environment tear-down
[==========] 1 test from 1 test suite ran. (0 ms total)
[  PASSED  ] 1 test.
<end of output>
Test time =   0.00 sec
----------------------------------------------------------
Test Passed.
"ArrayStackNaturalNumber.InitializerDefTest" end time: May 10 18:02 EDT
"ArrayStackNaturalNumber.InitializerDefTest" time elapsed: 00:00:00
----------------------------------------------------------

16/573 Testing: ArrayStackNaturalNumber.IsEmpty_EmptyTest
16/573 Test: ArrayStackNaturalNumber.IsEmpty_EmptyTest
Command: "/home/wwjanning400m/forked_cleanpplib_linux/cleanpplib/cleanpp-gtest/build/TestArrayStackNaturalNumber" "--gtest_filter=ArrayStackNaturalNumber.IsEmpty_EmptyTest" "--gtest_also_run_disabled_tests"
Directory: /home/wwjanning400m/forked_cleanpplib_linux/cleanpplib/cleanpp-gtest/build
"ArrayStackNaturalNumber.IsEmpty_EmptyTest" start time: May 10 18:02 EDT
Output:
----------------------------------------------------------
Running main() from /home/wwjanning400m/forked_cleanpplib_linux/cleanpplib/cleanpp-gtest/build/_deps/googletest-src/googletest/src/gtest_main.cc
Note: Google Test filter = ArrayStackNaturalNumber.IsEmpty_EmptyTest
[==========] Running 1 test from 1 test suite.
[----------] Global test environment set-up.
[----------] 1 test from ArrayStackNaturalNumber
[ RUN      ] ArrayStackNaturalNumber.IsEmpty_EmptyTest
[       OK ] ArrayStackNaturalNumber.IsEmpty_EmptyTest (0 ms)
[----------] 1 test from ArrayStackNaturalNumber (0 ms total)

[----------] Global test environment tear-down
[==========] 1 test from 1 test suite ran. (0 ms total)
[  PASSED  ] 1 test.
<end of output>
Test time =   0.00 sec
----------------------------------------------------------
Test Passed.
"ArrayStackNaturalNumber.IsEmpty_EmptyTest" end time: May 10 18:02 EDT
"ArrayStackNaturalNumber.IsEmpty_EmptyTest" time elapsed: 00:00:00
----------------------------------------------------------

17/573 Testing: ArrayStackNaturalNumber.IsEmpty_NonEmptyTest
17/573 Test: ArrayStackNaturalNumber.IsEmpty_NonEmptyTest
Command: "/home/wwjanning400m/forked_cleanpplib_linux/cleanpplib/cleanpp-gtest/build/TestArrayStackNaturalNumber" "--gtest_filter=ArrayStackNaturalNumber.IsEmpty_NonEmptyTest" "--gtest_also_run_disabled_tests"
Directory: /home/wwjanning400m/forked_cleanpplib_linux/cleanpplib/cleanpp-gtest/build
"ArrayStackNaturalNumber.IsEmpty_NonEmptyTest" start time: May 10 18:02 EDT
Output:
----------------------------------------------------------
Running main() from /home/wwjanning400m/forked_cleanpplib_linux/cleanpplib/cleanpp-gtest/build/_deps/googletest-src/googletest/src/gtest_main.cc
Note: Google Test filter = ArrayStackNaturalNumber.IsEmpty_NonEmptyTest
[==========] Running 1 test from 1 test suite.
[----------] Global test environment set-up.
[----------] 1 test from ArrayStackNaturalNumber
[ RUN      ] ArrayStackNaturalNumber.IsEmpty_NonEmptyTest
[       OK ] ArrayStackNaturalNumber.IsEmpty_NonEmptyTest (0 ms)
[----------] 1 test from ArrayStackNaturalNumber (0 ms total)

[----------] Global test environment tear-down
[==========] 1 test from 1 test suite ran. (0 ms total)
[  PASSED  ] 1 test.
<end of output>
Test time =   0.00 sec
----------------------------------------------------------
Test Passed.
"ArrayStackNaturalNumber.IsEmpty_NonEmptyTest" end time: May 10 18:02 EDT
"ArrayStackNaturalNumber.IsEmpty_NonEmptyTest" time elapsed: 00:00:00
----------------------------------------------------------

18/573 Testing: ArrayStackNaturalNumber.IsEmpty_Empty_PushPopTest
18/573 Test: ArrayStackNaturalNumber.IsEmpty_Empty_PushPopTest
Command: "/home/wwjanning400m/forked_cleanpplib_linux/cleanpplib/cleanpp-gtest/build/TestArrayStackNaturalNumber" "--gtest_filter=ArrayStackNaturalNumber.IsEmpty_Empty_PushPopTest" "--gtest_also_run_disabled_tests"
Directory: /home/wwjanning400m/forked_cleanpplib_linux/cleanpplib/cleanpp-gtest/build
"ArrayStackNaturalNumber.IsEmpty_Empty_PushPopTest" start time: May 10 18:02 EDT
Output:
----------------------------------------------------------
Running main() from /home/wwjanning400m/forked_cleanpplib_linux/cleanpplib/cleanpp-gtest/build/_deps/googletest-src/googletest/src/gtest_main.cc
Note: Google Test filter = ArrayStackNaturalNumber.IsEmpty_Empty_PushPopTest
[==========] Running 1 test from 1 test suite.
[----------] Global test environment set-up.
[----------] 1 test from ArrayStackNaturalNumber
[ RUN      ] ArrayStackNaturalNumber.IsEmpty_Empty_PushPopTest
[       OK ] ArrayStackNaturalNumber.IsEmpty_Empty_PushPopTest (0 ms)
[----------] 1 test from ArrayStackNaturalNumber (0 ms total)

[----------] Global test environment tear-down
[==========] 1 test from 1 test suite ran. (0 ms total)
[  PASSED  ] 1 test.
<end of output>
Test time =   0.00 sec
----------------------------------------------------------
Test Passed.
"ArrayStackNaturalNumber.IsEmpty_Empty_PushPopTest" end time: May 10 18:02 EDT
"ArrayStackNaturalNumber.IsEmpty_Empty_PushPopTest" time elapsed: 00:00:00
----------------------------------------------------------

19/573 Testing: ArrayStackNaturalNumber.PushToEmptyTest
19/573 Test: ArrayStackNaturalNumber.PushToEmptyTest
Command: "/home/wwjanning400m/forked_cleanpplib_linux/cleanpplib/cleanpp-gtest/build/TestArrayStackNaturalNumber" "--gtest_filter=ArrayStackNaturalNumber.PushToEmptyTest" "--gtest_also_run_disabled_tests"
Directory: /home/wwjanning400m/forked_cleanpplib_linux/cleanpplib/cleanpp-gtest/build
"ArrayStackNaturalNumber.PushToEmptyTest" start time: May 10 18:02 EDT
Output:
----------------------------------------------------------
Running main() from /home/wwjanning400m/forked_cleanpplib_linux/cleanpplib/cleanpp-gtest/build/_deps/googletest-src/googletest/src/gtest_main.cc
Note: Google Test filter = ArrayStackNaturalNumber.PushToEmptyTest
[==========] Running 1 test from 1 test suite.
[----------] Global test environment set-up.
[----------] 1 test from ArrayStackNaturalNumber
[ RUN      ] ArrayStackNaturalNumber.PushToEmptyTest
[       OK ] ArrayStackNaturalNumber.PushToEmptyTest (0 ms)
[----------] 1 test from ArrayStackNaturalNumber (0 ms total)

[----------] Global test environment tear-down
[==========] 1 test from 1 test suite ran. (0 ms total)
[  PASSED  ] 1 test.
<end of output>
Test time =   0.00 sec
----------------------------------------------------------
Test Passed.
"ArrayStackNaturalNumber.PushToEmptyTest" end time: May 10 18:02 EDT
"ArrayStackNaturalNumber.PushToEmptyTest" time elapsed: 00:00:00
----------------------------------------------------------

20/573 Testing: ArrayStackNaturalNumber.PushToNonEmptyTest
20/573 Test: ArrayStackNaturalNumber.PushToNonEmptyTest
Command: "/home/wwjanning400m/forked_cleanpplib_linux/cleanpplib/cleanpp-gtest/build/TestArrayStackNaturalNumber" "--gtest_filter=ArrayStackNaturalNumber.PushToNonEmptyTest" "--gtest_also_run_disabled_tests"
Directory: /home/wwjanning400m/forked_cleanpplib_linux/cleanpplib/cleanpp-gtest/build
"ArrayStackNaturalNumber.PushToNonEmptyTest" start time: May 10 18:02 EDT
Output:
----------------------------------------------------------
Running main() from /home/wwjanning400m/forked_cleanpplib_linux/cleanpplib/cleanpp-gtest/build/_deps/googletest-src/googletest/src/gtest_main.cc
Note: Google Test filter = ArrayStackNaturalNumber.PushToNonEmptyTest
[==========] Running 1 test from 1 test suite.
[----------] Global test environment set-up.
[----------] 1 test from ArrayStackNaturalNumber
[ RUN      ] ArrayStackNaturalNumber.PushToNonEmptyTest
[       OK ] ArrayStackNaturalNumber.PushToNonEmptyTest (0 ms)
[----------] 1 test from ArrayStackNaturalNumber (0 ms total)

[----------] Global test environment tear-down
[==========] 1 test from 1 test suite ran. (1 ms total)
[  PASSED  ] 1 test.
<end of output>
Test time =   0.00 sec
----------------------------------------------------------
Test Passed.
"ArrayStackNaturalNumber.PushToNonEmptyTest" end time: May 10 18:02 EDT
"ArrayStackNaturalNumber.PushToNonEmptyTest" time elapsed: 00:00:00
----------------------------------------------------------

21/573 Testing: ArrayStackNaturalNumber.PopEmptyToEmptyTest
21/573 Test: ArrayStackNaturalNumber.PopEmptyToEmptyTest
Command: "/home/wwjanning400m/forked_cleanpplib_linux/cleanpplib/cleanpp-gtest/build/TestArrayStackNaturalNumber" "--gtest_filter=ArrayStackNaturalNumber.PopEmptyToEmptyTest" "--gtest_also_run_disabled_tests"
Directory: /home/wwjanning400m/forked_cleanpplib_linux/cleanpplib/cleanpp-gtest/build
"ArrayStackNaturalNumber.PopEmptyToEmptyTest" start time: May 10 18:02 EDT
Output:
----------------------------------------------------------
Running main() from /home/wwjanning400m/forked_cleanpplib_linux/cleanpplib/cleanpp-gtest/build/_deps/googletest-src/googletest/src/gtest_main.cc
Note: Google Test filter = ArrayStackNaturalNumber.PopEmptyToEmptyTest
[==========] Running 1 test from 1 test suite.
[----------] Global test environment set-up.
[----------] 1 test from ArrayStackNaturalNumber
[ RUN      ] ArrayStackNaturalNumber.PopEmptyToEmptyTest
[       OK ] ArrayStackNaturalNumber.PopEmptyToEmptyTest (1 ms)
[----------] 1 test from ArrayStackNaturalNumber (1 ms total)

[----------] Global test environment tear-down
[==========] 1 test from 1 test suite ran. (1 ms total)
[  PASSED  ] 1 test.
<end of output>
Test time =   0.00 sec
----------------------------------------------------------
Test Passed.
"ArrayStackNaturalNumber.PopEmptyToEmptyTest" end time: May 10 18:02 EDT
"ArrayStackNaturalNumber.PopEmptyToEmptyTest" time elapsed: 00:00:00
----------------------------------------------------------

22/573 Testing: ArrayStackNaturalNumber.PopNonEmptyToEmptyTest
22/573 Test: ArrayStackNaturalNumber.PopNonEmptyToEmptyTest
Command: "/home/wwjanning400m/forked_cleanpplib_linux/cleanpplib/cleanpp-gtest/build/TestArrayStackNaturalNumber" "--gtest_filter=ArrayStackNaturalNumber.PopNonEmptyToEmptyTest" "--gtest_also_run_disabled_tests"
Directory: /home/wwjanning400m/forked_cleanpplib_linux/cleanpplib/cleanpp-gtest/build
"ArrayStackNaturalNumber.PopNonEmptyToEmptyTest" start time: May 10 18:02 EDT
Output:
----------------------------------------------------------
Running main() from /home/wwjanning400m/forked_cleanpplib_linux/cleanpplib/cleanpp-gtest/build/_deps/googletest-src/googletest/src/gtest_main.cc
Note: Google Test filter = ArrayStackNaturalNumber.PopNonEmptyToEmptyTest
[==========] Running 1 test from 1 test suite.
[----------] Global test environment set-up.
[----------] 1 test from ArrayStackNaturalNumber
[ RUN      ] ArrayStackNaturalNumber.PopNonEmptyToEmptyTest
[       OK ] ArrayStackNaturalNumber.PopNonEmptyToEmptyTest (0 ms)
[----------] 1 test from ArrayStackNaturalNumber (0 ms total)

[----------] Global test environment tear-down
[==========] 1 test from 1 test suite ran. (0 ms total)
[  PASSED  ] 1 test.
<end of output>
Test time =   0.00 sec
----------------------------------------------------------
Test Passed.
"ArrayStackNaturalNumber.PopNonEmptyToEmptyTest" end time: May 10 18:02 EDT
"ArrayStackNaturalNumber.PopNonEmptyToEmptyTest" time elapsed: 00:00:00
----------------------------------------------------------

23/573 Testing: ArrayStackNaturalNumber.NonMonotonicResizingTest
23/573 Test: ArrayStackNaturalNumber.NonMonotonicResizingTest
Command: "/home/wwjanning400m/forked_cleanpplib_linux/cleanpplib/cleanpp-gtest/build/TestArrayStackNaturalNumber" "--gtest_filter=ArrayStackNaturalNumber.NonMonotonicResizingTest" "--gtest_also_run_disabled_tests"
Directory: /home/wwjanning400m/forked_cleanpplib_linux/cleanpplib/cleanpp-gtest/build
"ArrayStackNaturalNumber.NonMonotonicResizingTest" start time: May 10 18:02 EDT
Output:
----------------------------------------------------------
Running main() from /home/wwjanning400m/forked_cleanpplib_linux/cleanpplib/cleanpp-gtest/build/_deps/googletest-src/googletest/src/gtest_main.cc
Note: Google Test filter = ArrayStackNaturalNumber.NonMonotonicResizingTest
[==========] Running 1 test from 1 test suite.
[----------] Global test environment set-up.
[----------] 1 test from ArrayStackNaturalNumber
[ RUN      ] ArrayStackNaturalNumber.NonMonotonicResizingTest
[       OK ] ArrayStackNaturalNumber.NonMonotonicResizingTest (1 ms)
[----------] 1 test from ArrayStackNaturalNumber (1 ms total)

[----------] Global test environment tear-down
[==========] 1 test from 1 test suite ran. (1 ms total)
[  PASSED  ] 1 test.
<end of output>
Test time =   0.00 sec
----------------------------------------------------------
Test Passed.
"ArrayStackNaturalNumber.NonMonotonicResizingTest" end time: May 10 18:02 EDT
"ArrayStackNaturalNumber.NonMonotonicResizingTest" time elapsed: 00:00:00
----------------------------------------------------------

24/573 Testing: BoundedNN.InitializerDefTest
24/573 Test: BoundedNN.InitializerDefTest
Command: "/home/wwjanning400m/forked_cleanpplib_linux/cleanpplib/cleanpp-gtest/build/TestBoundedNN" "--gtest_filter=BoundedNN.InitializerDefTest" "--gtest_also_run_disabled_tests"
Directory: /home/wwjanning400m/forked_cleanpplib_linux/cleanpplib/cleanpp-gtest/build
"BoundedNN.InitializerDefTest" start time: May 10 18:02 EDT
Output:
----------------------------------------------------------
Running main() from /home/wwjanning400m/forked_cleanpplib_linux/cleanpplib/cleanpp-gtest/build/_deps/googletest-src/googletest/src/gtest_main.cc
Note: Google Test filter = BoundedNN.InitializerDefTest
[==========] Running 1 test from 1 test suite.
[----------] Global test environment set-up.
[----------] 1 test from BoundedNN
[ RUN      ] BoundedNN.InitializerDefTest
[       OK ] BoundedNN.InitializerDefTest (0 ms)
[----------] 1 test from BoundedNN (0 ms total)

[----------] Global test environment tear-down
[==========] 1 test from 1 test suite ran. (0 ms total)
[  PASSED  ] 1 test.
<end of output>
Test time =   0.00 sec
----------------------------------------------------------
Test Passed.
"BoundedNN.InitializerDefTest" end time: May 10 18:02 EDT
"BoundedNN.InitializerDefTest" time elapsed: 00:00:00
----------------------------------------------------------

25/573 Testing: BoundedNN.Initializer_SingleDigTest
25/573 Test: BoundedNN.Initializer_SingleDigTest
Command: "/home/wwjanning400m/forked_cleanpplib_linux/cleanpplib/cleanpp-gtest/build/TestBoundedNN" "--gtest_filter=BoundedNN.Initializer_SingleDigTest" "--gtest_also_run_disabled_tests"
Directory: /home/wwjanning400m/forked_cleanpplib_linux/cleanpplib/cleanpp-gtest/build
"BoundedNN.Initializer_SingleDigTest" start time: May 10 18:02 EDT
Output:
----------------------------------------------------------
Running main() from /home/wwjanning400m/forked_cleanpplib_linux/cleanpplib/cleanpp-gtest/build/_deps/googletest-src/googletest/src/gtest_main.cc
Note: Google Test filter = BoundedNN.Initializer_SingleDigTest
[==========] Running 1 test from 1 test suite.
[----------] Global test environment set-up.
[----------] 1 test from BoundedNN
[ RUN      ] BoundedNN.Initializer_SingleDigTest
[       OK ] BoundedNN.Initializer_SingleDigTest (0 ms)
[----------] 1 test from BoundedNN (0 ms total)

[----------] Global test environment tear-down
[==========] 1 test from 1 test suite ran. (0 ms total)
[  PASSED  ] 1 test.
<end of output>
Test time =   0.00 sec
----------------------------------------------------------
Test Passed.
"BoundedNN.Initializer_SingleDigTest" end time: May 10 18:02 EDT
"BoundedNN.Initializer_SingleDigTest" time elapsed: 00:00:00
----------------------------------------------------------

26/573 Testing: BoundedNN.Initializer_TwoDigTest
26/573 Test: BoundedNN.Initializer_TwoDigTest
Command: "/home/wwjanning400m/forked_cleanpplib_linux/cleanpplib/cleanpp-gtest/build/TestBoundedNN" "--gtest_filter=BoundedNN.Initializer_TwoDigTest" "--gtest_also_run_disabled_tests"
Directory: /home/wwjanning400m/forked_cleanpplib_linux/cleanpplib/cleanpp-gtest/build
"BoundedNN.Initializer_TwoDigTest" start time: May 10 18:02 EDT
Output:
----------------------------------------------------------
Running main() from /home/wwjanning400m/forked_cleanpplib_linux/cleanpplib/cleanpp-gtest/build/_deps/googletest-src/googletest/src/gtest_main.cc
Note: Google Test filter = BoundedNN.Initializer_TwoDigTest
[==========] Running 1 test from 1 test suite.
[----------] Global test environment set-up.
[----------] 1 test from BoundedNN
[ RUN      ] BoundedNN.Initializer_TwoDigTest
[       OK ] BoundedNN.Initializer_TwoDigTest (0 ms)
[----------] 1 test from BoundedNN (0 ms total)

[----------] Global test environment tear-down
[==========] 1 test from 1 test suite ran. (0 ms total)
[  PASSED  ] 1 test.
<end of output>
Test time =   0.00 sec
----------------------------------------------------------
Test Passed.
"BoundedNN.Initializer_TwoDigTest" end time: May 10 18:02 EDT
"BoundedNN.Initializer_TwoDigTest" time elapsed: 00:00:00
----------------------------------------------------------

27/573 Testing: BoundedNN.MoveInit_ZeroTest
27/573 Test: BoundedNN.MoveInit_ZeroTest
Command: "/home/wwjanning400m/forked_cleanpplib_linux/cleanpplib/cleanpp-gtest/build/TestBoundedNN" "--gtest_filter=BoundedNN.MoveInit_ZeroTest" "--gtest_also_run_disabled_tests"
Directory: /home/wwjanning400m/forked_cleanpplib_linux/cleanpplib/cleanpp-gtest/build
"BoundedNN.MoveInit_ZeroTest" start time: May 10 18:02 EDT
Output:
----------------------------------------------------------
Running main() from /home/wwjanning400m/forked_cleanpplib_linux/cleanpplib/cleanpp-gtest/build/_deps/googletest-src/googletest/src/gtest_main.cc
Note: Google Test filter = BoundedNN.MoveInit_ZeroTest
[==========] Running 1 test from 1 test suite.
[----------] Global test environment set-up.
[----------] 1 test from BoundedNN
[ RUN      ] BoundedNN.MoveInit_ZeroTest
[       OK ] BoundedNN.MoveInit_ZeroTest (0 ms)
[----------] 1 test from BoundedNN (0 ms total)

[----------] Global test environment tear-down
[==========] 1 test from 1 test suite ran. (0 ms total)
[  PASSED  ] 1 test.
<end of output>
Test time =   0.00 sec
----------------------------------------------------------
Test Passed.
"BoundedNN.MoveInit_ZeroTest" end time: May 10 18:02 EDT
"BoundedNN.MoveInit_ZeroTest" time elapsed: 00:00:00
----------------------------------------------------------

28/573 Testing: BoundedNN.MoveInit_SingleDigTest
28/573 Test: BoundedNN.MoveInit_SingleDigTest
Command: "/home/wwjanning400m/forked_cleanpplib_linux/cleanpplib/cleanpp-gtest/build/TestBoundedNN" "--gtest_filter=BoundedNN.MoveInit_SingleDigTest" "--gtest_also_run_disabled_tests"
Directory: /home/wwjanning400m/forked_cleanpplib_linux/cleanpplib/cleanpp-gtest/build
"BoundedNN.MoveInit_SingleDigTest" start time: May 10 18:02 EDT
Output:
----------------------------------------------------------
Running main() from /home/wwjanning400m/forked_cleanpplib_linux/cleanpplib/cleanpp-gtest/build/_deps/googletest-src/googletest/src/gtest_main.cc
Note: Google Test filter = BoundedNN.MoveInit_SingleDigTest
[==========] Running 1 test from 1 test suite.
[----------] Global test environment set-up.
[----------] 1 test from BoundedNN
[ RUN      ] BoundedNN.MoveInit_SingleDigTest
[       OK ] BoundedNN.MoveInit_SingleDigTest (0 ms)
[----------] 1 test from BoundedNN (0 ms total)

[----------] Global test environment tear-down
[==========] 1 test from 1 test suite ran. (0 ms total)
[  PASSED  ] 1 test.
<end of output>
Test time =   0.00 sec
----------------------------------------------------------
Test Passed.
"BoundedNN.MoveInit_SingleDigTest" end time: May 10 18:02 EDT
"BoundedNN.MoveInit_SingleDigTest" time elapsed: 00:00:00
----------------------------------------------------------

29/573 Testing: BoundedNN.MoveInit_MultiDigTest
29/573 Test: BoundedNN.MoveInit_MultiDigTest
Command: "/home/wwjanning400m/forked_cleanpplib_linux/cleanpplib/cleanpp-gtest/build/TestBoundedNN" "--gtest_filter=BoundedNN.MoveInit_MultiDigTest" "--gtest_also_run_disabled_tests"
Directory: /home/wwjanning400m/forked_cleanpplib_linux/cleanpplib/cleanpp-gtest/build
"BoundedNN.MoveInit_MultiDigTest" start time: May 10 18:02 EDT
Output:
----------------------------------------------------------
Running main() from /home/wwjanning400m/forked_cleanpplib_linux/cleanpplib/cleanpp-gtest/build/_deps/googletest-src/googletest/src/gtest_main.cc
Note: Google Test filter = BoundedNN.MoveInit_MultiDigTest
[==========] Running 1 test from 1 test suite.
[----------] Global test environment set-up.
[----------] 1 test from BoundedNN
[ RUN      ] BoundedNN.MoveInit_MultiDigTest
[       OK ] BoundedNN.MoveInit_MultiDigTest (0 ms)
[----------] 1 test from BoundedNN (0 ms total)

[----------] Global test environment tear-down
[==========] 1 test from 1 test suite ran. (0 ms total)
[  PASSED  ] 1 test.
<end of output>
Test time =   0.00 sec
----------------------------------------------------------
Test Passed.
"BoundedNN.MoveInit_MultiDigTest" end time: May 10 18:02 EDT
"BoundedNN.MoveInit_MultiDigTest" time elapsed: 00:00:00
----------------------------------------------------------

30/573 Testing: BoundedNN.AssignZeroZeroTest
30/573 Test: BoundedNN.AssignZeroZeroTest
Command: "/home/wwjanning400m/forked_cleanpplib_linux/cleanpplib/cleanpp-gtest/build/TestBoundedNN" "--gtest_filter=BoundedNN.AssignZeroZeroTest" "--gtest_also_run_disabled_tests"
Directory: /home/wwjanning400m/forked_cleanpplib_linux/cleanpplib/cleanpp-gtest/build
"BoundedNN.AssignZeroZeroTest" start time: May 10 18:02 EDT
Output:
----------------------------------------------------------
Running main() from /home/wwjanning400m/forked_cleanpplib_linux/cleanpplib/cleanpp-gtest/build/_deps/googletest-src/googletest/src/gtest_main.cc
Note: Google Test filter = BoundedNN.AssignZeroZeroTest
[==========] Running 1 test from 1 test suite.
[----------] Global test environment set-up.
[----------] 1 test from BoundedNN
[ RUN      ] BoundedNN.AssignZeroZeroTest
[       OK ] BoundedNN.AssignZeroZeroTest (0 ms)
[----------] 1 test from BoundedNN (0 ms total)

[----------] Global test environment tear-down
[==========] 1 test from 1 test suite ran. (0 ms total)
[  PASSED  ] 1 test.
<end of output>
Test time =   0.00 sec
----------------------------------------------------------
Test Passed.
"BoundedNN.AssignZeroZeroTest" end time: May 10 18:02 EDT
"BoundedNN.AssignZeroZeroTest" time elapsed: 00:00:00
----------------------------------------------------------

31/573 Testing: BoundedNN.AssignZeroNonzeroTest
31/573 Test: BoundedNN.AssignZeroNonzeroTest
Command: "/home/wwjanning400m/forked_cleanpplib_linux/cleanpplib/cleanpp-gtest/build/TestBoundedNN" "--gtest_filter=BoundedNN.AssignZeroNonzeroTest" "--gtest_also_run_disabled_tests"
Directory: /home/wwjanning400m/forked_cleanpplib_linux/cleanpplib/cleanpp-gtest/build
"BoundedNN.AssignZeroNonzeroTest" start time: May 10 18:02 EDT
Output:
----------------------------------------------------------
Running main() from /home/wwjanning400m/forked_cleanpplib_linux/cleanpplib/cleanpp-gtest/build/_deps/googletest-src/googletest/src/gtest_main.cc
Note: Google Test filter = BoundedNN.AssignZeroNonzeroTest
[==========] Running 1 test from 1 test suite.
[----------] Global test environment set-up.
[----------] 1 test from BoundedNN
[ RUN      ] BoundedNN.AssignZeroNonzeroTest
[       OK ] BoundedNN.AssignZeroNonzeroTest (0 ms)
[----------] 1 test from BoundedNN (0 ms total)

[----------] Global test environment tear-down
[==========] 1 test from 1 test suite ran. (0 ms total)
[  PASSED  ] 1 test.
<end of output>
Test time =   0.00 sec
----------------------------------------------------------
Test Passed.
"BoundedNN.AssignZeroNonzeroTest" end time: May 10 18:02 EDT
"BoundedNN.AssignZeroNonzeroTest" time elapsed: 00:00:00
----------------------------------------------------------

32/573 Testing: BoundedNN.AssignNonzeroZeroTest
32/573 Test: BoundedNN.AssignNonzeroZeroTest
Command: "/home/wwjanning400m/forked_cleanpplib_linux/cleanpplib/cleanpp-gtest/build/TestBoundedNN" "--gtest_filter=BoundedNN.AssignNonzeroZeroTest" "--gtest_also_run_disabled_tests"
Directory: /home/wwjanning400m/forked_cleanpplib_linux/cleanpplib/cleanpp-gtest/build
"BoundedNN.AssignNonzeroZeroTest" start time: May 10 18:02 EDT
Output:
----------------------------------------------------------
Running main() from /home/wwjanning400m/forked_cleanpplib_linux/cleanpplib/cleanpp-gtest/build/_deps/googletest-src/googletest/src/gtest_main.cc
Note: Google Test filter = BoundedNN.AssignNonzeroZeroTest
[==========] Running 1 test from 1 test suite.
[----------] Global test environment set-up.
[----------] 1 test from BoundedNN
[ RUN      ] BoundedNN.AssignNonzeroZeroTest
[       OK ] BoundedNN.AssignNonzeroZeroTest (0 ms)
[----------] 1 test from BoundedNN (0 ms total)

[----------] Global test environment tear-down
[==========] 1 test from 1 test suite ran. (0 ms total)
[  PASSED  ] 1 test.
<end of output>
Test time =   0.00 sec
----------------------------------------------------------
Test Passed.
"BoundedNN.AssignNonzeroZeroTest" end time: May 10 18:02 EDT
"BoundedNN.AssignNonzeroZeroTest" time elapsed: 00:00:00
----------------------------------------------------------

33/573 Testing: BoundedNN.AssignNonzeroNonzeroTest
33/573 Test: BoundedNN.AssignNonzeroNonzeroTest
Command: "/home/wwjanning400m/forked_cleanpplib_linux/cleanpplib/cleanpp-gtest/build/TestBoundedNN" "--gtest_filter=BoundedNN.AssignNonzeroNonzeroTest" "--gtest_also_run_disabled_tests"
Directory: /home/wwjanning400m/forked_cleanpplib_linux/cleanpplib/cleanpp-gtest/build
"BoundedNN.AssignNonzeroNonzeroTest" start time: May 10 18:02 EDT
Output:
----------------------------------------------------------
Running main() from /home/wwjanning400m/forked_cleanpplib_linux/cleanpplib/cleanpp-gtest/build/_deps/googletest-src/googletest/src/gtest_main.cc
Note: Google Test filter = BoundedNN.AssignNonzeroNonzeroTest
[==========] Running 1 test from 1 test suite.
[----------] Global test environment set-up.
[----------] 1 test from BoundedNN
[ RUN      ] BoundedNN.AssignNonzeroNonzeroTest
[       OK ] BoundedNN.AssignNonzeroNonzeroTest (0 ms)
[----------] 1 test from BoundedNN (0 ms total)

[----------] Global test environment tear-down
[==========] 1 test from 1 test suite ran. (0 ms total)
[  PASSED  ] 1 test.
<end of output>
Test time =   0.00 sec
----------------------------------------------------------
Test Passed.
"BoundedNN.AssignNonzeroNonzeroTest" end time: May 10 18:02 EDT
"BoundedNN.AssignNonzeroNonzeroTest" time elapsed: 00:00:00
----------------------------------------------------------

34/573 Testing: BoundedNN.AssignMultidigMultidigTest
34/573 Test: BoundedNN.AssignMultidigMultidigTest
Command: "/home/wwjanning400m/forked_cleanpplib_linux/cleanpplib/cleanpp-gtest/build/TestBoundedNN" "--gtest_filter=BoundedNN.AssignMultidigMultidigTest" "--gtest_also_run_disabled_tests"
Directory: /home/wwjanning400m/forked_cleanpplib_linux/cleanpplib/cleanpp-gtest/build
"BoundedNN.AssignMultidigMultidigTest" start time: May 10 18:02 EDT
Output:
----------------------------------------------------------
Running main() from /home/wwjanning400m/forked_cleanpplib_linux/cleanpplib/cleanpp-gtest/build/_deps/googletest-src/googletest/src/gtest_main.cc
Note: Google Test filter = BoundedNN.AssignMultidigMultidigTest
[==========] Running 1 test from 1 test suite.
[----------] Global test environment set-up.
[----------] 1 test from BoundedNN
[ RUN      ] BoundedNN.AssignMultidigMultidigTest
[       OK ] BoundedNN.AssignMultidigMultidigTest (0 ms)
[----------] 1 test from BoundedNN (0 ms total)

[----------] Global test environment tear-down
[==========] 1 test from 1 test suite ran. (0 ms total)
[  PASSED  ] 1 test.
<end of output>
Test time =   0.00 sec
----------------------------------------------------------
Test Passed.
"BoundedNN.AssignMultidigMultidigTest" end time: May 10 18:02 EDT
"BoundedNN.AssignMultidigMultidigTest" time elapsed: 00:00:00
----------------------------------------------------------

35/573 Testing: BoundedNN.NewInstanceTest
35/573 Test: BoundedNN.NewInstanceTest
Command: "/home/wwjanning400m/forked_cleanpplib_linux/cleanpplib/cleanpp-gtest/build/TestBoundedNN" "--gtest_filter=BoundedNN.NewInstanceTest" "--gtest_also_run_disabled_tests"
Directory: /home/wwjanning400m/forked_cleanpplib_linux/cleanpplib/cleanpp-gtest/build
"BoundedNN.NewInstanceTest" start time: May 10 18:02 EDT
Output:
----------------------------------------------------------
Running main() from /home/wwjanning400m/forked_cleanpplib_linux/cleanpplib/cleanpp-gtest/build/_deps/googletest-src/googletest/src/gtest_main.cc
Note: Google Test filter = BoundedNN.NewInstanceTest
[==========] Running 1 test from 1 test suite.
[----------] Global test environment set-up.
[----------] 1 test from BoundedNN
[ RUN      ] BoundedNN.NewInstanceTest
[       OK ] BoundedNN.NewInstanceTest (0 ms)
[----------] 1 test from BoundedNN (0 ms total)

[----------] Global test environment tear-down
[==========] 1 test from 1 test suite ran. (0 ms total)
[  PASSED  ] 1 test.
<end of output>
Test time =   0.00 sec
----------------------------------------------------------
Test Passed.
"BoundedNN.NewInstanceTest" end time: May 10 18:02 EDT
"BoundedNN.NewInstanceTest" time elapsed: 00:00:00
----------------------------------------------------------

36/573 Testing: BoundedNN.NewInstance_castedTest
36/573 Test: BoundedNN.NewInstance_castedTest
Command: "/home/wwjanning400m/forked_cleanpplib_linux/cleanpplib/cleanpp-gtest/build/TestBoundedNN" "--gtest_filter=BoundedNN.NewInstance_castedTest" "--gtest_also_run_disabled_tests"
Directory: /home/wwjanning400m/forked_cleanpplib_linux/cleanpplib/cleanpp-gtest/build
"BoundedNN.NewInstance_castedTest" start time: May 10 18:02 EDT
Output:
----------------------------------------------------------
Running main() from /home/wwjanning400m/forked_cleanpplib_linux/cleanpplib/cleanpp-gtest/build/_deps/googletest-src/googletest/src/gtest_main.cc
Note: Google Test filter = BoundedNN.NewInstance_castedTest
[==========] Running 1 test from 1 test suite.
[----------] Global test environment set-up.
[----------] 1 test from BoundedNN
[ RUN      ] BoundedNN.NewInstance_castedTest
[       OK ] BoundedNN.NewInstance_castedTest (0 ms)
[----------] 1 test from BoundedNN (0 ms total)

[----------] Global test environment tear-down
[==========] 1 test from 1 test suite ran. (0 ms total)
[  PASSED  ] 1 test.
<end of output>
Test time =   0.00 sec
----------------------------------------------------------
Test Passed.
"BoundedNN.NewInstance_castedTest" end time: May 10 18:02 EDT
"BoundedNN.NewInstance_castedTest" time elapsed: 00:00:00
----------------------------------------------------------

37/573 Testing: BoundedNN.ClearZeroTest
37/573 Test: BoundedNN.ClearZeroTest
Command: "/home/wwjanning400m/forked_cleanpplib_linux/cleanpplib/cleanpp-gtest/build/TestBoundedNN" "--gtest_filter=BoundedNN.ClearZeroTest" "--gtest_also_run_disabled_tests"
Directory: /home/wwjanning400m/forked_cleanpplib_linux/cleanpplib/cleanpp-gtest/build
"BoundedNN.ClearZeroTest" start time: May 10 18:02 EDT
Output:
----------------------------------------------------------
Running main() from /home/wwjanning400m/forked_cleanpplib_linux/cleanpplib/cleanpp-gtest/build/_deps/googletest-src/googletest/src/gtest_main.cc
Note: Google Test filter = BoundedNN.ClearZeroTest
[==========] Running 1 test from 1 test suite.
[----------] Global test environment set-up.
[----------] 1 test from BoundedNN
[ RUN      ] BoundedNN.ClearZeroTest
[       OK ] BoundedNN.ClearZeroTest (0 ms)
[----------] 1 test from BoundedNN (0 ms total)

[----------] Global test environment tear-down
[==========] 1 test from 1 test suite ran. (0 ms total)
[  PASSED  ] 1 test.
<end of output>
Test time =   0.00 sec
----------------------------------------------------------
Test Passed.
"BoundedNN.ClearZeroTest" end time: May 10 18:02 EDT
"BoundedNN.ClearZeroTest" time elapsed: 00:00:00
----------------------------------------------------------

38/573 Testing: BoundedNN.ClearNonZeroTest
38/573 Test: BoundedNN.ClearNonZeroTest
Command: "/home/wwjanning400m/forked_cleanpplib_linux/cleanpplib/cleanpp-gtest/build/TestBoundedNN" "--gtest_filter=BoundedNN.ClearNonZeroTest" "--gtest_also_run_disabled_tests"
Directory: /home/wwjanning400m/forked_cleanpplib_linux/cleanpplib/cleanpp-gtest/build
"BoundedNN.ClearNonZeroTest" start time: May 10 18:02 EDT
Output:
----------------------------------------------------------
Running main() from /home/wwjanning400m/forked_cleanpplib_linux/cleanpplib/cleanpp-gtest/build/_deps/googletest-src/googletest/src/gtest_main.cc
Note: Google Test filter = BoundedNN.ClearNonZeroTest
[==========] Running 1 test from 1 test suite.
[----------] Global test environment set-up.
[----------] 1 test from BoundedNN
[ RUN      ] BoundedNN.ClearNonZeroTest
[       OK ] BoundedNN.ClearNonZeroTest (0 ms)
[----------] 1 test from BoundedNN (0 ms total)

[----------] Global test environment tear-down
[==========] 1 test from 1 test suite ran. (0 ms total)
[  PASSED  ] 1 test.
<end of output>
Test time =   0.00 sec
----------------------------------------------------------
Test Passed.
"BoundedNN.ClearNonZeroTest" end time: May 10 18:02 EDT
"BoundedNN.ClearNonZeroTest" time elapsed: 00:00:00
----------------------------------------------------------

39/573 Testing: BoundedNN.IncrementZeroTest
39/573 Test: BoundedNN.IncrementZeroTest
Command: "/home/wwjanning400m/forked_cleanpplib_linux/cleanpplib/cleanpp-gtest/build/TestBoundedNN" "--gtest_filter=BoundedNN.IncrementZeroTest" "--gtest_also_run_disabled_tests"
Directory: /home/wwjanning400m/forked_cleanpplib_linux/cleanpplib/cleanpp-gtest/build
"BoundedNN.IncrementZeroTest" start time: May 10 18:02 EDT
Output:
----------------------------------------------------------
Running main() from /home/wwjanning400m/forked_cleanpplib_linux/cleanpplib/cleanpp-gtest/build/_deps/googletest-src/googletest/src/gtest_main.cc
Note: Google Test filter = BoundedNN.IncrementZeroTest
[==========] Running 1 test from 1 test suite.
[----------] Global test environment set-up.
[----------] 1 test from BoundedNN
[ RUN      ] BoundedNN.IncrementZeroTest
[       OK ] BoundedNN.IncrementZeroTest (0 ms)
[----------] 1 test from BoundedNN (0 ms total)

[----------] Global test environment tear-down
[==========] 1 test from 1 test suite ran. (0 ms total)
[  PASSED  ] 1 test.
<end of output>
Test time =   0.00 sec
----------------------------------------------------------
Test Passed.
"BoundedNN.IncrementZeroTest" end time: May 10 18:02 EDT
"BoundedNN.IncrementZeroTest" time elapsed: 00:00:00
----------------------------------------------------------

40/573 Testing: BoundedNN.IncrementNineTest
40/573 Test: BoundedNN.IncrementNineTest
Command: "/home/wwjanning400m/forked_cleanpplib_linux/cleanpplib/cleanpp-gtest/build/TestBoundedNN" "--gtest_filter=BoundedNN.IncrementNineTest" "--gtest_also_run_disabled_tests"
Directory: /home/wwjanning400m/forked_cleanpplib_linux/cleanpplib/cleanpp-gtest/build
"BoundedNN.IncrementNineTest" start time: May 10 18:02 EDT
Output:
----------------------------------------------------------
Running main() from /home/wwjanning400m/forked_cleanpplib_linux/cleanpplib/cleanpp-gtest/build/_deps/googletest-src/googletest/src/gtest_main.cc
Note: Google Test filter = BoundedNN.IncrementNineTest
[==========] Running 1 test from 1 test suite.
[----------] Global test environment set-up.
[----------] 1 test from BoundedNN
[ RUN      ] BoundedNN.IncrementNineTest
[       OK ] BoundedNN.IncrementNineTest (0 ms)
[----------] 1 test from BoundedNN (0 ms total)

[----------] Global test environment tear-down
[==========] 1 test from 1 test suite ran. (0 ms total)
[  PASSED  ] 1 test.
<end of output>
Test time =   0.00 sec
----------------------------------------------------------
Test Passed.
"BoundedNN.IncrementNineTest" end time: May 10 18:02 EDT
"BoundedNN.IncrementNineTest" time elapsed: 00:00:00
----------------------------------------------------------

41/573 Testing: BoundedNN.IncrementFiveTest
41/573 Test: BoundedNN.IncrementFiveTest
Command: "/home/wwjanning400m/forked_cleanpplib_linux/cleanpplib/cleanpp-gtest/build/TestBoundedNN" "--gtest_filter=BoundedNN.IncrementFiveTest" "--gtest_also_run_disabled_tests"
Directory: /home/wwjanning400m/forked_cleanpplib_linux/cleanpplib/cleanpp-gtest/build
"BoundedNN.IncrementFiveTest" start time: May 10 18:02 EDT
Output:
----------------------------------------------------------
Running main() from /home/wwjanning400m/forked_cleanpplib_linux/cleanpplib/cleanpp-gtest/build/_deps/googletest-src/googletest/src/gtest_main.cc
Note: Google Test filter = BoundedNN.IncrementFiveTest
[==========] Running 1 test from 1 test suite.
[----------] Global test environment set-up.
[----------] 1 test from BoundedNN
[ RUN      ] BoundedNN.IncrementFiveTest
[       OK ] BoundedNN.IncrementFiveTest (0 ms)
[----------] 1 test from BoundedNN (0 ms total)

[----------] Global test environment tear-down
[==========] 1 test from 1 test suite ran. (0 ms total)
[  PASSED  ] 1 test.
<end of output>
Test time =   0.00 sec
----------------------------------------------------------
Test Passed.
"BoundedNN.IncrementFiveTest" end time: May 10 18:02 EDT
"BoundedNN.IncrementFiveTest" time elapsed: 00:00:00
----------------------------------------------------------

42/573 Testing: BoundedNN.DecrementOneTest
42/573 Test: BoundedNN.DecrementOneTest
Command: "/home/wwjanning400m/forked_cleanpplib_linux/cleanpplib/cleanpp-gtest/build/TestBoundedNN" "--gtest_filter=BoundedNN.DecrementOneTest" "--gtest_also_run_disabled_tests"
Directory: /home/wwjanning400m/forked_cleanpplib_linux/cleanpplib/cleanpp-gtest/build
"BoundedNN.DecrementOneTest" start time: May 10 18:02 EDT
Output:
----------------------------------------------------------
Running main() from /home/wwjanning400m/forked_cleanpplib_linux/cleanpplib/cleanpp-gtest/build/_deps/googletest-src/googletest/src/gtest_main.cc
Note: Google Test filter = BoundedNN.DecrementOneTest
[==========] Running 1 test from 1 test suite.
[----------] Global test environment set-up.
[----------] 1 test from BoundedNN
[ RUN      ] BoundedNN.DecrementOneTest
[       OK ] BoundedNN.DecrementOneTest (0 ms)
[----------] 1 test from BoundedNN (0 ms total)

[----------] Global test environment tear-down
[==========] 1 test from 1 test suite ran. (0 ms total)
[  PASSED  ] 1 test.
<end of output>
Test time =   0.00 sec
----------------------------------------------------------
Test Passed.
"BoundedNN.DecrementOneTest" end time: May 10 18:02 EDT
"BoundedNN.DecrementOneTest" time elapsed: 00:00:00
----------------------------------------------------------

43/573 Testing: BoundedNN.DecrementTenTest
43/573 Test: BoundedNN.DecrementTenTest
Command: "/home/wwjanning400m/forked_cleanpplib_linux/cleanpplib/cleanpp-gtest/build/TestBoundedNN" "--gtest_filter=BoundedNN.DecrementTenTest" "--gtest_also_run_disabled_tests"
Directory: /home/wwjanning400m/forked_cleanpplib_linux/cleanpplib/cleanpp-gtest/build
"BoundedNN.DecrementTenTest" start time: May 10 18:02 EDT
Output:
----------------------------------------------------------
Running main() from /home/wwjanning400m/forked_cleanpplib_linux/cleanpplib/cleanpp-gtest/build/_deps/googletest-src/googletest/src/gtest_main.cc
Note: Google Test filter = BoundedNN.DecrementTenTest
[==========] Running 1 test from 1 test suite.
[----------] Global test environment set-up.
[----------] 1 test from BoundedNN
[ RUN      ] BoundedNN.DecrementTenTest
[       OK ] BoundedNN.DecrementTenTest (0 ms)
[----------] 1 test from BoundedNN (0 ms total)

[----------] Global test environment tear-down
[==========] 1 test from 1 test suite ran. (0 ms total)
[  PASSED  ] 1 test.
<end of output>
Test time =   0.00 sec
----------------------------------------------------------
Test Passed.
"BoundedNN.DecrementTenTest" end time: May 10 18:02 EDT
"BoundedNN.DecrementTenTest" time elapsed: 00:00:00
----------------------------------------------------------

44/573 Testing: BoundedNN.DecrementFiveTest
44/573 Test: BoundedNN.DecrementFiveTest
Command: "/home/wwjanning400m/forked_cleanpplib_linux/cleanpplib/cleanpp-gtest/build/TestBoundedNN" "--gtest_filter=BoundedNN.DecrementFiveTest" "--gtest_also_run_disabled_tests"
Directory: /home/wwjanning400m/forked_cleanpplib_linux/cleanpplib/cleanpp-gtest/build
"BoundedNN.DecrementFiveTest" start time: May 10 18:02 EDT
Output:
----------------------------------------------------------
Running main() from /home/wwjanning400m/forked_cleanpplib_linux/cleanpplib/cleanpp-gtest/build/_deps/googletest-src/googletest/src/gtest_main.cc
Note: Google Test filter = BoundedNN.DecrementFiveTest
[==========] Running 1 test from 1 test suite.
[----------] Global test environment set-up.
[----------] 1 test from BoundedNN
[ RUN      ] BoundedNN.DecrementFiveTest
[       OK ] BoundedNN.DecrementFiveTest (0 ms)
[----------] 1 test from BoundedNN (0 ms total)

[----------] Global test environment tear-down
[==========] 1 test from 1 test suite ran. (0 ms total)
[  PASSED  ] 1 test.
<end of output>
Test time =   0.00 sec
----------------------------------------------------------
Test Passed.
"BoundedNN.DecrementFiveTest" end time: May 10 18:02 EDT
"BoundedNN.DecrementFiveTest" time elapsed: 00:00:00
----------------------------------------------------------

45/573 Testing: BoundedNN.MultRadZero_ZeroTest
45/573 Test: BoundedNN.MultRadZero_ZeroTest
Command: "/home/wwjanning400m/forked_cleanpplib_linux/cleanpplib/cleanpp-gtest/build/TestBoundedNN" "--gtest_filter=BoundedNN.MultRadZero_ZeroTest" "--gtest_also_run_disabled_tests"
Directory: /home/wwjanning400m/forked_cleanpplib_linux/cleanpplib/cleanpp-gtest/build
"BoundedNN.MultRadZero_ZeroTest" start time: May 10 18:02 EDT
Output:
----------------------------------------------------------
Running main() from /home/wwjanning400m/forked_cleanpplib_linux/cleanpplib/cleanpp-gtest/build/_deps/googletest-src/googletest/src/gtest_main.cc
Note: Google Test filter = BoundedNN.MultRadZero_ZeroTest
[==========] Running 1 test from 1 test suite.
[----------] Global test environment set-up.
[----------] 1 test from BoundedNN
[ RUN      ] BoundedNN.MultRadZero_ZeroTest
[       OK ] BoundedNN.MultRadZero_ZeroTest (0 ms)
[----------] 1 test from BoundedNN (0 ms total)

[----------] Global test environment tear-down
[==========] 1 test from 1 test suite ran. (0 ms total)
[  PASSED  ] 1 test.
<end of output>
Test time =   0.00 sec
----------------------------------------------------------
Test Passed.
"BoundedNN.MultRadZero_ZeroTest" end time: May 10 18:02 EDT
"BoundedNN.MultRadZero_ZeroTest" time elapsed: 00:00:00
----------------------------------------------------------

46/573 Testing: BoundedNN.MultRadZero_FiveTest
46/573 Test: BoundedNN.MultRadZero_FiveTest
Command: "/home/wwjanning400m/forked_cleanpplib_linux/cleanpplib/cleanpp-gtest/build/TestBoundedNN" "--gtest_filter=BoundedNN.MultRadZero_FiveTest" "--gtest_also_run_disabled_tests"
Directory: /home/wwjanning400m/forked_cleanpplib_linux/cleanpplib/cleanpp-gtest/build
"BoundedNN.MultRadZero_FiveTest" start time: May 10 18:02 EDT
Output:
----------------------------------------------------------
Running main() from /home/wwjanning400m/forked_cleanpplib_linux/cleanpplib/cleanpp-gtest/build/_deps/googletest-src/googletest/src/gtest_main.cc
Note: Google Test filter = BoundedNN.MultRadZero_FiveTest
[==========] Running 1 test from 1 test suite.
[----------] Global test environment set-up.
[----------] 1 test from BoundedNN
[ RUN      ] BoundedNN.MultRadZero_FiveTest
[       OK ] BoundedNN.MultRadZero_FiveTest (0 ms)
[----------] 1 test from BoundedNN (0 ms total)

[----------] Global test environment tear-down
[==========] 1 test from 1 test suite ran. (0 ms total)
[  PASSED  ] 1 test.
<end of output>
Test time =   0.00 sec
----------------------------------------------------------
Test Passed.
"BoundedNN.MultRadZero_FiveTest" end time: May 10 18:02 EDT
"BoundedNN.MultRadZero_FiveTest" time elapsed: 00:00:00
----------------------------------------------------------

47/573 Testing: BoundedNN.MultRadFive_ZeroTest
47/573 Test: BoundedNN.MultRadFive_ZeroTest
Command: "/home/wwjanning400m/forked_cleanpplib_linux/cleanpplib/cleanpp-gtest/build/TestBoundedNN" "--gtest_filter=BoundedNN.MultRadFive_ZeroTest" "--gtest_also_run_disabled_tests"
Directory: /home/wwjanning400m/forked_cleanpplib_linux/cleanpplib/cleanpp-gtest/build
"BoundedNN.MultRadFive_ZeroTest" start time: May 10 18:02 EDT
Output:
----------------------------------------------------------
Running main() from /home/wwjanning400m/forked_cleanpplib_linux/cleanpplib/cleanpp-gtest/build/_deps/googletest-src/googletest/src/gtest_main.cc
Note: Google Test filter = BoundedNN.MultRadFive_ZeroTest
[==========] Running 1 test from 1 test suite.
[----------] Global test environment set-up.
[----------] 1 test from BoundedNN
[ RUN      ] BoundedNN.MultRadFive_ZeroTest
[       OK ] BoundedNN.MultRadFive_ZeroTest (0 ms)
[----------] 1 test from BoundedNN (0 ms total)

[----------] Global test environment tear-down
[==========] 1 test from 1 test suite ran. (0 ms total)
[  PASSED  ] 1 test.
<end of output>
Test time =   0.00 sec
----------------------------------------------------------
Test Passed.
"BoundedNN.MultRadFive_ZeroTest" end time: May 10 18:02 EDT
"BoundedNN.MultRadFive_ZeroTest" time elapsed: 00:00:00
----------------------------------------------------------

48/573 Testing: BoundedNN.MultRadFive_FiveTest
48/573 Test: BoundedNN.MultRadFive_FiveTest
Command: "/home/wwjanning400m/forked_cleanpplib_linux/cleanpplib/cleanpp-gtest/build/TestBoundedNN" "--gtest_filter=BoundedNN.MultRadFive_FiveTest" "--gtest_also_run_disabled_tests"
Directory: /home/wwjanning400m/forked_cleanpplib_linux/cleanpplib/cleanpp-gtest/build
"BoundedNN.MultRadFive_FiveTest" start time: May 10 18:02 EDT
Output:
----------------------------------------------------------
Running main() from /home/wwjanning400m/forked_cleanpplib_linux/cleanpplib/cleanpp-gtest/build/_deps/googletest-src/googletest/src/gtest_main.cc
Note: Google Test filter = BoundedNN.MultRadFive_FiveTest
[==========] Running 1 test from 1 test suite.
[----------] Global test environment set-up.
[----------] 1 test from BoundedNN
[ RUN      ] BoundedNN.MultRadFive_FiveTest
[       OK ] BoundedNN.MultRadFive_FiveTest (0 ms)
[----------] 1 test from BoundedNN (0 ms total)

[----------] Global test environment tear-down
[==========] 1 test from 1 test suite ran. (0 ms total)
[  PASSED  ] 1 test.
<end of output>
Test time =   0.00 sec
----------------------------------------------------------
Test Passed.
"BoundedNN.MultRadFive_FiveTest" end time: May 10 18:02 EDT
"BoundedNN.MultRadFive_FiveTest" time elapsed: 00:00:00
----------------------------------------------------------

49/573 Testing: BoundedNN.DivRadZeroTest
49/573 Test: BoundedNN.DivRadZeroTest
Command: "/home/wwjanning400m/forked_cleanpplib_linux/cleanpplib/cleanpp-gtest/build/TestBoundedNN" "--gtest_filter=BoundedNN.DivRadZeroTest" "--gtest_also_run_disabled_tests"
Directory: /home/wwjanning400m/forked_cleanpplib_linux/cleanpplib/cleanpp-gtest/build
"BoundedNN.DivRadZeroTest" start time: May 10 18:02 EDT
Output:
----------------------------------------------------------
Running main() from /home/wwjanning400m/forked_cleanpplib_linux/cleanpplib/cleanpp-gtest/build/_deps/googletest-src/googletest/src/gtest_main.cc
Note: Google Test filter = BoundedNN.DivRadZeroTest
[==========] Running 1 test from 1 test suite.
[----------] Global test environment set-up.
[----------] 1 test from BoundedNN
[ RUN      ] BoundedNN.DivRadZeroTest
[       OK ] BoundedNN.DivRadZeroTest (0 ms)
[----------] 1 test from BoundedNN (0 ms total)

[----------] Global test environment tear-down
[==========] 1 test from 1 test suite ran. (0 ms total)
[  PASSED  ] 1 test.
<end of output>
Test time =   0.00 sec
----------------------------------------------------------
Test Passed.
"BoundedNN.DivRadZeroTest" end time: May 10 18:02 EDT
"BoundedNN.DivRadZeroTest" time elapsed: 00:00:00
----------------------------------------------------------

50/573 Testing: BoundedNN.DivRadFiveTest
50/573 Test: BoundedNN.DivRadFiveTest
Command: "/home/wwjanning400m/forked_cleanpplib_linux/cleanpplib/cleanpp-gtest/build/TestBoundedNN" "--gtest_filter=BoundedNN.DivRadFiveTest" "--gtest_also_run_disabled_tests"
Directory: /home/wwjanning400m/forked_cleanpplib_linux/cleanpplib/cleanpp-gtest/build
"BoundedNN.DivRadFiveTest" start time: May 10 18:02 EDT
Output:
----------------------------------------------------------
Running main() from /home/wwjanning400m/forked_cleanpplib_linux/cleanpplib/cleanpp-gtest/build/_deps/googletest-src/googletest/src/gtest_main.cc
Note: Google Test filter = BoundedNN.DivRadFiveTest
[==========] Running 1 test from 1 test suite.
[----------] Global test environment set-up.
[----------] 1 test from BoundedNN
[ RUN      ] BoundedNN.DivRadFiveTest
[       OK ] BoundedNN.DivRadFiveTest (0 ms)
[----------] 1 test from BoundedNN (0 ms total)

[----------] Global test environment tear-down
[==========] 1 test from 1 test suite ran. (0 ms total)
[  PASSED  ] 1 test.
<end of output>
Test time =   0.00 sec
----------------------------------------------------------
Test Passed.
"BoundedNN.DivRadFiveTest" end time: May 10 18:02 EDT
"BoundedNN.DivRadFiveTest" time elapsed: 00:00:00
----------------------------------------------------------

51/573 Testing: BoundedNN.DiveRadFiftyTest
51/573 Test: BoundedNN.DiveRadFiftyTest
Command: "/home/wwjanning400m/forked_cleanpplib_linux/cleanpplib/cleanpp-gtest/build/TestBoundedNN" "--gtest_filter=BoundedNN.DiveRadFiftyTest" "--gtest_also_run_disabled_tests"
Directory: /home/wwjanning400m/forked_cleanpplib_linux/cleanpplib/cleanpp-gtest/build
"BoundedNN.DiveRadFiftyTest" start time: May 10 18:02 EDT
Output:
----------------------------------------------------------
Running main() from /home/wwjanning400m/forked_cleanpplib_linux/cleanpplib/cleanpp-gtest/build/_deps/googletest-src/googletest/src/gtest_main.cc
Note: Google Test filter = BoundedNN.DiveRadFiftyTest
[==========] Running 1 test from 1 test suite.
[----------] Global test environment set-up.
[----------] 1 test from BoundedNN
[ RUN      ] BoundedNN.DiveRadFiftyTest
[       OK ] BoundedNN.DiveRadFiftyTest (0 ms)
[----------] 1 test from BoundedNN (0 ms total)

[----------] Global test environment tear-down
[==========] 1 test from 1 test suite ran. (0 ms total)
[  PASSED  ] 1 test.
<end of output>
Test time =   0.00 sec
----------------------------------------------------------
Test Passed.
"BoundedNN.DiveRadFiftyTest" end time: May 10 18:02 EDT
"BoundedNN.DiveRadFiftyTest" time elapsed: 00:00:00
----------------------------------------------------------

52/573 Testing: BoundedNN.DivRadFiftyFiveTest
52/573 Test: BoundedNN.DivRadFiftyFiveTest
Command: "/home/wwjanning400m/forked_cleanpplib_linux/cleanpplib/cleanpp-gtest/build/TestBoundedNN" "--gtest_filter=BoundedNN.DivRadFiftyFiveTest" "--gtest_also_run_disabled_tests"
Directory: /home/wwjanning400m/forked_cleanpplib_linux/cleanpplib/cleanpp-gtest/build
"BoundedNN.DivRadFiftyFiveTest" start time: May 10 18:02 EDT
Output:
----------------------------------------------------------
Running main() from /home/wwjanning400m/forked_cleanpplib_linux/cleanpplib/cleanpp-gtest/build/_deps/googletest-src/googletest/src/gtest_main.cc
Note: Google Test filter = BoundedNN.DivRadFiftyFiveTest
[==========] Running 1 test from 1 test suite.
[----------] Global test environment set-up.
[----------] 1 test from BoundedNN
[ RUN      ] BoundedNN.DivRadFiftyFiveTest
[       OK ] BoundedNN.DivRadFiftyFiveTest (0 ms)
[----------] 1 test from BoundedNN (0 ms total)

[----------] Global test environment tear-down
[==========] 1 test from 1 test suite ran. (0 ms total)
[  PASSED  ] 1 test.
<end of output>
Test time =   0.00 sec
----------------------------------------------------------
Test Passed.
"BoundedNN.DivRadFiftyFiveTest" end time: May 10 18:02 EDT
"BoundedNN.DivRadFiftyFiveTest" time elapsed: 00:00:00
----------------------------------------------------------

53/573 Testing: BoundedNN.AddZeroZeroTest
53/573 Test: BoundedNN.AddZeroZeroTest
Command: "/home/wwjanning400m/forked_cleanpplib_linux/cleanpplib/cleanpp-gtest/build/TestBoundedNN" "--gtest_filter=BoundedNN.AddZeroZeroTest" "--gtest_also_run_disabled_tests"
Directory: /home/wwjanning400m/forked_cleanpplib_linux/cleanpplib/cleanpp-gtest/build
"BoundedNN.AddZeroZeroTest" start time: May 10 18:02 EDT
Output:
----------------------------------------------------------
Running main() from /home/wwjanning400m/forked_cleanpplib_linux/cleanpplib/cleanpp-gtest/build/_deps/googletest-src/googletest/src/gtest_main.cc
Note: Google Test filter = BoundedNN.AddZeroZeroTest
[==========] Running 1 test from 1 test suite.
[----------] Global test environment set-up.
[----------] 1 test from BoundedNN
[ RUN      ] BoundedNN.AddZeroZeroTest
[       OK ] BoundedNN.AddZeroZeroTest (0 ms)
[----------] 1 test from BoundedNN (0 ms total)

[----------] Global test environment tear-down
[==========] 1 test from 1 test suite ran. (1 ms total)
[  PASSED  ] 1 test.
<end of output>
Test time =   0.00 sec
----------------------------------------------------------
Test Passed.
"BoundedNN.AddZeroZeroTest" end time: May 10 18:02 EDT
"BoundedNN.AddZeroZeroTest" time elapsed: 00:00:00
----------------------------------------------------------

54/573 Testing: BoundedNN.AddZeroFiveTest
54/573 Test: BoundedNN.AddZeroFiveTest
Command: "/home/wwjanning400m/forked_cleanpplib_linux/cleanpplib/cleanpp-gtest/build/TestBoundedNN" "--gtest_filter=BoundedNN.AddZeroFiveTest" "--gtest_also_run_disabled_tests"
Directory: /home/wwjanning400m/forked_cleanpplib_linux/cleanpplib/cleanpp-gtest/build
"BoundedNN.AddZeroFiveTest" start time: May 10 18:02 EDT
Output:
----------------------------------------------------------
Running main() from /home/wwjanning400m/forked_cleanpplib_linux/cleanpplib/cleanpp-gtest/build/_deps/googletest-src/googletest/src/gtest_main.cc
Note: Google Test filter = BoundedNN.AddZeroFiveTest
[==========] Running 1 test from 1 test suite.
[----------] Global test environment set-up.
[----------] 1 test from BoundedNN
[ RUN      ] BoundedNN.AddZeroFiveTest
[       OK ] BoundedNN.AddZeroFiveTest (1 ms)
[----------] 1 test from BoundedNN (1 ms total)

[----------] Global test environment tear-down
[==========] 1 test from 1 test suite ran. (1 ms total)
[  PASSED  ] 1 test.
<end of output>
Test time =   0.01 sec
----------------------------------------------------------
Test Passed.
"BoundedNN.AddZeroFiveTest" end time: May 10 18:02 EDT
"BoundedNN.AddZeroFiveTest" time elapsed: 00:00:00
----------------------------------------------------------

55/573 Testing: BoundedNN.AddFiveZeroTest
55/573 Test: BoundedNN.AddFiveZeroTest
Command: "/home/wwjanning400m/forked_cleanpplib_linux/cleanpplib/cleanpp-gtest/build/TestBoundedNN" "--gtest_filter=BoundedNN.AddFiveZeroTest" "--gtest_also_run_disabled_tests"
Directory: /home/wwjanning400m/forked_cleanpplib_linux/cleanpplib/cleanpp-gtest/build
"BoundedNN.AddFiveZeroTest" start time: May 10 18:02 EDT
Output:
----------------------------------------------------------
Running main() from /home/wwjanning400m/forked_cleanpplib_linux/cleanpplib/cleanpp-gtest/build/_deps/googletest-src/googletest/src/gtest_main.cc
Note: Google Test filter = BoundedNN.AddFiveZeroTest
[==========] Running 1 test from 1 test suite.
[----------] Global test environment set-up.
[----------] 1 test from BoundedNN
[ RUN      ] BoundedNN.AddFiveZeroTest
[       OK ] BoundedNN.AddFiveZeroTest (0 ms)
[----------] 1 test from BoundedNN (0 ms total)

[----------] Global test environment tear-down
[==========] 1 test from 1 test suite ran. (0 ms total)
[  PASSED  ] 1 test.
<end of output>
Test time =   0.00 sec
----------------------------------------------------------
Test Passed.
"BoundedNN.AddFiveZeroTest" end time: May 10 18:02 EDT
"BoundedNN.AddFiveZeroTest" time elapsed: 00:00:00
----------------------------------------------------------

56/573 Testing: BoundedNN.AddFourFourTest
56/573 Test: BoundedNN.AddFourFourTest
Command: "/home/wwjanning400m/forked_cleanpplib_linux/cleanpplib/cleanpp-gtest/build/TestBoundedNN" "--gtest_filter=BoundedNN.AddFourFourTest" "--gtest_also_run_disabled_tests"
Directory: /home/wwjanning400m/forked_cleanpplib_linux/cleanpplib/cleanpp-gtest/build
"BoundedNN.AddFourFourTest" start time: May 10 18:02 EDT
Output:
----------------------------------------------------------
Running main() from /home/wwjanning400m/forked_cleanpplib_linux/cleanpplib/cleanpp-gtest/build/_deps/googletest-src/googletest/src/gtest_main.cc
Note: Google Test filter = BoundedNN.AddFourFourTest
[==========] Running 1 test from 1 test suite.
[----------] Global test environment set-up.
[----------] 1 test from BoundedNN
[...]
"VectorInteger.Add67_Neg56Test" time elapsed: 00:00:00
----------------------------------------------------------

560/573 Testing: VectorInteger.SubtractZeroZeroTest
560/573 Test: VectorInteger.SubtractZeroZeroTest
Command: "/home/wwjanning400m/forked_cleanpplib_linux/cleanpplib/cleanpp-gtest/build/TestVectorInteger" "--gtest_filter=VectorInteger.SubtractZeroZeroTest" "--gtest_also_run_disabled_tests"
Directory: /home/wwjanning400m/forked_cleanpplib_linux/cleanpplib/cleanpp-gtest/build
"VectorInteger.SubtractZeroZeroTest" start time: May 10 18:02 EDT
Output:
----------------------------------------------------------
Running main() from /home/wwjanning400m/forked_cleanpplib_linux/cleanpplib/cleanpp-gtest/build/_deps/googletest-src/googletest/src/gtest_main.cc
Note: Google Test filter = VectorInteger.SubtractZeroZeroTest
[==========] Running 1 test from 1 test suite.
[----------] Global test environment set-up.
[----------] 1 test from VectorInteger
[ RUN      ] VectorInteger.SubtractZeroZeroTest
[       OK ] VectorInteger.SubtractZeroZeroTest (0 ms)
[----------] 1 test from VectorInteger (0 ms total)

[----------] Global test environment tear-down
[==========] 1 test from 1 test suite ran. (0 ms total)
[  PASSED  ] 1 test.
<end of output>
Test time =   0.00 sec
----------------------------------------------------------
Test Passed.
"VectorInteger.SubtractZeroZeroTest" end time: May 10 18:02 EDT
"VectorInteger.SubtractZeroZeroTest" time elapsed: 00:00:00
----------------------------------------------------------

561/573 Testing: VectorInteger.SubtractFiveZeroTest
561/573 Test: VectorInteger.SubtractFiveZeroTest
Command: "/home/wwjanning400m/forked_cleanpplib_linux/cleanpplib/cleanpp-gtest/build/TestVectorInteger" "--gtest_filter=VectorInteger.SubtractFiveZeroTest" "--gtest_also_run_disabled_tests"
Directory: /home/wwjanning400m/forked_cleanpplib_linux/cleanpplib/cleanpp-gtest/build
"VectorInteger.SubtractFiveZeroTest" start time: May 10 18:02 EDT
Output:
----------------------------------------------------------
Running main() from /home/wwjanning400m/forked_cleanpplib_linux/cleanpplib/cleanpp-gtest/build/_deps/googletest-src/googletest/src/gtest_main.cc
Note: Google Test filter = VectorInteger.SubtractFiveZeroTest
[==========] Running 1 test from 1 test suite.
[----------] Global test environment set-up.
[----------] 1 test from VectorInteger
[ RUN      ] VectorInteger.SubtractFiveZeroTest
[       OK ] VectorInteger.SubtractFiveZeroTest (0 ms)
[----------] 1 test from VectorInteger (0 ms total)

[----------] Global test environment tear-down
[==========] 1 test from 1 test suite ran. (0 ms total)
[  PASSED  ] 1 test.
<end of output>
Test time =   0.00 sec
----------------------------------------------------------
Test Passed.
"VectorInteger.SubtractFiveZeroTest" end time: May 10 18:02 EDT
"VectorInteger.SubtractFiveZeroTest" time elapsed: 00:00:00
----------------------------------------------------------

562/573 Testing: VectorInteger.SubtractFourFourTest
562/573 Test: VectorInteger.SubtractFourFourTest
Command: "/home/wwjanning400m/forked_cleanpplib_linux/cleanpplib/cleanpp-gtest/build/TestVectorInteger" "--gtest_filter=VectorInteger.SubtractFourFourTest" "--gtest_also_run_disabled_tests"
Directory: /home/wwjanning400m/forked_cleanpplib_linux/cleanpplib/cleanpp-gtest/build
"VectorInteger.SubtractFourFourTest" start time: May 10 18:02 EDT
Output:
----------------------------------------------------------
Running main() from /home/wwjanning400m/forked_cleanpplib_linux/cleanpplib/cleanpp-gtest/build/_deps/googletest-src/googletest/src/gtest_main.cc
Note: Google Test filter = VectorInteger.SubtractFourFourTest
[==========] Running 1 test from 1 test suite.
[----------] Global test environment set-up.
[----------] 1 test from VectorInteger
[ RUN      ] VectorInteger.SubtractFourFourTest
[       OK ] VectorInteger.SubtractFourFourTest (0 ms)
[----------] 1 test from VectorInteger (0 ms total)

[----------] Global test environment tear-down
[==========] 1 test from 1 test suite ran. (0 ms total)
[  PASSED  ] 1 test.
<end of output>
Test time =   0.00 sec
----------------------------------------------------------
Test Passed.
"VectorInteger.SubtractFourFourTest" end time: May 10 18:02 EDT
"VectorInteger.SubtractFourFourTest" time elapsed: 00:00:00
----------------------------------------------------------

563/573 Testing: VectorInteger.SubtractTenTenTest
563/573 Test: VectorInteger.SubtractTenTenTest
Command: "/home/wwjanning400m/forked_cleanpplib_linux/cleanpplib/cleanpp-gtest/build/TestVectorInteger" "--gtest_filter=VectorInteger.SubtractTenTenTest" "--gtest_also_run_disabled_tests"
Directory: /home/wwjanning400m/forked_cleanpplib_linux/cleanpplib/cleanpp-gtest/build
"VectorInteger.SubtractTenTenTest" start time: May 10 18:02 EDT
Output:
----------------------------------------------------------
Running main() from /home/wwjanning400m/forked_cleanpplib_linux/cleanpplib/cleanpp-gtest/build/_deps/googletest-src/googletest/src/gtest_main.cc
Note: Google Test filter = VectorInteger.SubtractTenTenTest
[==========] Running 1 test from 1 test suite.
[----------] Global test environment set-up.
[----------] 1 test from VectorInteger
[ RUN      ] VectorInteger.SubtractTenTenTest
[       OK ] VectorInteger.SubtractTenTenTest (0 ms)
[----------] 1 test from VectorInteger (0 ms total)

[----------] Global test environment tear-down
[==========] 1 test from 1 test suite ran. (0 ms total)
[  PASSED  ] 1 test.
<end of output>
Test time =   0.00 sec
----------------------------------------------------------
Test Passed.
"VectorInteger.SubtractTenTenTest" end time: May 10 18:02 EDT
"VectorInteger.SubtractTenTenTest" time elapsed: 00:00:00
----------------------------------------------------------

564/573 Testing: VectorInteger.Subtract77_66Test
564/573 Test: VectorInteger.Subtract77_66Test
Command: "/home/wwjanning400m/forked_cleanpplib_linux/cleanpplib/cleanpp-gtest/build/TestVectorInteger" "--gtest_filter=VectorInteger.Subtract77_66Test" "--gtest_also_run_disabled_tests"
Directory: /home/wwjanning400m/forked_cleanpplib_linux/cleanpplib/cleanpp-gtest/build
"VectorInteger.Subtract77_66Test" start time: May 10 18:02 EDT
Output:
----------------------------------------------------------
Running main() from /home/wwjanning400m/forked_cleanpplib_linux/cleanpplib/cleanpp-gtest/build/_deps/googletest-src/googletest/src/gtest_main.cc
Note: Google Test filter = VectorInteger.Subtract77_66Test
[==========] Running 1 test from 1 test suite.
[----------] Global test environment set-up.
[----------] 1 test from VectorInteger
[ RUN      ] VectorInteger.Subtract77_66Test
[       OK ] VectorInteger.Subtract77_66Test (0 ms)
[----------] 1 test from VectorInteger (0 ms total)

[----------] Global test environment tear-down
[==========] 1 test from 1 test suite ran. (1 ms total)
[  PASSED  ] 1 test.
<end of output>
Test time =   0.00 sec
----------------------------------------------------------
Test Passed.
"VectorInteger.Subtract77_66Test" end time: May 10 18:02 EDT
"VectorInteger.Subtract77_66Test" time elapsed: 00:00:00
----------------------------------------------------------

565/573 Testing: VectorInteger.Subtract77_6Test
565/573 Test: VectorInteger.Subtract77_6Test
Command: "/home/wwjanning400m/forked_cleanpplib_linux/cleanpplib/cleanpp-gtest/build/TestVectorInteger" "--gtest_filter=VectorInteger.Subtract77_6Test" "--gtest_also_run_disabled_tests"
Directory: /home/wwjanning400m/forked_cleanpplib_linux/cleanpplib/cleanpp-gtest/build
"VectorInteger.Subtract77_6Test" start time: May 10 18:02 EDT
Output:
----------------------------------------------------------
Running main() from /home/wwjanning400m/forked_cleanpplib_linux/cleanpplib/cleanpp-gtest/build/_deps/googletest-src/googletest/src/gtest_main.cc
Note: Google Test filter = VectorInteger.Subtract77_6Test
[==========] Running 1 test from 1 test suite.
[----------] Global test environment set-up.
[----------] 1 test from VectorInteger
[ RUN      ] VectorInteger.Subtract77_6Test
[       OK ] VectorInteger.Subtract77_6Test (0 ms)
[----------] 1 test from VectorInteger (0 ms total)

[----------] Global test environment tear-down
[==========] 1 test from 1 test suite ran. (0 ms total)
[  PASSED  ] 1 test.
<end of output>
Test time =   0.00 sec
----------------------------------------------------------
Test Passed.
"VectorInteger.Subtract77_6Test" end time: May 10 18:02 EDT
"VectorInteger.Subtract77_6Test" time elapsed: 00:00:00
----------------------------------------------------------

566/573 Testing: VectorInteger.Subtract71_66Test
566/573 Test: VectorInteger.Subtract71_66Test
Command: "/home/wwjanning400m/forked_cleanpplib_linux/cleanpplib/cleanpp-gtest/build/TestVectorInteger" "--gtest_filter=VectorInteger.Subtract71_66Test" "--gtest_also_run_disabled_tests"
Directory: /home/wwjanning400m/forked_cleanpplib_linux/cleanpplib/cleanpp-gtest/build
"VectorInteger.Subtract71_66Test" start time: May 10 18:02 EDT
Output:
----------------------------------------------------------
Running main() from /home/wwjanning400m/forked_cleanpplib_linux/cleanpplib/cleanpp-gtest/build/_deps/googletest-src/googletest/src/gtest_main.cc
Note: Google Test filter = VectorInteger.Subtract71_66Test
[==========] Running 1 test from 1 test suite.
[----------] Global test environment set-up.
[----------] 1 test from VectorInteger
[ RUN      ] VectorInteger.Subtract71_66Test
[       OK ] VectorInteger.Subtract71_66Test (0 ms)
[----------] 1 test from VectorInteger (0 ms total)

[----------] Global test environment tear-down
[==========] 1 test from 1 test suite ran. (0 ms total)
[  PASSED  ] 1 test.
<end of output>
Test time =   0.00 sec
----------------------------------------------------------
Test Passed.
"VectorInteger.Subtract71_66Test" end time: May 10 18:02 EDT
"VectorInteger.Subtract71_66Test" time elapsed: 00:00:00
----------------------------------------------------------

567/573 Testing: VectorInteger.Subtract3_4Test
567/573 Test: VectorInteger.Subtract3_4Test
Command: "/home/wwjanning400m/forked_cleanpplib_linux/cleanpplib/cleanpp-gtest/build/TestVectorInteger" "--gtest_filter=VectorInteger.Subtract3_4Test" "--gtest_also_run_disabled_tests"
Directory: /home/wwjanning400m/forked_cleanpplib_linux/cleanpplib/cleanpp-gtest/build
"VectorInteger.Subtract3_4Test" start time: May 10 18:02 EDT
Output:
----------------------------------------------------------
Running main() from /home/wwjanning400m/forked_cleanpplib_linux/cleanpplib/cleanpp-gtest/build/_deps/googletest-src/googletest/src/gtest_main.cc
Note: Google Test filter = VectorInteger.Subtract3_4Test
[==========] Running 1 test from 1 test suite.
[----------] Global test environment set-up.
[----------] 1 test from VectorInteger
[ RUN      ] VectorInteger.Subtract3_4Test
[       OK ] VectorInteger.Subtract3_4Test (0 ms)
[----------] 1 test from VectorInteger (0 ms total)

[----------] Global test environment tear-down
[==========] 1 test from 1 test suite ran. (0 ms total)
[  PASSED  ] 1 test.
<end of output>
Test time =   0.00 sec
----------------------------------------------------------
Test Passed.
"VectorInteger.Subtract3_4Test" end time: May 10 18:02 EDT
"VectorInteger.Subtract3_4Test" time elapsed: 00:00:00
----------------------------------------------------------

568/573 Testing: VectorInteger.SubtractNegFiveZeroTest
568/573 Test: VectorInteger.SubtractNegFiveZeroTest
Command: "/home/wwjanning400m/forked_cleanpplib_linux/cleanpplib/cleanpp-gtest/build/TestVectorInteger" "--gtest_filter=VectorInteger.SubtractNegFiveZeroTest" "--gtest_also_run_disabled_tests"
Directory: /home/wwjanning400m/forked_cleanpplib_linux/cleanpplib/cleanpp-gtest/build
"VectorInteger.SubtractNegFiveZeroTest" start time: May 10 18:02 EDT
Output:
----------------------------------------------------------
Running main() from /home/wwjanning400m/forked_cleanpplib_linux/cleanpplib/cleanpp-gtest/build/_deps/googletest-src/googletest/src/gtest_main.cc
Note: Google Test filter = VectorInteger.SubtractNegFiveZeroTest
[==========] Running 1 test from 1 test suite.
[----------] Global test environment set-up.
[----------] 1 test from VectorInteger
[ RUN      ] VectorInteger.SubtractNegFiveZeroTest
[       OK ] VectorInteger.SubtractNegFiveZeroTest (0 ms)
[----------] 1 test from VectorInteger (0 ms total)

[----------] Global test environment tear-down
[==========] 1 test from 1 test suite ran. (0 ms total)
[  PASSED  ] 1 test.
<end of output>
Test time =   0.00 sec
----------------------------------------------------------
Test Passed.
"VectorInteger.SubtractNegFiveZeroTest" end time: May 10 18:02 EDT
"VectorInteger.SubtractNegFiveZeroTest" time elapsed: 00:00:00
----------------------------------------------------------

569/573 Testing: VectorInteger.SubtractFourNegFourTest
569/573 Test: VectorInteger.SubtractFourNegFourTest
Command: "/home/wwjanning400m/forked_cleanpplib_linux/cleanpplib/cleanpp-gtest/build/TestVectorInteger" "--gtest_filter=VectorInteger.SubtractFourNegFourTest" "--gtest_also_run_disabled_tests"
Directory: /home/wwjanning400m/forked_cleanpplib_linux/cleanpplib/cleanpp-gtest/build
"VectorInteger.SubtractFourNegFourTest" start time: May 10 18:02 EDT
Output:
----------------------------------------------------------
Running main() from /home/wwjanning400m/forked_cleanpplib_linux/cleanpplib/cleanpp-gtest/build/_deps/googletest-src/googletest/src/gtest_main.cc
Note: Google Test filter = VectorInteger.SubtractFourNegFourTest
[==========] Running 1 test from 1 test suite.
[----------] Global test environment set-up.
[----------] 1 test from VectorInteger
[ RUN      ] VectorInteger.SubtractFourNegFourTest
[       OK ] VectorInteger.SubtractFourNegFourTest (0 ms)
[----------] 1 test from VectorInteger (0 ms total)

[----------] Global test environment tear-down
[==========] 1 test from 1 test suite ran. (0 ms total)
[  PASSED  ] 1 test.
<end of output>
Test time =   0.00 sec
----------------------------------------------------------
Test Passed.
"VectorInteger.SubtractFourNegFourTest" end time: May 10 18:02 EDT
"VectorInteger.SubtractFourNegFourTest" time elapsed: 00:00:00
----------------------------------------------------------

570/573 Testing: VectorInteger.SubtractNegFourNegFourTest
570/573 Test: VectorInteger.SubtractNegFourNegFourTest
Command: "/home/wwjanning400m/forked_cleanpplib_linux/cleanpplib/cleanpp-gtest/build/TestVectorInteger" "--gtest_filter=VectorInteger.SubtractNegFourNegFourTest" "--gtest_also_run_disabled_tests"
Directory: /home/wwjanning400m/forked_cleanpplib_linux/cleanpplib/cleanpp-gtest/build
"VectorInteger.SubtractNegFourNegFourTest" start time: May 10 18:02 EDT
Output:
----------------------------------------------------------
Running main() from /home/wwjanning400m/forked_cleanpplib_linux/cleanpplib/cleanpp-gtest/build/_deps/googletest-src/googletest/src/gtest_main.cc
Note: Google Test filter = VectorInteger.SubtractNegFourNegFourTest
[==========] Running 1 test from 1 test suite.
[----------] Global test environment set-up.
[----------] 1 test from VectorInteger
[ RUN      ] VectorInteger.SubtractNegFourNegFourTest
[       OK ] VectorInteger.SubtractNegFourNegFourTest (0 ms)
[----------] 1 test from VectorInteger (0 ms total)

[----------] Global test environment tear-down
[==========] 1 test from 1 test suite ran. (0 ms total)
[  PASSED  ] 1 test.
<end of output>
Test time =   0.00 sec
----------------------------------------------------------
Test Passed.
"VectorInteger.SubtractNegFourNegFourTest" end time: May 10 18:02 EDT
"VectorInteger.SubtractNegFourNegFourTest" time elapsed: 00:00:00
----------------------------------------------------------

571/573 Testing: VectorInteger.Subtract77_Neg66Test
571/573 Test: VectorInteger.Subtract77_Neg66Test
Command: "/home/wwjanning400m/forked_cleanpplib_linux/cleanpplib/cleanpp-gtest/build/TestVectorInteger" "--gtest_filter=VectorInteger.Subtract77_Neg66Test" "--gtest_also_run_disabled_tests"
Directory: /home/wwjanning400m/forked_cleanpplib_linux/cleanpplib/cleanpp-gtest/build
"VectorInteger.Subtract77_Neg66Test" start time: May 10 18:02 EDT
Output:
----------------------------------------------------------
Running main() from /home/wwjanning400m/forked_cleanpplib_linux/cleanpplib/cleanpp-gtest/build/_deps/googletest-src/googletest/src/gtest_main.cc
Note: Google Test filter = VectorInteger.Subtract77_Neg66Test
[==========] Running 1 test from 1 test suite.
[----------] Global test environment set-up.
[----------] 1 test from VectorInteger
[ RUN      ] VectorInteger.Subtract77_Neg66Test
[       OK ] VectorInteger.Subtract77_Neg66Test (0 ms)
[----------] 1 test from VectorInteger (0 ms total)

[----------] Global test environment tear-down
[==========] 1 test from 1 test suite ran. (0 ms total)
[  PASSED  ] 1 test.
<end of output>
Test time =   0.00 sec
----------------------------------------------------------
Test Passed.
"VectorInteger.Subtract77_Neg66Test" end time: May 10 18:02 EDT
"VectorInteger.Subtract77_Neg66Test" time elapsed: 00:00:00
----------------------------------------------------------

572/573 Testing: VectorInteger.SubtractNeg77_66Test
572/573 Test: VectorInteger.SubtractNeg77_66Test
Command: "/home/wwjanning400m/forked_cleanpplib_linux/cleanpplib/cleanpp-gtest/build/TestVectorInteger" "--gtest_filter=VectorInteger.SubtractNeg77_66Test" "--gtest_also_run_disabled_tests"
Directory: /home/wwjanning400m/forked_cleanpplib_linux/cleanpplib/cleanpp-gtest/build
"VectorInteger.SubtractNeg77_66Test" start time: May 10 18:02 EDT
Output:
----------------------------------------------------------
Running main() from /home/wwjanning400m/forked_cleanpplib_linux/cleanpplib/cleanpp-gtest/build/_deps/googletest-src/googletest/src/gtest_main.cc
Note: Google Test filter = VectorInteger.SubtractNeg77_66Test
[==========] Running 1 test from 1 test suite.
[----------] Global test environment set-up.
[----------] 1 test from VectorInteger
[ RUN      ] VectorInteger.SubtractNeg77_66Test
[       OK ] VectorInteger.SubtractNeg77_66Test (0 ms)
[----------] 1 test from VectorInteger (0 ms total)

[----------] Global test environment tear-down
[==========] 1 test from 1 test suite ran. (0 ms total)
[  PASSED  ] 1 test.
<end of output>
Test time =   0.00 sec
----------------------------------------------------------
Test Passed.
"VectorInteger.SubtractNeg77_66Test" end time: May 10 18:02 EDT
"VectorInteger.SubtractNeg77_66Test" time elapsed: 00:00:00
----------------------------------------------------------

573/573 Testing: VectorInteger.Subtract1_2Test
573/573 Test: VectorInteger.Subtract1_2Test
Command: "/home/wwjanning400m/forked_cleanpplib_linux/cleanpplib/cleanpp-gtest/build/TestVectorInteger" "--gtest_filter=VectorInteger.Subtract1_2Test" "--gtest_also_run_disabled_tests"
Directory: /home/wwjanning400m/forked_cleanpplib_linux/cleanpplib/cleanpp-gtest/build
"VectorInteger.Subtract1_2Test" start time: May 10 18:02 EDT
Output:
----------------------------------------------------------
Running main() from /home/wwjanning400m/forked_cleanpplib_linux/cleanpplib/cleanpp-gtest/build/_deps/googletest-src/googletest/src/gtest_main.cc
Note: Google Test filter = VectorInteger.Subtract1_2Test
[==========] Running 1 test from 1 test suite.
[----------] Global test environment set-up.
[----------] 1 test from VectorInteger
[ RUN      ] VectorInteger.Subtract1_2Test
[       OK ] VectorInteger.Subtract1_2Test (0 ms)
[----------] 1 test from VectorInteger (0 ms total)

[----------] Global test environment tear-down
[==========] 1 test from 1 test suite ran. (0 ms total)
[  PASSED  ] 1 test.
<end of output>
Test time =   0.00 sec
----------------------------------------------------------
Test Passed.
"VectorInteger.Subtract1_2Test" end time: May 10 18:02 EDT
"VectorInteger.Subtract1_2Test" time elapsed: 00:00:00
----------------------------------------------------------

End testing: May 10 18:02 EDT
